{"/Users/jualfelsantamaria/Documents/Saas/V1.03/FOOD-INVENTORY-SAAS-COMPLETO/food-inventory-saas/src/app.controller.ts": {"path":"/Users/jualfelsantamaria/Documents/Saas/V1.03/FOOD-INVENTORY-SAAS-COMPLETO/food-inventory-saas/src/app.controller.ts","statementMap":{"0":{"start":{"line":1,"column":0},"end":{"line":1,"column":49}},"1":{"start":{"line":2,"column":0},"end":{"line":2,"column":69}},"2":{"start":{"line":3,"column":0},"end":{"line":3,"column":43}},"3":{"start":{"line":4,"column":0},"end":{"line":4,"column":55}},"4":{"start":{"line":8,"column":7},"end":{"line":26,"column":null}},"5":{"start":{"line":9,"column":31},"end":{"line":9,"column":43}},"6":{"start":{"line":16,"column":4},"end":{"line":16,"column":38}},"7":{"start":{"line":24,"column":4},"end":{"line":24,"column":39}},"8":{"start":{"line":8,"column":13},"end":{"line":8,"column":26}},"9":{"start":{"line":15,"column":2},"end":{"line":17,"column":null}},"10":{"start":{"line":23,"column":2},"end":{"line":25,"column":null}},"11":{"start":{"line":8,"column":13},"end":{"line":26,"column":null}}},"fnMap":{"0":{"name":"(anonymous_2)","decl":{"start":{"line":9,"column":2},"end":{"line":9,"column":31}},"loc":{"start":{"line":9,"column":53},"end":{"line":9,"column":57}}},"1":{"name":"(anonymous_3)","decl":{"start":{"line":15,"column":2},"end":{"line":15,"column":10}},"loc":{"start":{"line":15,"column":10},"end":{"line":17,"column":3}}},"2":{"name":"(anonymous_4)","decl":{"start":{"line":23,"column":2},"end":{"line":23,"column":11}},"loc":{"start":{"line":23,"column":11},"end":{"line":25,"column":3}}}},"branchMap":{},"s":{"0":0,"1":0,"2":0,"3":0,"4":0,"5":0,"6":0,"7":0,"8":0,"9":0,"10":0,"11":0},"f":{"0":0,"1":0,"2":0},"b":{}}
,"/Users/jualfelsantamaria/Documents/Saas/V1.03/FOOD-INVENTORY-SAAS-COMPLETO/food-inventory-saas/src/app.module.ts": {"path":"/Users/jualfelsantamaria/Documents/Saas/V1.03/FOOD-INVENTORY-SAAS-COMPLETO/food-inventory-saas/src/app.module.ts","statementMap":{"0":{"start":{"line":1,"column":0},"end":{"line":1,"column":40}},"1":{"start":{"line":2,"column":0},"end":{"line":2,"column":61}},"2":{"start":{"line":3,"column":0},"end":{"line":3,"column":50}},"3":{"start":{"line":4,"column":0},"end":{"line":4,"column":68}},"4":{"start":{"line":5,"column":0},"end":{"line":5,"column":41}},"5":{"start":{"line":6,"column":0},"end":{"line":6,"column":49}},"6":{"start":{"line":7,"column":0},"end":{"line":7,"column":43}},"7":{"start":{"line":8,"column":0},"end":{"line":8,"column":48}},"8":{"start":{"line":9,"column":0},"end":{"line":9,"column":74}},"9":{"start":{"line":10,"column":0},"end":{"line":10,"column":68}},"10":{"start":{"line":11,"column":0},"end":{"line":11,"column":71}},"11":{"start":{"line":12,"column":0},"end":{"line":12,"column":62}},"12":{"start":{"line":13,"column":0},"end":{"line":13,"column":71}},"13":{"start":{"line":14,"column":0},"end":{"line":14,"column":65}},"14":{"start":{"line":15,"column":0},"end":{"line":15,"column":68}},"15":{"start":{"line":16,"column":0},"end":{"line":16,"column":71}},"16":{"start":{"line":17,"column":0},"end":{"line":17,"column":62}},"17":{"start":{"line":18,"column":0},"end":{"line":18,"column":71}},"18":{"start":{"line":19,"column":0},"end":{"line":19,"column":71}},"19":{"start":{"line":20,"column":0},"end":{"line":20,"column":74}},"20":{"start":{"line":21,"column":0},"end":{"line":21,"column":47}},"21":{"start":{"line":22,"column":0},"end":{"line":22,"column":55}},"22":{"start":{"line":23,"column":0},"end":{"line":23,"column":49}},"23":{"start":{"line":24,"column":0},"end":{"line":24,"column":68}},"24":{"start":{"line":25,"column":0},"end":{"line":25,"column":97}},"25":{"start":{"line":26,"column":0},"end":{"line":26,"column":65}},"26":{"start":{"line":27,"column":0},"end":{"line":27,"column":59}},"27":{"start":{"line":28,"column":0},"end":{"line":28,"column":77}},"28":{"start":{"line":29,"column":0},"end":{"line":29,"column":54}},"29":{"start":{"line":30,"column":0},"end":{"line":30,"column":62}},"30":{"start":{"line":31,"column":0},"end":{"line":31,"column":71}},"31":{"start":{"line":32,"column":0},"end":{"line":32,"column":56}},"32":{"start":{"line":33,"column":0},"end":{"line":33,"column":68}},"33":{"start":{"line":34,"column":0},"end":{"line":34,"column":97}},"34":{"start":{"line":35,"column":0},"end":{"line":35,"column":65}},"35":{"start":{"line":36,"column":0},"end":{"line":36,"column":59}},"36":{"start":{"line":37,"column":0},"end":{"line":37,"column":62}},"37":{"start":{"line":38,"column":0},"end":{"line":38,"column":68}},"38":{"start":{"line":39,"column":0},"end":{"line":39,"column":82}},"39":{"start":{"line":115,"column":7},"end":{"line":115,"column":null}},"40":{"start":{"line":115,"column":13},"end":{"line":115,"column":22}},"41":{"start":{"line":115,"column":13},"end":{"line":115,"column":null}},"42":{"start":{"line":49,"column":20},"end":{"line":49,"column":60}},"43":{"start":{"line":50,"column":8},"end":{"line":50,"column":65}},"44":{"start":{"line":51,"column":8},"end":{"line":51,"column":23}}},"fnMap":{"0":{"name":"(anonymous_1)","decl":{"start":{"line":48,"column":18},"end":{"line":48,"column":23}},"loc":{"start":{"line":48,"column":57},"end":{"line":52,"column":7}}}},"branchMap":{},"s":{"0":0,"1":0,"2":0,"3":0,"4":0,"5":0,"6":0,"7":0,"8":0,"9":0,"10":0,"11":0,"12":0,"13":0,"14":0,"15":0,"16":0,"17":0,"18":0,"19":0,"20":0,"21":0,"22":0,"23":0,"24":0,"25":0,"26":0,"27":0,"28":0,"29":0,"30":0,"31":0,"32":0,"33":0,"34":0,"35":0,"36":0,"37":0,"38":0,"39":0,"40":0,"41":0,"42":0,"43":0,"44":0},"f":{"0":0},"b":{}}
,"/Users/jualfelsantamaria/Documents/Saas/V1.03/FOOD-INVENTORY-SAAS-COMPLETO/food-inventory-saas/src/app.service.ts": {"path":"/Users/jualfelsantamaria/Documents/Saas/V1.03/FOOD-INVENTORY-SAAS-COMPLETO/food-inventory-saas/src/app.service.ts","statementMap":{"0":{"start":{"line":1,"column":0},"end":{"line":1,"column":44}},"1":{"start":{"line":4,"column":7},"end":{"line":29,"column":null}},"2":{"start":{"line":6,"column":4},"end":{"line":13,"column":6}},"3":{"start":{"line":17,"column":4},"end":{"line":27,"column":6}},"4":{"start":{"line":4,"column":13},"end":{"line":4,"column":23}},"5":{"start":{"line":4,"column":13},"end":{"line":29,"column":null}}},"fnMap":{"0":{"name":"(anonymous_1)","decl":{"start":{"line":5,"column":2},"end":{"line":5,"column":10}},"loc":{"start":{"line":5,"column":10},"end":{"line":14,"column":3}}},"1":{"name":"(anonymous_2)","decl":{"start":{"line":16,"column":2},"end":{"line":16,"column":11}},"loc":{"start":{"line":16,"column":11},"end":{"line":28,"column":3}}}},"branchMap":{"0":{"loc":{"start":{"line":11,"column":19},"end":{"line":11,"column":56}},"type":"binary-expr","locations":[{"start":{"line":11,"column":19},"end":{"line":11,"column":39}},{"start":{"line":11,"column":43},"end":{"line":11,"column":56}}]}},"s":{"0":0,"1":0,"2":0,"3":0,"4":0,"5":0},"f":{"0":0,"1":0},"b":{"0":[0,0]}}
,"/Users/jualfelsantamaria/Documents/Saas/V1.03/FOOD-INVENTORY-SAAS-COMPLETO/food-inventory-saas/src/main-demo-fixed.ts": {"path":"/Users/jualfelsantamaria/Documents/Saas/V1.03/FOOD-INVENTORY-SAAS-COMPLETO/food-inventory-saas/src/main-demo-fixed.ts","statementMap":{"0":{"start":{"line":1,"column":0},"end":{"line":1,"column":43}},"1":{"start":{"line":2,"column":0},"end":{"line":2,"column":48}},"2":{"start":{"line":3,"column":0},"end":{"line":3,"column":65}},"3":{"start":{"line":4,"column":0},"end":{"line":4,"column":57}},"4":{"start":{"line":5,"column":0},"end":{"line":5,"column":46}},"5":{"start":{"line":6,"column":0},"end":{"line":6,"column":28}},"6":{"start":{"line":7,"column":0},"end":{"line":7,"column":43}},"7":{"start":{"line":10,"column":0},"end":{"line":196,"column":null}},"8":{"start":{"line":13,"column":4},"end":{"line":58,"column":6}},"9":{"start":{"line":63,"column":4},"end":{"line":75,"column":6}},"10":{"start":{"line":80,"column":4},"end":{"line":125,"column":6}},"11":{"start":{"line":130,"column":4},"end":{"line":194,"column":6}},"12":{"start":{"line":12,"column":2},"end":{"line":59,"column":null}},"13":{"start":{"line":62,"column":2},"end":{"line":76,"column":null}},"14":{"start":{"line":79,"column":2},"end":{"line":126,"column":null}},"15":{"start":{"line":129,"column":2},"end":{"line":195,"column":null}},"16":{"start":{"line":10,"column":6},"end":{"line":196,"column":null}},"17":{"start":{"line":200,"column":0},"end":{"line":224,"column":null}},"18":{"start":{"line":203,"column":4},"end":{"line":222,"column":6}},"19":{"start":{"line":202,"column":2},"end":{"line":223,"column":null}},"20":{"start":{"line":200,"column":6},"end":{"line":224,"column":null}},"21":{"start":{"line":234,"column":0},"end":{"line":234,"column":null}},"22":{"start":{"line":234,"column":6},"end":{"line":234,"column":null}},"23":{"start":{"line":237,"column":14},"end":{"line":237,"column":53}},"24":{"start":{"line":240,"column":2},"end":{"line":240,"column":20}},"25":{"start":{"line":241,"column":2},"end":{"line":241,"column":25}},"26":{"start":{"line":242,"column":2},"end":{"line":242,"column":19}},"27":{"start":{"line":245,"column":2},"end":{"line":250,"column":4}},"28":{"start":{"line":253,"column":2},"end":{"line":255,"column":5}},"29":{"start":{"line":258,"column":17},"end":{"line":265,"column":12}},"30":{"start":{"line":266,"column":19},"end":{"line":266,"column":60}},"31":{"start":{"line":267,"column":2},"end":{"line":267,"column":49}},"32":{"start":{"line":270,"column":15},"end":{"line":270,"column":39}},"33":{"start":{"line":271,"column":2},"end":{"line":271,"column":36}},"34":{"start":{"line":272,"column":2},"end":{"line":272,"column":69}},"35":{"start":{"line":273,"column":2},"end":{"line":273,"column":52}},"36":{"start":{"line":274,"column":2},"end":{"line":274,"column":73}},"37":{"start":{"line":275,"column":2},"end":{"line":275,"column":73}},"38":{"start":{"line":276,"column":2},"end":{"line":278,"column":4}},"39":{"start":{"line":281,"column":0},"end":{"line":283,"column":3}},"40":{"start":{"line":282,"column":2},"end":{"line":282,"column":52}}},"fnMap":{"0":{"name":"(anonymous_2)","decl":{"start":{"line":12,"column":2},"end":{"line":12,"column":10}},"loc":{"start":{"line":12,"column":10},"end":{"line":59,"column":3}}},"1":{"name":"(anonymous_3)","decl":{"start":{"line":62,"column":2},"end":{"line":62,"column":11}},"loc":{"start":{"line":62,"column":11},"end":{"line":76,"column":3}}},"2":{"name":"(anonymous_4)","decl":{"start":{"line":79,"column":2},"end":{"line":79,"column":18}},"loc":{"start":{"line":79,"column":18},"end":{"line":126,"column":3}}},"3":{"name":"(anonymous_5)","decl":{"start":{"line":129,"column":2},"end":{"line":129,"column":12}},"loc":{"start":{"line":129,"column":12},"end":{"line":195,"column":3}}},"4":{"name":"(anonymous_6)","decl":{"start":{"line":202,"column":2},"end":{"line":202,"column":9}},"loc":{"start":{"line":202,"column":9},"end":{"line":223,"column":3}}},"5":{"name":"bootstrap","decl":{"start":{"line":236,"column":15},"end":{"line":236,"column":24}},"loc":{"start":{"line":236,"column":24},"end":{"line":279,"column":1}}},"6":{"name":"(anonymous_8)","decl":{"start":{"line":281,"column":18},"end":{"line":281,"column":19}},"loc":{"start":{"line":281,"column":26},"end":{"line":283,"column":1}}}},"branchMap":{"0":{"loc":{"start":{"line":270,"column":15},"end":{"line":270,"column":39}},"type":"binary-expr","locations":[{"start":{"line":270,"column":15},"end":{"line":270,"column":31}},{"start":{"line":270,"column":35},"end":{"line":270,"column":39}}]}},"s":{"0":0,"1":0,"2":0,"3":0,"4":0,"5":0,"6":0,"7":0,"8":0,"9":0,"10":0,"11":0,"12":0,"13":0,"14":0,"15":0,"16":0,"17":0,"18":0,"19":0,"20":0,"21":0,"22":0,"23":0,"24":0,"25":0,"26":0,"27":0,"28":0,"29":0,"30":0,"31":0,"32":0,"33":0,"34":0,"35":0,"36":0,"37":0,"38":0,"39":0,"40":0},"f":{"0":0,"1":0,"2":0,"3":0,"4":0,"5":0,"6":0},"b":{"0":[0,0]}}
,"/Users/jualfelsantamaria/Documents/Saas/V1.03/FOOD-INVENTORY-SAAS-COMPLETO/food-inventory-saas/src/main-demo-simple.ts": {"path":"/Users/jualfelsantamaria/Documents/Saas/V1.03/FOOD-INVENTORY-SAAS-COMPLETO/food-inventory-saas/src/main-demo-simple.ts","statementMap":{"0":{"start":{"line":1,"column":0},"end":{"line":1,"column":43}},"1":{"start":{"line":2,"column":0},"end":{"line":2,"column":48}},"2":{"start":{"line":3,"column":0},"end":{"line":3,"column":65}},"3":{"start":{"line":4,"column":0},"end":{"line":4,"column":57}},"4":{"start":{"line":5,"column":0},"end":{"line":5,"column":46}},"5":{"start":{"line":6,"column":0},"end":{"line":6,"column":28}},"6":{"start":{"line":7,"column":0},"end":{"line":7,"column":43}},"7":{"start":{"line":10,"column":0},"end":{"line":214,"column":null}},"8":{"start":{"line":13,"column":4},"end":{"line":32,"column":6}},"9":{"start":{"line":37,"column":4},"end":{"line":76,"column":6}},"10":{"start":{"line":81,"column":4},"end":{"line":93,"column":6}},"11":{"start":{"line":98,"column":4},"end":{"line":143,"column":6}},"12":{"start":{"line":148,"column":4},"end":{"line":212,"column":6}},"13":{"start":{"line":12,"column":2},"end":{"line":33,"column":null}},"14":{"start":{"line":36,"column":2},"end":{"line":77,"column":null}},"15":{"start":{"line":80,"column":2},"end":{"line":94,"column":null}},"16":{"start":{"line":97,"column":2},"end":{"line":144,"column":null}},"17":{"start":{"line":147,"column":2},"end":{"line":213,"column":null}},"18":{"start":{"line":10,"column":6},"end":{"line":214,"column":null}},"19":{"start":{"line":224,"column":0},"end":{"line":224,"column":null}},"20":{"start":{"line":224,"column":6},"end":{"line":224,"column":null}},"21":{"start":{"line":227,"column":14},"end":{"line":227,"column":49}},"22":{"start":{"line":230,"column":2},"end":{"line":230,"column":20}},"23":{"start":{"line":231,"column":2},"end":{"line":231,"column":25}},"24":{"start":{"line":232,"column":2},"end":{"line":232,"column":19}},"25":{"start":{"line":235,"column":2},"end":{"line":240,"column":4}},"26":{"start":{"line":243,"column":17},"end":{"line":250,"column":12}},"27":{"start":{"line":251,"column":19},"end":{"line":251,"column":60}},"28":{"start":{"line":252,"column":2},"end":{"line":252,"column":49}},"29":{"start":{"line":255,"column":15},"end":{"line":255,"column":39}},"30":{"start":{"line":256,"column":2},"end":{"line":256,"column":36}},"31":{"start":{"line":257,"column":2},"end":{"line":257,"column":69}},"32":{"start":{"line":258,"column":2},"end":{"line":258,"column":52}},"33":{"start":{"line":259,"column":2},"end":{"line":259,"column":73}},"34":{"start":{"line":260,"column":2},"end":{"line":260,"column":73}},"35":{"start":{"line":261,"column":2},"end":{"line":263,"column":4}},"36":{"start":{"line":266,"column":0},"end":{"line":268,"column":3}},"37":{"start":{"line":267,"column":2},"end":{"line":267,"column":52}}},"fnMap":{"0":{"name":"(anonymous_2)","decl":{"start":{"line":12,"column":2},"end":{"line":12,"column":9}},"loc":{"start":{"line":12,"column":9},"end":{"line":33,"column":3}}},"1":{"name":"(anonymous_3)","decl":{"start":{"line":36,"column":2},"end":{"line":36,"column":12}},"loc":{"start":{"line":36,"column":12},"end":{"line":77,"column":3}}},"2":{"name":"(anonymous_4)","decl":{"start":{"line":80,"column":2},"end":{"line":80,"column":11}},"loc":{"start":{"line":80,"column":11},"end":{"line":94,"column":3}}},"3":{"name":"(anonymous_5)","decl":{"start":{"line":97,"column":2},"end":{"line":97,"column":18}},"loc":{"start":{"line":97,"column":18},"end":{"line":144,"column":3}}},"4":{"name":"(anonymous_6)","decl":{"start":{"line":147,"column":2},"end":{"line":147,"column":12}},"loc":{"start":{"line":147,"column":12},"end":{"line":213,"column":3}}},"5":{"name":"bootstrap","decl":{"start":{"line":226,"column":15},"end":{"line":226,"column":24}},"loc":{"start":{"line":226,"column":24},"end":{"line":264,"column":1}}},"6":{"name":"(anonymous_8)","decl":{"start":{"line":266,"column":18},"end":{"line":266,"column":19}},"loc":{"start":{"line":266,"column":26},"end":{"line":268,"column":1}}}},"branchMap":{"0":{"loc":{"start":{"line":255,"column":15},"end":{"line":255,"column":39}},"type":"binary-expr","locations":[{"start":{"line":255,"column":15},"end":{"line":255,"column":31}},{"start":{"line":255,"column":35},"end":{"line":255,"column":39}}]}},"s":{"0":0,"1":0,"2":0,"3":0,"4":0,"5":0,"6":0,"7":0,"8":0,"9":0,"10":0,"11":0,"12":0,"13":0,"14":0,"15":0,"16":0,"17":0,"18":0,"19":0,"20":0,"21":0,"22":0,"23":0,"24":0,"25":0,"26":0,"27":0,"28":0,"29":0,"30":0,"31":0,"32":0,"33":0,"34":0,"35":0,"36":0,"37":0},"f":{"0":0,"1":0,"2":0,"3":0,"4":0,"5":0,"6":0},"b":{"0":[0,0]}}
,"/Users/jualfelsantamaria/Documents/Saas/V1.03/FOOD-INVENTORY-SAAS-COMPLETO/food-inventory-saas/src/main-demo-web.ts": {"path":"/Users/jualfelsantamaria/Documents/Saas/V1.03/FOOD-INVENTORY-SAAS-COMPLETO/food-inventory-saas/src/main-demo-web.ts","statementMap":{"0":{"start":{"line":1,"column":0},"end":{"line":1,"column":43}},"1":{"start":{"line":2,"column":0},"end":{"line":2,"column":48}},"2":{"start":{"line":3,"column":0},"end":{"line":3,"column":65}},"3":{"start":{"line":4,"column":0},"end":{"line":4,"column":57}},"4":{"start":{"line":5,"column":0},"end":{"line":5,"column":46}},"5":{"start":{"line":6,"column":0},"end":{"line":6,"column":57}},"6":{"start":{"line":7,"column":0},"end":{"line":7,"column":28}},"7":{"start":{"line":8,"column":0},"end":{"line":8,"column":28}},"8":{"start":{"line":9,"column":0},"end":{"line":9,"column":43}},"9":{"start":{"line":12,"column":0},"end":{"line":193,"column":null}},"10":{"start":{"line":15,"column":4},"end":{"line":54,"column":6}},"11":{"start":{"line":59,"column":4},"end":{"line":71,"column":6}},"12":{"start":{"line":76,"column":4},"end":{"line":121,"column":6}},"13":{"start":{"line":126,"column":4},"end":{"line":191,"column":6}},"14":{"start":{"line":14,"column":2},"end":{"line":55,"column":null}},"15":{"start":{"line":58,"column":2},"end":{"line":72,"column":null}},"16":{"start":{"line":75,"column":2},"end":{"line":122,"column":null}},"17":{"start":{"line":125,"column":2},"end":{"line":192,"column":null}},"18":{"start":{"line":12,"column":6},"end":{"line":193,"column":null}},"19":{"start":{"line":206,"column":0},"end":{"line":206,"column":null}},"20":{"start":{"line":206,"column":6},"end":{"line":206,"column":null}},"21":{"start":{"line":209,"column":14},"end":{"line":209,"column":49}},"22":{"start":{"line":212,"column":2},"end":{"line":216,"column":4}},"23":{"start":{"line":217,"column":2},"end":{"line":217,"column":25}},"24":{"start":{"line":218,"column":2},"end":{"line":218,"column":19}},"25":{"start":{"line":221,"column":2},"end":{"line":226,"column":4}},"26":{"start":{"line":229,"column":17},"end":{"line":236,"column":12}},"27":{"start":{"line":237,"column":19},"end":{"line":237,"column":60}},"28":{"start":{"line":238,"column":2},"end":{"line":238,"column":49}},"29":{"start":{"line":241,"column":15},"end":{"line":241,"column":39}},"30":{"start":{"line":242,"column":2},"end":{"line":242,"column":36}},"31":{"start":{"line":243,"column":2},"end":{"line":243,"column":69}},"32":{"start":{"line":244,"column":2},"end":{"line":244,"column":64}},"33":{"start":{"line":245,"column":2},"end":{"line":245,"column":73}},"34":{"start":{"line":246,"column":2},"end":{"line":246,"column":73}},"35":{"start":{"line":249,"column":0},"end":{"line":251,"column":3}},"36":{"start":{"line":250,"column":2},"end":{"line":250,"column":52}}},"fnMap":{"0":{"name":"(anonymous_2)","decl":{"start":{"line":14,"column":2},"end":{"line":14,"column":12}},"loc":{"start":{"line":14,"column":12},"end":{"line":55,"column":3}}},"1":{"name":"(anonymous_3)","decl":{"start":{"line":58,"column":2},"end":{"line":58,"column":11}},"loc":{"start":{"line":58,"column":11},"end":{"line":72,"column":3}}},"2":{"name":"(anonymous_4)","decl":{"start":{"line":75,"column":2},"end":{"line":75,"column":18}},"loc":{"start":{"line":75,"column":18},"end":{"line":122,"column":3}}},"3":{"name":"(anonymous_5)","decl":{"start":{"line":125,"column":2},"end":{"line":125,"column":12}},"loc":{"start":{"line":125,"column":12},"end":{"line":192,"column":3}}},"4":{"name":"bootstrap","decl":{"start":{"line":208,"column":15},"end":{"line":208,"column":24}},"loc":{"start":{"line":208,"column":24},"end":{"line":247,"column":1}}},"5":{"name":"(anonymous_7)","decl":{"start":{"line":249,"column":18},"end":{"line":249,"column":19}},"loc":{"start":{"line":249,"column":26},"end":{"line":251,"column":1}}}},"branchMap":{"0":{"loc":{"start":{"line":241,"column":15},"end":{"line":241,"column":39}},"type":"binary-expr","locations":[{"start":{"line":241,"column":15},"end":{"line":241,"column":31}},{"start":{"line":241,"column":35},"end":{"line":241,"column":39}}]}},"s":{"0":0,"1":0,"2":0,"3":0,"4":0,"5":0,"6":0,"7":0,"8":0,"9":0,"10":0,"11":0,"12":0,"13":0,"14":0,"15":0,"16":0,"17":0,"18":0,"19":0,"20":0,"21":0,"22":0,"23":0,"24":0,"25":0,"26":0,"27":0,"28":0,"29":0,"30":0,"31":0,"32":0,"33":0,"34":0,"35":0,"36":0},"f":{"0":0,"1":0,"2":0,"3":0,"4":0,"5":0},"b":{"0":[0,0]}}
,"/Users/jualfelsantamaria/Documents/Saas/V1.03/FOOD-INVENTORY-SAAS-COMPLETO/food-inventory-saas/src/main-demo.ts": {"path":"/Users/jualfelsantamaria/Documents/Saas/V1.03/FOOD-INVENTORY-SAAS-COMPLETO/food-inventory-saas/src/main-demo.ts","statementMap":{"0":{"start":{"line":1,"column":0},"end":{"line":1,"column":43}},"1":{"start":{"line":2,"column":0},"end":{"line":2,"column":48}},"2":{"start":{"line":3,"column":0},"end":{"line":3,"column":65}},"3":{"start":{"line":4,"column":0},"end":{"line":4,"column":57}},"4":{"start":{"line":5,"column":0},"end":{"line":5,"column":46}},"5":{"start":{"line":6,"column":0},"end":{"line":6,"column":28}},"6":{"start":{"line":7,"column":0},"end":{"line":7,"column":43}},"7":{"start":{"line":10,"column":0},"end":{"line":190,"column":null}},"8":{"start":{"line":13,"column":4},"end":{"line":52,"column":6}},"9":{"start":{"line":57,"column":4},"end":{"line":69,"column":6}},"10":{"start":{"line":74,"column":4},"end":{"line":119,"column":6}},"11":{"start":{"line":124,"column":4},"end":{"line":188,"column":6}},"12":{"start":{"line":12,"column":2},"end":{"line":53,"column":null}},"13":{"start":{"line":56,"column":2},"end":{"line":70,"column":null}},"14":{"start":{"line":73,"column":2},"end":{"line":120,"column":null}},"15":{"start":{"line":123,"column":2},"end":{"line":189,"column":null}},"16":{"start":{"line":10,"column":6},"end":{"line":190,"column":null}},"17":{"start":{"line":200,"column":0},"end":{"line":200,"column":null}},"18":{"start":{"line":200,"column":6},"end":{"line":200,"column":null}},"19":{"start":{"line":203,"column":14},"end":{"line":203,"column":53}},"20":{"start":{"line":206,"column":2},"end":{"line":206,"column":20}},"21":{"start":{"line":207,"column":2},"end":{"line":207,"column":25}},"22":{"start":{"line":208,"column":2},"end":{"line":208,"column":19}},"23":{"start":{"line":211,"column":2},"end":{"line":216,"column":4}},"24":{"start":{"line":219,"column":2},"end":{"line":219,"column":32}},"25":{"start":{"line":222,"column":17},"end":{"line":229,"column":12}},"26":{"start":{"line":230,"column":19},"end":{"line":230,"column":60}},"27":{"start":{"line":231,"column":2},"end":{"line":231,"column":49}},"28":{"start":{"line":234,"column":15},"end":{"line":234,"column":39}},"29":{"start":{"line":235,"column":2},"end":{"line":235,"column":36}},"30":{"start":{"line":236,"column":2},"end":{"line":236,"column":69}},"31":{"start":{"line":237,"column":2},"end":{"line":237,"column":73}},"32":{"start":{"line":238,"column":2},"end":{"line":238,"column":73}},"33":{"start":{"line":239,"column":2},"end":{"line":241,"column":4}},"34":{"start":{"line":244,"column":0},"end":{"line":246,"column":3}},"35":{"start":{"line":245,"column":2},"end":{"line":245,"column":52}}},"fnMap":{"0":{"name":"(anonymous_2)","decl":{"start":{"line":12,"column":2},"end":{"line":12,"column":10}},"loc":{"start":{"line":12,"column":10},"end":{"line":53,"column":3}}},"1":{"name":"(anonymous_3)","decl":{"start":{"line":56,"column":2},"end":{"line":56,"column":11}},"loc":{"start":{"line":56,"column":11},"end":{"line":70,"column":3}}},"2":{"name":"(anonymous_4)","decl":{"start":{"line":73,"column":2},"end":{"line":73,"column":18}},"loc":{"start":{"line":73,"column":18},"end":{"line":120,"column":3}}},"3":{"name":"(anonymous_5)","decl":{"start":{"line":123,"column":2},"end":{"line":123,"column":12}},"loc":{"start":{"line":123,"column":12},"end":{"line":189,"column":3}}},"4":{"name":"bootstrap","decl":{"start":{"line":202,"column":15},"end":{"line":202,"column":24}},"loc":{"start":{"line":202,"column":24},"end":{"line":242,"column":1}}},"5":{"name":"(anonymous_7)","decl":{"start":{"line":244,"column":18},"end":{"line":244,"column":19}},"loc":{"start":{"line":244,"column":26},"end":{"line":246,"column":1}}}},"branchMap":{"0":{"loc":{"start":{"line":234,"column":15},"end":{"line":234,"column":39}},"type":"binary-expr","locations":[{"start":{"line":234,"column":15},"end":{"line":234,"column":31}},{"start":{"line":234,"column":35},"end":{"line":234,"column":39}}]}},"s":{"0":0,"1":0,"2":0,"3":0,"4":0,"5":0,"6":0,"7":0,"8":0,"9":0,"10":0,"11":0,"12":0,"13":0,"14":0,"15":0,"16":0,"17":0,"18":0,"19":0,"20":0,"21":0,"22":0,"23":0,"24":0,"25":0,"26":0,"27":0,"28":0,"29":0,"30":0,"31":0,"32":0,"33":0,"34":0,"35":0},"f":{"0":0,"1":0,"2":0,"3":0,"4":0,"5":0},"b":{"0":[0,0]}}
,"/Users/jualfelsantamaria/Documents/Saas/V1.03/FOOD-INVENTORY-SAAS-COMPLETO/food-inventory-saas/src/main.ts": {"path":"/Users/jualfelsantamaria/Documents/Saas/V1.03/FOOD-INVENTORY-SAAS-COMPLETO/food-inventory-saas/src/main.ts","statementMap":{"0":{"start":{"line":1,"column":0},"end":{"line":1,"column":43}},"1":{"start":{"line":2,"column":0},"end":{"line":2,"column":41}},"2":{"start":{"line":3,"column":0},"end":{"line":3,"column":69}},"3":{"start":{"line":4,"column":0},"end":{"line":4,"column":65}},"4":{"start":{"line":5,"column":0},"end":{"line":5,"column":28}},"5":{"start":{"line":6,"column":0},"end":{"line":6,"column":43}},"6":{"start":{"line":8,"column":0},"end":{"line":8,"column":47}},"7":{"start":{"line":9,"column":0},"end":{"line":9,"column":64}},"8":{"start":{"line":13,"column":29},"end":{"line":13,"column":31}},"9":{"start":{"line":14,"column":2},"end":{"line":23,"column":3}},"10":{"start":{"line":15,"column":4},"end":{"line":19,"column":5}},"11":{"start":{"line":16,"column":6},"end":{"line":18,"column":7}},"12":{"start":{"line":17,"column":8},"end":{"line":17,"column":80}},"13":{"start":{"line":20,"column":4},"end":{"line":22,"column":5}},"14":{"start":{"line":21,"column":6},"end":{"line":21,"column":63}},"15":{"start":{"line":24,"column":2},"end":{"line":24,"column":18}},"16":{"start":{"line":28,"column":14},"end":{"line":28,"column":49}},"17":{"start":{"line":31,"column":2},"end":{"line":53,"column":4}},"18":{"start":{"line":54,"column":2},"end":{"line":54,"column":25}},"19":{"start":{"line":57,"column":24},"end":{"line":57,"column":46}},"20":{"start":{"line":58,"column":21},"end":{"line":58,"column":61}},"21":{"start":{"line":59,"column":25},"end":{"line":59,"column":64}},"22":{"start":{"line":61,"column":2},"end":{"line":65,"column":5}},"23":{"start":{"line":66,"column":2},"end":{"line":66,"column":28}},"24":{"start":{"line":69,"column":2},"end":{"line":79,"column":4}},"25":{"start":{"line":74,"column":25},"end":{"line":74,"column":55}},"26":{"start":{"line":75,"column":8},"end":{"line":75,"column":54}},"27":{"start":{"line":76,"column":8},"end":{"line":76,"column":49}},"28":{"start":{"line":82,"column":2},"end":{"line":82,"column":32}},"29":{"start":{"line":85,"column":17},"end":{"line":90,"column":12}},"30":{"start":{"line":91,"column":19},"end":{"line":91,"column":60}},"31":{"start":{"line":92,"column":2},"end":{"line":92,"column":49}},"32":{"start":{"line":95,"column":2},"end":{"line":100,"column":3}},"33":{"start":{"line":96,"column":26},"end":{"line":96,"column":48}},"34":{"start":{"line":97,"column":4},"end":{"line":97,"column":31}},"35":{"start":{"line":99,"column":4},"end":{"line":99,"column":65}},"36":{"start":{"line":103,"column":15},"end":{"line":103,"column":39}},"37":{"start":{"line":104,"column":2},"end":{"line":104,"column":25}},"38":{"start":{"line":105,"column":2},"end":{"line":105,"column":66}},"39":{"start":{"line":107,"column":0},"end":{"line":107,"column":12}}},"fnMap":{"0":{"name":"formatValidationErrors","decl":{"start":{"line":12,"column":9},"end":{"line":12,"column":31}},"loc":{"start":{"line":12,"column":57},"end":{"line":25,"column":1}}},"1":{"name":"bootstrap","decl":{"start":{"line":27,"column":15},"end":{"line":27,"column":24}},"loc":{"start":{"line":27,"column":24},"end":{"line":106,"column":1}}},"2":{"name":"(anonymous_2)","decl":{"start":{"line":73,"column":24},"end":{"line":73,"column":25}},"loc":{"start":{"line":73,"column":35},"end":{"line":77,"column":7}}}},"branchMap":{"0":{"loc":{"start":{"line":15,"column":4},"end":{"line":19,"column":5}},"type":"if","locations":[{"start":{"line":15,"column":4},"end":{"line":19,"column":5}}]},"1":{"loc":{"start":{"line":20,"column":4},"end":{"line":22,"column":5}},"type":"if","locations":[{"start":{"line":20,"column":4},"end":{"line":22,"column":5}}]},"2":{"loc":{"start":{"line":20,"column":8},"end":{"line":20,"column":51}},"type":"binary-expr","locations":[{"start":{"line":20,"column":8},"end":{"line":20,"column":22}},{"start":{"line":20,"column":26},"end":{"line":20,"column":51}}]},"3":{"loc":{"start":{"line":59,"column":25},"end":{"line":59,"column":64}},"type":"cond-expr","locations":[{"start":{"line":59,"column":38},"end":{"line":59,"column":59}},{"start":{"line":59,"column":62},"end":{"line":59,"column":64}}]},"4":{"loc":{"start":{"line":103,"column":15},"end":{"line":103,"column":39}},"type":"binary-expr","locations":[{"start":{"line":103,"column":15},"end":{"line":103,"column":31}},{"start":{"line":103,"column":35},"end":{"line":103,"column":39}}]}},"s":{"0":0,"1":0,"2":0,"3":0,"4":0,"5":0,"6":0,"7":0,"8":0,"9":0,"10":0,"11":0,"12":0,"13":0,"14":0,"15":0,"16":0,"17":0,"18":0,"19":0,"20":0,"21":0,"22":0,"23":0,"24":0,"25":0,"26":0,"27":0,"28":0,"29":0,"30":0,"31":0,"32":0,"33":0,"34":0,"35":0,"36":0,"37":0,"38":0,"39":0},"f":{"0":0,"1":0,"2":0},"b":{"0":[0],"1":[0],"2":[0,0],"3":[0,0],"4":[0,0]}}
,"/Users/jualfelsantamaria/Documents/Saas/V1.03/FOOD-INVENTORY-SAAS-COMPLETO/food-inventory-saas/src/tenant.controller.ts": {"path":"/Users/jualfelsantamaria/Documents/Saas/V1.03/FOOD-INVENTORY-SAAS-COMPLETO/food-inventory-saas/src/tenant.controller.ts","statementMap":{"0":{"start":{"line":1,"column":0},"end":{"line":1,"column":null}},"1":{"start":{"line":16,"column":0},"end":{"line":16,"column":59}},"2":{"start":{"line":17,"column":0},"end":{"line":17,"column":null}},"3":{"start":{"line":25,"column":0},"end":{"line":25,"column":49}},"4":{"start":{"line":26,"column":0},"end":{"line":26,"column":null}},"5":{"start":{"line":31,"column":0},"end":{"line":31,"column":55}},"6":{"start":{"line":32,"column":0},"end":{"line":32,"column":52}},"7":{"start":{"line":33,"column":0},"end":{"line":33,"column":62}},"8":{"start":{"line":34,"column":0},"end":{"line":34,"column":65}},"9":{"start":{"line":40,"column":7},"end":{"line":223,"column":null}},"10":{"start":{"line":41,"column":31},"end":{"line":41,"column":46}},"11":{"start":{"line":61,"column":4},"end":{"line":76,"column":5}},"12":{"start":{"line":62,"column":28},"end":{"line":64,"column":null}},"13":{"start":{"line":66,"column":6},"end":{"line":70,"column":8}},"14":{"start":{"line":72,"column":6},"end":{"line":75,"column":8}},"15":{"start":{"line":86,"column":4},"end":{"line":98,"column":5}},"16":{"start":{"line":87,"column":23},"end":{"line":87,"column":78}},"17":{"start":{"line":88,"column":6},"end":{"line":92,"column":8}},"18":{"start":{"line":94,"column":6},"end":{"line":97,"column":8}},"19":{"start":{"line":111,"column":4},"end":{"line":126,"column":5}},"20":{"start":{"line":112,"column":30},"end":{"line":114,"column":null}},"21":{"start":{"line":116,"column":6},"end":{"line":120,"column":8}},"22":{"start":{"line":122,"column":6},"end":{"line":125,"column":8}},"23":{"start":{"line":135,"column":4},"end":{"line":147,"column":5}},"24":{"start":{"line":136,"column":20},"end":{"line":136,"column":72}},"25":{"start":{"line":137,"column":6},"end":{"line":141,"column":8}},"26":{"start":{"line":143,"column":6},"end":{"line":146,"column":8}},"27":{"start":{"line":156,"column":4},"end":{"line":171,"column":5}},"28":{"start":{"line":157,"column":22},"end":{"line":159,"column":null}},"29":{"start":{"line":161,"column":6},"end":{"line":165,"column":8}},"30":{"start":{"line":167,"column":6},"end":{"line":170,"column":8}},"31":{"start":{"line":184,"column":4},"end":{"line":200,"column":5}},"32":{"start":{"line":185,"column":26},"end":{"line":188,"column":null}},"33":{"start":{"line":190,"column":6},"end":{"line":194,"column":8}},"34":{"start":{"line":196,"column":6},"end":{"line":199,"column":8}},"35":{"start":{"line":209,"column":4},"end":{"line":221,"column":5}},"36":{"start":{"line":210,"column":21},"end":{"line":213,"column":null}},"37":{"start":{"line":215,"column":6},"end":{"line":215,"column":20}},"38":{"start":{"line":217,"column":6},"end":{"line":220,"column":8}},"39":{"start":{"line":40,"column":13},"end":{"line":40,"column":29}},"40":{"start":{"line":60,"column":8},"end":{"line":77,"column":null}},"41":{"start":{"line":85,"column":8},"end":{"line":99,"column":null}},"42":{"start":{"line":107,"column":8},"end":{"line":127,"column":null}},"43":{"start":{"line":134,"column":8},"end":{"line":148,"column":null}},"44":{"start":{"line":155,"column":8},"end":{"line":172,"column":null}},"45":{"start":{"line":179,"column":8},"end":{"line":201,"column":null}},"46":{"start":{"line":208,"column":8},"end":{"line":222,"column":null}},"47":{"start":{"line":40,"column":13},"end":{"line":223,"column":null}}},"fnMap":{"0":{"name":"(anonymous_4)","decl":{"start":{"line":41,"column":2},"end":{"line":41,"column":31}},"loc":{"start":{"line":41,"column":59},"end":{"line":41,"column":63}}},"1":{"name":"(anonymous_5)","decl":{"start":{"line":60,"column":2},"end":{"line":60,"column":7}},"loc":{"start":{"line":60,"column":76},"end":{"line":77,"column":3}}},"2":{"name":"(anonymous_6)","decl":{"start":{"line":85,"column":2},"end":{"line":85,"column":7}},"loc":{"start":{"line":85,"column":34},"end":{"line":99,"column":3}}},"3":{"name":"(anonymous_7)","decl":{"start":{"line":107,"column":2},"end":{"line":107,"column":7}},"loc":{"start":{"line":109,"column":46},"end":{"line":127,"column":3}}},"4":{"name":"(anonymous_8)","decl":{"start":{"line":134,"column":2},"end":{"line":134,"column":7}},"loc":{"start":{"line":134,"column":31},"end":{"line":148,"column":3}}},"5":{"name":"(anonymous_9)","decl":{"start":{"line":155,"column":2},"end":{"line":155,"column":7}},"loc":{"start":{"line":155,"column":71},"end":{"line":172,"column":3}}},"6":{"name":"(anonymous_10)","decl":{"start":{"line":179,"column":2},"end":{"line":179,"column":7}},"loc":{"start":{"line":182,"column":40},"end":{"line":201,"column":3}}},"7":{"name":"(anonymous_11)","decl":{"start":{"line":208,"column":2},"end":{"line":208,"column":7}},"loc":{"start":{"line":208,"column":66},"end":{"line":222,"column":3}}}},"branchMap":{"0":{"loc":{"start":{"line":73,"column":8},"end":{"line":73,"column":49}},"type":"binary-expr","locations":[{"start":{"line":73,"column":8},"end":{"line":73,"column":21}},{"start":{"line":73,"column":25},"end":{"line":73,"column":49}}]},"1":{"loc":{"start":{"line":74,"column":8},"end":{"line":74,"column":46}},"type":"binary-expr","locations":[{"start":{"line":74,"column":8},"end":{"line":74,"column":20}},{"start":{"line":74,"column":24},"end":{"line":74,"column":46}}]},"2":{"loc":{"start":{"line":95,"column":8},"end":{"line":95,"column":60}},"type":"binary-expr","locations":[{"start":{"line":95,"column":8},"end":{"line":95,"column":21}},{"start":{"line":95,"column":25},"end":{"line":95,"column":60}}]},"3":{"loc":{"start":{"line":96,"column":8},"end":{"line":96,"column":56}},"type":"binary-expr","locations":[{"start":{"line":96,"column":8},"end":{"line":96,"column":20}},{"start":{"line":96,"column":24},"end":{"line":96,"column":56}}]},"4":{"loc":{"start":{"line":123,"column":8},"end":{"line":123,"column":63}},"type":"binary-expr","locations":[{"start":{"line":123,"column":8},"end":{"line":123,"column":21}},{"start":{"line":123,"column":25},"end":{"line":123,"column":63}}]},"5":{"loc":{"start":{"line":124,"column":8},"end":{"line":124,"column":46}},"type":"binary-expr","locations":[{"start":{"line":124,"column":8},"end":{"line":124,"column":20}},{"start":{"line":124,"column":24},"end":{"line":124,"column":46}}]},"6":{"loc":{"start":{"line":144,"column":8},"end":{"line":144,"column":56}},"type":"binary-expr","locations":[{"start":{"line":144,"column":8},"end":{"line":144,"column":21}},{"start":{"line":144,"column":25},"end":{"line":144,"column":56}}]},"7":{"loc":{"start":{"line":145,"column":8},"end":{"line":145,"column":56}},"type":"binary-expr","locations":[{"start":{"line":145,"column":8},"end":{"line":145,"column":20}},{"start":{"line":145,"column":24},"end":{"line":145,"column":56}}]},"8":{"loc":{"start":{"line":168,"column":8},"end":{"line":168,"column":54}},"type":"binary-expr","locations":[{"start":{"line":168,"column":8},"end":{"line":168,"column":21}},{"start":{"line":168,"column":25},"end":{"line":168,"column":54}}]},"9":{"loc":{"start":{"line":169,"column":8},"end":{"line":169,"column":46}},"type":"binary-expr","locations":[{"start":{"line":169,"column":8},"end":{"line":169,"column":20}},{"start":{"line":169,"column":24},"end":{"line":169,"column":46}}]},"10":{"loc":{"start":{"line":197,"column":8},"end":{"line":197,"column":57}},"type":"binary-expr","locations":[{"start":{"line":197,"column":8},"end":{"line":197,"column":21}},{"start":{"line":197,"column":25},"end":{"line":197,"column":57}}]},"11":{"loc":{"start":{"line":198,"column":8},"end":{"line":198,"column":46}},"type":"binary-expr","locations":[{"start":{"line":198,"column":8},"end":{"line":198,"column":20}},{"start":{"line":198,"column":24},"end":{"line":198,"column":46}}]},"12":{"loc":{"start":{"line":218,"column":8},"end":{"line":218,"column":55}},"type":"binary-expr","locations":[{"start":{"line":218,"column":8},"end":{"line":218,"column":21}},{"start":{"line":218,"column":25},"end":{"line":218,"column":55}}]},"13":{"loc":{"start":{"line":219,"column":8},"end":{"line":219,"column":46}},"type":"binary-expr","locations":[{"start":{"line":219,"column":8},"end":{"line":219,"column":20}},{"start":{"line":219,"column":24},"end":{"line":219,"column":46}}]}},"s":{"0":0,"1":0,"2":0,"3":0,"4":0,"5":0,"6":0,"7":0,"8":0,"9":0,"10":0,"11":0,"12":0,"13":0,"14":0,"15":0,"16":0,"17":0,"18":0,"19":0,"20":0,"21":0,"22":0,"23":0,"24":0,"25":0,"26":0,"27":0,"28":0,"29":0,"30":0,"31":0,"32":0,"33":0,"34":0,"35":0,"36":0,"37":0,"38":0,"39":0,"40":0,"41":0,"42":0,"43":0,"44":0,"45":0,"46":0,"47":0},"f":{"0":0,"1":0,"2":0,"3":0,"4":0,"5":0,"6":0,"7":0},"b":{"0":[0,0],"1":[0,0],"2":[0,0],"3":[0,0],"4":[0,0],"5":[0,0],"6":[0,0],"7":[0,0],"8":[0,0],"9":[0,0],"10":[0,0],"11":[0,0],"12":[0,0],"13":[0,0]}}
,"/Users/jualfelsantamaria/Documents/Saas/V1.03/FOOD-INVENTORY-SAAS-COMPLETO/food-inventory-saas/src/tenant.module.ts": {"path":"/Users/jualfelsantamaria/Documents/Saas/V1.03/FOOD-INVENTORY-SAAS-COMPLETO/food-inventory-saas/src/tenant.module.ts","statementMap":{"0":{"start":{"line":1,"column":0},"end":{"line":1,"column":40}},"1":{"start":{"line":2,"column":0},"end":{"line":2,"column":55}},"2":{"start":{"line":3,"column":0},"end":{"line":3,"column":49}},"3":{"start":{"line":4,"column":0},"end":{"line":4,"column":54}},"4":{"start":{"line":5,"column":0},"end":{"line":5,"column":56}},"5":{"start":{"line":13,"column":7},"end":{"line":13,"column":null}},"6":{"start":{"line":13,"column":13},"end":{"line":13,"column":25}},"7":{"start":{"line":13,"column":13},"end":{"line":13,"column":null}}},"fnMap":{},"branchMap":{},"s":{"0":0,"1":0,"2":0,"3":0,"4":0,"5":0,"6":0,"7":0},"f":{},"b":{}}
,"/Users/jualfelsantamaria/Documents/Saas/V1.03/FOOD-INVENTORY-SAAS-COMPLETO/food-inventory-saas/src/tenant.service.ts": {"path":"/Users/jualfelsantamaria/Documents/Saas/V1.03/FOOD-INVENTORY-SAAS-COMPLETO/food-inventory-saas/src/tenant.service.ts","statementMap":{"0":{"start":{"line":1,"column":0},"end":{"line":1,"column":null}},"1":{"start":{"line":8,"column":0},"end":{"line":8,"column":47}},"2":{"start":{"line":9,"column":0},"end":{"line":9,"column":40}},"3":{"start":{"line":10,"column":0},"end":{"line":10,"column":33}},"4":{"start":{"line":11,"column":0},"end":{"line":11,"column":65}},"5":{"start":{"line":12,"column":0},"end":{"line":12,"column":59}},"6":{"start":{"line":13,"column":0},"end":{"line":13,"column":71}},"7":{"start":{"line":14,"column":0},"end":{"line":14,"column":58}},"8":{"start":{"line":22,"column":7},"end":{"line":288,"column":null}},"9":{"start":{"line":24,"column":38},"end":{"line":24,"column":51}},"10":{"start":{"line":25,"column":36},"end":{"line":25,"column":47}},"11":{"start":{"line":26,"column":40},"end":{"line":26,"column":55}},"12":{"start":{"line":27,"column":21},"end":{"line":27,"column":34}},"13":{"start":{"line":34,"column":4},"end":{"line":36,"column":5}},"14":{"start":{"line":35,"column":6},"end":{"line":35,"column":78}},"15":{"start":{"line":38,"column":19},"end":{"line":38,"column":60}},"16":{"start":{"line":39,"column":4},"end":{"line":41,"column":5}},"17":{"start":{"line":40,"column":6},"end":{"line":40,"column":58}},"18":{"start":{"line":43,"column":25},"end":{"line":43,"column":50}},"19":{"start":{"line":44,"column":4},"end":{"line":46,"column":5}},"20":{"start":{"line":45,"column":6},"end":{"line":45,"column":103}},"21":{"start":{"line":49,"column":29},"end":{"line":49,"column":83}},"22":{"start":{"line":50,"column":4},"end":{"line":54,"column":5}},"23":{"start":{"line":51,"column":6},"end":{"line":53,"column":8}},"24":{"start":{"line":57,"column":28},"end":{"line":57,"column":29}},"25":{"start":{"line":60,"column":24},"end":{"line":60,"column":88}},"26":{"start":{"line":62,"column":26},"end":{"line":72,"column":13}},"27":{"start":{"line":74,"column":4},"end":{"line":76,"column":5}},"28":{"start":{"line":75,"column":6},"end":{"line":75,"column":76}},"29":{"start":{"line":78,"column":4},"end":{"line":78,"column":25}},"30":{"start":{"line":82,"column":19},"end":{"line":85,"column":13}},"31":{"start":{"line":87,"column":4},"end":{"line":89,"column":5}},"32":{"start":{"line":88,"column":6},"end":{"line":88,"column":58}},"33":{"start":{"line":90,"column":4},"end":{"line":90,"column":18}},"34":{"start":{"line":98,"column":26},"end":{"line":98,"column":28}},"35":{"start":{"line":99,"column":4},"end":{"line":99,"column":63}},"36":{"start":{"line":99,"column":24},"end":{"line":99,"column":63}},"37":{"start":{"line":100,"column":4},"end":{"line":100,"column":63}},"38":{"start":{"line":100,"column":24},"end":{"line":100,"column":63}},"39":{"start":{"line":101,"column":4},"end":{"line":101,"column":72}},"40":{"start":{"line":101,"column":27},"end":{"line":101,"column":72}},"41":{"start":{"line":102,"column":4},"end":{"line":102,"column":75}},"42":{"start":{"line":102,"column":28},"end":{"line":102,"column":75}},"43":{"start":{"line":104,"column":4},"end":{"line":109,"column":5}},"44":{"start":{"line":105,"column":26},"end":{"line":105,"column":47}},"45":{"start":{"line":106,"column":6},"end":{"line":108,"column":9}},"46":{"start":{"line":107,"column":8},"end":{"line":107,"column":63}},"47":{"start":{"line":111,"column":4},"end":{"line":116,"column":5}},"48":{"start":{"line":112,"column":22},"end":{"line":112,"column":39}},"49":{"start":{"line":113,"column":6},"end":{"line":115,"column":9}},"50":{"start":{"line":114,"column":8},"end":{"line":114,"column":55}},"51":{"start":{"line":118,"column":4},"end":{"line":143,"column":5}},"52":{"start":{"line":119,"column":57},"end":{"line":119,"column":75}},"53":{"start":{"line":120,"column":6},"end":{"line":124,"column":7}},"54":{"start":{"line":121,"column":8},"end":{"line":123,"column":11}},"55":{"start":{"line":122,"column":10},"end":{"line":122,"column":68}},"56":{"start":{"line":125,"column":6},"end":{"line":129,"column":7}},"57":{"start":{"line":126,"column":8},"end":{"line":128,"column":11}},"58":{"start":{"line":127,"column":10},"end":{"line":127,"column":70}},"59":{"start":{"line":130,"column":6},"end":{"line":142,"column":7}},"60":{"start":{"line":131,"column":35},"end":{"line":131,"column":52}},"61":{"start":{"line":132,"column":8},"end":{"line":136,"column":9}},"62":{"start":{"line":133,"column":10},"end":{"line":135,"column":13}},"63":{"start":{"line":134,"column":12},"end":{"line":134,"column":86}},"64":{"start":{"line":137,"column":8},"end":{"line":141,"column":9}},"65":{"start":{"line":138,"column":10},"end":{"line":140,"column":13}},"66":{"start":{"line":139,"column":12},"end":{"line":139,"column":82}},"67":{"start":{"line":145,"column":26},"end":{"line":152,"column":13}},"68":{"start":{"line":154,"column":4},"end":{"line":158,"column":5}},"69":{"start":{"line":155,"column":6},"end":{"line":157,"column":8}},"70":{"start":{"line":160,"column":4},"end":{"line":160,"column":25}},"71":{"start":{"line":164,"column":4},"end":{"line":164,"column":119}},"72":{"start":{"line":171,"column":19},"end":{"line":171,"column":60}},"73":{"start":{"line":172,"column":4},"end":{"line":174,"column":5}},"74":{"start":{"line":173,"column":6},"end":{"line":173,"column":58}},"75":{"start":{"line":176,"column":4},"end":{"line":178,"column":5}},"76":{"start":{"line":177,"column":6},"end":{"line":177,"column":95}},"77":{"start":{"line":180,"column":25},"end":{"line":185,"column":13}},"78":{"start":{"line":187,"column":4},"end":{"line":191,"column":5}},"79":{"start":{"line":188,"column":6},"end":{"line":190,"column":8}},"80":{"start":{"line":194,"column":30},"end":{"line":194,"column":66}},"81":{"start":{"line":195,"column":27},"end":{"line":195,"column":67}},"82":{"start":{"line":197,"column":20},"end":{"line":202,"column":6}},"83":{"start":{"line":204,"column":22},"end":{"line":204,"column":42}},"84":{"start":{"line":206,"column":4},"end":{"line":206,"column":94}},"85":{"start":{"line":209,"column":27},"end":{"line":209,"column":46}},"86":{"start":{"line":210,"column":24},"end":{"line":223,"column":6}},"87":{"start":{"line":224,"column":4},"end":{"line":224,"column":29}},"88":{"start":{"line":227,"column":4},"end":{"line":236,"column":5}},"89":{"start":{"line":228,"column":6},"end":{"line":231,"column":8}},"90":{"start":{"line":235,"column":6},"end":{"line":235,"column":81}},"91":{"start":{"line":239,"column":36},"end":{"line":239,"column":56}},"92":{"start":{"line":240,"column":4},"end":{"line":240,"column":18}},"93":{"start":{"line":248,"column":17},"end":{"line":255,"column":13}},"94":{"start":{"line":257,"column":4},"end":{"line":259,"column":5}},"95":{"start":{"line":258,"column":6},"end":{"line":258,"column":74}},"96":{"start":{"line":261,"column":4},"end":{"line":261,"column":16}},"97":{"start":{"line":265,"column":4},"end":{"line":267,"column":5}},"98":{"start":{"line":266,"column":6},"end":{"line":266,"column":71}},"99":{"start":{"line":269,"column":19},"end":{"line":271,"column":13}},"100":{"start":{"line":273,"column":4},"end":{"line":275,"column":5}},"101":{"start":{"line":274,"column":6},"end":{"line":274,"column":74}},"102":{"start":{"line":278,"column":4},"end":{"line":278,"column":95}},"103":{"start":{"line":281,"column":4},"end":{"line":284,"column":13}},"104":{"start":{"line":286,"column":4},"end":{"line":286,"column":72}},"105":{"start":{"line":22,"column":13},"end":{"line":22,"column":26}},"106":{"start":{"line":22,"column":13},"end":{"line":288,"column":null}}},"fnMap":{"0":{"name":"(anonymous_4)","decl":{"start":{"line":23,"column":2},"end":{"line":23,"column":null}},"loc":{"start":{"line":27,"column":45},"end":{"line":28,"column":6}}},"1":{"name":"(anonymous_5)","decl":{"start":{"line":30,"column":2},"end":{"line":30,"column":7}},"loc":{"start":{"line":32,"column":29},"end":{"line":79,"column":3}}},"2":{"name":"(anonymous_6)","decl":{"start":{"line":81,"column":2},"end":{"line":81,"column":7}},"loc":{"start":{"line":81,"column":36},"end":{"line":91,"column":3}}},"3":{"name":"(anonymous_7)","decl":{"start":{"line":93,"column":2},"end":{"line":93,"column":7}},"loc":{"start":{"line":95,"column":38},"end":{"line":161,"column":3}}},"4":{"name":"(anonymous_8)","decl":{"start":{"line":106,"column":39},"end":{"line":106,"column":40}},"loc":{"start":{"line":106,"column":47},"end":{"line":108,"column":7}}},"5":{"name":"(anonymous_9)","decl":{"start":{"line":113,"column":35},"end":{"line":113,"column":36}},"loc":{"start":{"line":113,"column":43},"end":{"line":115,"column":7}}},"6":{"name":"(anonymous_10)","decl":{"start":{"line":121,"column":38},"end":{"line":121,"column":39}},"loc":{"start":{"line":121,"column":46},"end":{"line":123,"column":9}}},"7":{"name":"(anonymous_11)","decl":{"start":{"line":126,"column":39},"end":{"line":126,"column":40}},"loc":{"start":{"line":126,"column":47},"end":{"line":128,"column":9}}},"8":{"name":"(anonymous_12)","decl":{"start":{"line":133,"column":39},"end":{"line":133,"column":40}},"loc":{"start":{"line":133,"column":47},"end":{"line":135,"column":11}}},"9":{"name":"(anonymous_13)","decl":{"start":{"line":138,"column":37},"end":{"line":138,"column":38}},"loc":{"start":{"line":138,"column":45},"end":{"line":140,"column":11}}},"10":{"name":"(anonymous_14)","decl":{"start":{"line":163,"column":2},"end":{"line":163,"column":7}},"loc":{"start":{"line":163,"column":33},"end":{"line":165,"column":3}}},"11":{"name":"(anonymous_15)","decl":{"start":{"line":167,"column":2},"end":{"line":167,"column":7}},"loc":{"start":{"line":169,"column":32},"end":{"line":241,"column":3}}},"12":{"name":"(anonymous_16)","decl":{"start":{"line":243,"column":2},"end":{"line":243,"column":7}},"loc":{"start":{"line":246,"column":32},"end":{"line":262,"column":3}}},"13":{"name":"(anonymous_17)","decl":{"start":{"line":264,"column":2},"end":{"line":264,"column":7}},"loc":{"start":{"line":264,"column":77},"end":{"line":287,"column":3}}}},"branchMap":{"0":{"loc":{"start":{"line":34,"column":4},"end":{"line":36,"column":5}},"type":"if","locations":[{"start":{"line":34,"column":4},"end":{"line":36,"column":5}}]},"1":{"loc":{"start":{"line":39,"column":4},"end":{"line":41,"column":5}},"type":"if","locations":[{"start":{"line":39,"column":4},"end":{"line":41,"column":5}}]},"2":{"loc":{"start":{"line":44,"column":4},"end":{"line":46,"column":5}},"type":"if","locations":[{"start":{"line":44,"column":4},"end":{"line":46,"column":5}}]},"3":{"loc":{"start":{"line":50,"column":4},"end":{"line":54,"column":5}},"type":"if","locations":[{"start":{"line":50,"column":4},"end":{"line":54,"column":5}}]},"4":{"loc":{"start":{"line":74,"column":4},"end":{"line":76,"column":5}},"type":"if","locations":[{"start":{"line":74,"column":4},"end":{"line":76,"column":5}}]},"5":{"loc":{"start":{"line":87,"column":4},"end":{"line":89,"column":5}},"type":"if","locations":[{"start":{"line":87,"column":4},"end":{"line":89,"column":5}}]},"6":{"loc":{"start":{"line":99,"column":4},"end":{"line":99,"column":63}},"type":"if","locations":[{"start":{"line":99,"column":4},"end":{"line":99,"column":63}}]},"7":{"loc":{"start":{"line":100,"column":4},"end":{"line":100,"column":63}},"type":"if","locations":[{"start":{"line":100,"column":4},"end":{"line":100,"column":63}}]},"8":{"loc":{"start":{"line":101,"column":4},"end":{"line":101,"column":72}},"type":"if","locations":[{"start":{"line":101,"column":4},"end":{"line":101,"column":72}}]},"9":{"loc":{"start":{"line":102,"column":4},"end":{"line":102,"column":75}},"type":"if","locations":[{"start":{"line":102,"column":4},"end":{"line":102,"column":75}}]},"10":{"loc":{"start":{"line":104,"column":4},"end":{"line":109,"column":5}},"type":"if","locations":[{"start":{"line":104,"column":4},"end":{"line":109,"column":5}}]},"11":{"loc":{"start":{"line":111,"column":4},"end":{"line":116,"column":5}},"type":"if","locations":[{"start":{"line":111,"column":4},"end":{"line":116,"column":5}}]},"12":{"loc":{"start":{"line":118,"column":4},"end":{"line":143,"column":5}},"type":"if","locations":[{"start":{"line":118,"column":4},"end":{"line":143,"column":5}}]},"13":{"loc":{"start":{"line":120,"column":6},"end":{"line":124,"column":7}},"type":"if","locations":[{"start":{"line":120,"column":6},"end":{"line":124,"column":7}}]},"14":{"loc":{"start":{"line":125,"column":6},"end":{"line":129,"column":7}},"type":"if","locations":[{"start":{"line":125,"column":6},"end":{"line":129,"column":7}}]},"15":{"loc":{"start":{"line":130,"column":6},"end":{"line":142,"column":7}},"type":"if","locations":[{"start":{"line":130,"column":6},"end":{"line":142,"column":7}}]},"16":{"loc":{"start":{"line":132,"column":8},"end":{"line":136,"column":9}},"type":"if","locations":[{"start":{"line":132,"column":8},"end":{"line":136,"column":9}}]},"17":{"loc":{"start":{"line":137,"column":8},"end":{"line":141,"column":9}},"type":"if","locations":[{"start":{"line":137,"column":8},"end":{"line":141,"column":9}}]},"18":{"loc":{"start":{"line":154,"column":4},"end":{"line":158,"column":5}},"type":"if","locations":[{"start":{"line":154,"column":4},"end":{"line":158,"column":5}}]},"19":{"loc":{"start":{"line":172,"column":4},"end":{"line":174,"column":5}},"type":"if","locations":[{"start":{"line":172,"column":4},"end":{"line":174,"column":5}}]},"20":{"loc":{"start":{"line":176,"column":4},"end":{"line":178,"column":5}},"type":"if","locations":[{"start":{"line":176,"column":4},"end":{"line":178,"column":5}}]},"21":{"loc":{"start":{"line":187,"column":4},"end":{"line":191,"column":5}},"type":"if","locations":[{"start":{"line":187,"column":4},"end":{"line":191,"column":5}}]},"22":{"loc":{"start":{"line":257,"column":4},"end":{"line":259,"column":5}},"type":"if","locations":[{"start":{"line":257,"column":4},"end":{"line":259,"column":5}}]},"23":{"loc":{"start":{"line":265,"column":4},"end":{"line":267,"column":5}},"type":"if","locations":[{"start":{"line":265,"column":4},"end":{"line":267,"column":5}}]},"24":{"loc":{"start":{"line":273,"column":4},"end":{"line":275,"column":5}},"type":"if","locations":[{"start":{"line":273,"column":4},"end":{"line":275,"column":5}}]}},"s":{"0":0,"1":0,"2":0,"3":0,"4":0,"5":0,"6":0,"7":0,"8":0,"9":0,"10":0,"11":0,"12":0,"13":0,"14":0,"15":0,"16":0,"17":0,"18":0,"19":0,"20":0,"21":0,"22":0,"23":0,"24":0,"25":0,"26":0,"27":0,"28":0,"29":0,"30":0,"31":0,"32":0,"33":0,"34":0,"35":0,"36":0,"37":0,"38":0,"39":0,"40":0,"41":0,"42":0,"43":0,"44":0,"45":0,"46":0,"47":0,"48":0,"49":0,"50":0,"51":0,"52":0,"53":0,"54":0,"55":0,"56":0,"57":0,"58":0,"59":0,"60":0,"61":0,"62":0,"63":0,"64":0,"65":0,"66":0,"67":0,"68":0,"69":0,"70":0,"71":0,"72":0,"73":0,"74":0,"75":0,"76":0,"77":0,"78":0,"79":0,"80":0,"81":0,"82":0,"83":0,"84":0,"85":0,"86":0,"87":0,"88":0,"89":0,"90":0,"91":0,"92":0,"93":0,"94":0,"95":0,"96":0,"97":0,"98":0,"99":0,"100":0,"101":0,"102":0,"103":0,"104":0,"105":0,"106":0},"f":{"0":0,"1":0,"2":0,"3":0,"4":0,"5":0,"6":0,"7":0,"8":0,"9":0,"10":0,"11":0,"12":0,"13":0},"b":{"0":[0],"1":[0],"2":[0],"3":[0],"4":[0],"5":[0],"6":[0],"7":[0],"8":[0],"9":[0],"10":[0],"11":[0],"12":[0],"13":[0],"14":[0],"15":[0],"16":[0],"17":[0],"18":[0],"19":[0],"20":[0],"21":[0],"22":[0],"23":[0],"24":[0]}}
,"/Users/jualfelsantamaria/Documents/Saas/V1.03/FOOD-INVENTORY-SAAS-COMPLETO/food-inventory-saas/src/auth/auth.controller.ts": {"path":"/Users/jualfelsantamaria/Documents/Saas/V1.03/FOOD-INVENTORY-SAAS-COMPLETO/food-inventory-saas/src/auth/auth.controller.ts","statementMap":{"0":{"start":{"line":1,"column":0},"end":{"line":1,"column":null}},"1":{"start":{"line":13,"column":0},"end":{"line":13,"column":45}},"2":{"start":{"line":14,"column":0},"end":{"line":14,"column":null}},"3":{"start":{"line":20,"column":0},"end":{"line":20,"column":45}},"4":{"start":{"line":21,"column":0},"end":{"line":21,"column":45}},"5":{"start":{"line":22,"column":0},"end":{"line":22,"column":null}},"6":{"start":{"line":31,"column":0},"end":{"line":31,"column":56}},"7":{"start":{"line":32,"column":0},"end":{"line":32,"column":53}},"8":{"start":{"line":33,"column":0},"end":{"line":33,"column":63}},"9":{"start":{"line":34,"column":0},"end":{"line":34,"column":66}},"10":{"start":{"line":35,"column":0},"end":{"line":35,"column":56}},"11":{"start":{"line":39,"column":7},"end":{"line":296,"column":null}},"12":{"start":{"line":40,"column":31},"end":{"line":40,"column":44}},"13":{"start":{"line":51,"column":4},"end":{"line":63,"column":5}},"14":{"start":{"line":52,"column":21},"end":{"line":52,"column":59}},"15":{"start":{"line":53,"column":6},"end":{"line":57,"column":8}},"16":{"start":{"line":59,"column":6},"end":{"line":62,"column":8}},"17":{"start":{"line":74,"column":4},"end":{"line":86,"column":5}},"18":{"start":{"line":75,"column":21},"end":{"line":75,"column":65}},"19":{"start":{"line":76,"column":6},"end":{"line":80,"column":8}},"20":{"start":{"line":82,"column":6},"end":{"line":85,"column":8}},"21":{"start":{"line":102,"column":19},"end":{"line":102,"column":63}},"22":{"start":{"line":106,"column":24},"end":{"line":106,"column":75}},"23":{"start":{"line":107,"column":4},"end":{"line":107,"column":119}},"24":{"start":{"line":117,"column":4},"end":{"line":129,"column":5}},"25":{"start":{"line":118,"column":21},"end":{"line":118,"column":79}},"26":{"start":{"line":119,"column":6},"end":{"line":123,"column":8}},"27":{"start":{"line":125,"column":6},"end":{"line":128,"column":8}},"28":{"start":{"line":138,"column":4},"end":{"line":152,"column":5}},"29":{"start":{"line":139,"column":21},"end":{"line":140,"column":null}},"30":{"start":{"line":142,"column":6},"end":{"line":146,"column":8}},"31":{"start":{"line":148,"column":6},"end":{"line":151,"column":8}},"32":{"start":{"line":164,"column":4},"end":{"line":175,"column":5}},"33":{"start":{"line":165,"column":6},"end":{"line":165,"column":73}},"34":{"start":{"line":166,"column":6},"end":{"line":169,"column":8}},"35":{"start":{"line":171,"column":6},"end":{"line":174,"column":8}},"36":{"start":{"line":186,"column":4},"end":{"line":200,"column":5}},"37":{"start":{"line":187,"column":6},"end":{"line":187,"column":63}},"38":{"start":{"line":188,"column":6},"end":{"line":192,"column":8}},"39":{"start":{"line":195,"column":6},"end":{"line":199,"column":8}},"40":{"start":{"line":214,"column":4},"end":{"line":225,"column":5}},"41":{"start":{"line":215,"column":6},"end":{"line":215,"column":61}},"42":{"start":{"line":216,"column":6},"end":{"line":219,"column":8}},"43":{"start":{"line":221,"column":6},"end":{"line":224,"column":8}},"44":{"start":{"line":234,"column":4},"end":{"line":246,"column":5}},"45":{"start":{"line":235,"column":22},"end":{"line":235,"column":68}},"46":{"start":{"line":236,"column":6},"end":{"line":240,"column":8}},"47":{"start":{"line":242,"column":6},"end":{"line":245,"column":8}},"48":{"start":{"line":256,"column":4},"end":{"line":267,"column":5}},"49":{"start":{"line":257,"column":6},"end":{"line":257,"column":49}},"50":{"start":{"line":258,"column":6},"end":{"line":261,"column":8}},"51":{"start":{"line":263,"column":6},"end":{"line":266,"column":8}},"52":{"start":{"line":276,"column":4},"end":{"line":294,"column":6}},"53":{"start":{"line":39,"column":13},"end":{"line":39,"column":27}},"54":{"start":{"line":50,"column":8},"end":{"line":64,"column":null}},"55":{"start":{"line":73,"column":8},"end":{"line":87,"column":null}},"56":{"start":{"line":93,"column":8},"end":{"line":95,"column":null}},"57":{"start":{"line":101,"column":8},"end":{"line":108,"column":null}},"58":{"start":{"line":116,"column":8},"end":{"line":130,"column":null}},"59":{"start":{"line":137,"column":8},"end":{"line":153,"column":null}},"60":{"start":{"line":160,"column":8},"end":{"line":176,"column":null}},"61":{"start":{"line":185,"column":8},"end":{"line":201,"column":null}},"62":{"start":{"line":213,"column":8},"end":{"line":226,"column":null}},"63":{"start":{"line":233,"column":8},"end":{"line":247,"column":null}},"64":{"start":{"line":255,"column":8},"end":{"line":268,"column":null}},"65":{"start":{"line":275,"column":8},"end":{"line":295,"column":null}},"66":{"start":{"line":39,"column":13},"end":{"line":296,"column":null}}},"fnMap":{"0":{"name":"(anonymous_4)","decl":{"start":{"line":40,"column":2},"end":{"line":40,"column":31}},"loc":{"start":{"line":40,"column":55},"end":{"line":40,"column":59}}},"1":{"name":"(anonymous_5)","decl":{"start":{"line":50,"column":2},"end":{"line":50,"column":7}},"loc":{"start":{"line":50,"column":40},"end":{"line":64,"column":3}}},"2":{"name":"(anonymous_6)","decl":{"start":{"line":73,"column":2},"end":{"line":73,"column":7}},"loc":{"start":{"line":73,"column":49},"end":{"line":87,"column":3}}},"3":{"name":"(anonymous_7)","decl":{"start":{"line":93,"column":2},"end":{"line":93,"column":7}},"loc":{"start":{"line":93,"column":33},"end":{"line":95,"column":3}}},"4":{"name":"(anonymous_8)","decl":{"start":{"line":101,"column":2},"end":{"line":101,"column":7}},"loc":{"start":{"line":101,"column":53},"end":{"line":108,"column":3}}},"5":{"name":"(anonymous_9)","decl":{"start":{"line":116,"column":2},"end":{"line":116,"column":7}},"loc":{"start":{"line":116,"column":71},"end":{"line":130,"column":3}}},"6":{"name":"(anonymous_10)","decl":{"start":{"line":137,"column":2},"end":{"line":137,"column":7}},"loc":{"start":{"line":137,"column":56},"end":{"line":153,"column":3}}},"7":{"name":"(anonymous_11)","decl":{"start":{"line":160,"column":2},"end":{"line":160,"column":7}},"loc":{"start":{"line":162,"column":18},"end":{"line":176,"column":3}}},"8":{"name":"(anonymous_12)","decl":{"start":{"line":185,"column":2},"end":{"line":185,"column":7}},"loc":{"start":{"line":185,"column":67},"end":{"line":201,"column":3}}},"9":{"name":"(anonymous_13)","decl":{"start":{"line":213,"column":2},"end":{"line":213,"column":7}},"loc":{"start":{"line":213,"column":64},"end":{"line":226,"column":3}}},"10":{"name":"(anonymous_14)","decl":{"start":{"line":233,"column":2},"end":{"line":233,"column":7}},"loc":{"start":{"line":233,"column":33},"end":{"line":247,"column":3}}},"11":{"name":"(anonymous_15)","decl":{"start":{"line":255,"column":2},"end":{"line":255,"column":7}},"loc":{"start":{"line":255,"column":29},"end":{"line":268,"column":3}}},"12":{"name":"(anonymous_16)","decl":{"start":{"line":275,"column":2},"end":{"line":275,"column":7}},"loc":{"start":{"line":275,"column":36},"end":{"line":295,"column":3}}}},"branchMap":{"0":{"loc":{"start":{"line":60,"column":8},"end":{"line":60,"column":44}},"type":"binary-expr","locations":[{"start":{"line":60,"column":8},"end":{"line":60,"column":21}},{"start":{"line":60,"column":25},"end":{"line":60,"column":44}}]},"1":{"loc":{"start":{"line":83,"column":8},"end":{"line":83,"column":47}},"type":"binary-expr","locations":[{"start":{"line":83,"column":8},"end":{"line":83,"column":21}},{"start":{"line":83,"column":25},"end":{"line":83,"column":47}}]},"2":{"loc":{"start":{"line":106,"column":24},"end":{"line":106,"column":75}},"type":"binary-expr","locations":[{"start":{"line":106,"column":24},"end":{"line":106,"column":48}},{"start":{"line":106,"column":52},"end":{"line":106,"column":75}}]},"3":{"loc":{"start":{"line":126,"column":8},"end":{"line":126,"column":49}},"type":"binary-expr","locations":[{"start":{"line":126,"column":8},"end":{"line":126,"column":21}},{"start":{"line":126,"column":25},"end":{"line":126,"column":49}}]},"4":{"loc":{"start":{"line":149,"column":8},"end":{"line":149,"column":49}},"type":"binary-expr","locations":[{"start":{"line":149,"column":8},"end":{"line":149,"column":21}},{"start":{"line":149,"column":25},"end":{"line":149,"column":49}}]},"5":{"loc":{"start":{"line":172,"column":8},"end":{"line":172,"column":54}},"type":"binary-expr","locations":[{"start":{"line":172,"column":8},"end":{"line":172,"column":21}},{"start":{"line":172,"column":25},"end":{"line":172,"column":54}}]},"6":{"loc":{"start":{"line":222,"column":8},"end":{"line":222,"column":55}},"type":"binary-expr","locations":[{"start":{"line":222,"column":8},"end":{"line":222,"column":21}},{"start":{"line":222,"column":25},"end":{"line":222,"column":55}}]},"7":{"loc":{"start":{"line":243,"column":8},"end":{"line":243,"column":50}},"type":"binary-expr","locations":[{"start":{"line":243,"column":8},"end":{"line":243,"column":21}},{"start":{"line":243,"column":25},"end":{"line":243,"column":50}}]},"8":{"loc":{"start":{"line":264,"column":8},"end":{"line":264,"column":49}},"type":"binary-expr","locations":[{"start":{"line":264,"column":8},"end":{"line":264,"column":21}},{"start":{"line":264,"column":25},"end":{"line":264,"column":49}}]}},"s":{"0":0,"1":0,"2":0,"3":0,"4":0,"5":0,"6":0,"7":0,"8":0,"9":0,"10":0,"11":0,"12":0,"13":0,"14":0,"15":0,"16":0,"17":0,"18":0,"19":0,"20":0,"21":0,"22":0,"23":0,"24":0,"25":0,"26":0,"27":0,"28":0,"29":0,"30":0,"31":0,"32":0,"33":0,"34":0,"35":0,"36":0,"37":0,"38":0,"39":0,"40":0,"41":0,"42":0,"43":0,"44":0,"45":0,"46":0,"47":0,"48":0,"49":0,"50":0,"51":0,"52":0,"53":0,"54":0,"55":0,"56":0,"57":0,"58":0,"59":0,"60":0,"61":0,"62":0,"63":0,"64":0,"65":0,"66":0},"f":{"0":0,"1":0,"2":0,"3":0,"4":0,"5":0,"6":0,"7":0,"8":0,"9":0,"10":0,"11":0,"12":0},"b":{"0":[0,0],"1":[0,0],"2":[0,0],"3":[0,0],"4":[0,0],"5":[0,0],"6":[0,0],"7":[0,0],"8":[0,0]}}
,"/Users/jualfelsantamaria/Documents/Saas/V1.03/FOOD-INVENTORY-SAAS-COMPLETO/food-inventory-saas/src/auth/auth.module.ts": {"path":"/Users/jualfelsantamaria/Documents/Saas/V1.03/FOOD-INVENTORY-SAAS-COMPLETO/food-inventory-saas/src/auth/auth.module.ts","statementMap":{"0":{"start":{"line":1,"column":0},"end":{"line":1,"column":40}},"1":{"start":{"line":2,"column":0},"end":{"line":2,"column":40}},"2":{"start":{"line":3,"column":0},"end":{"line":3,"column":50}},"3":{"start":{"line":4,"column":0},"end":{"line":4,"column":50}},"4":{"start":{"line":5,"column":0},"end":{"line":5,"column":61}},"5":{"start":{"line":6,"column":0},"end":{"line":6,"column":51}},"6":{"start":{"line":7,"column":0},"end":{"line":7,"column":45}},"7":{"start":{"line":8,"column":0},"end":{"line":8,"column":45}},"8":{"start":{"line":9,"column":0},"end":{"line":9,"column":58}},"9":{"start":{"line":10,"column":0},"end":{"line":10,"column":64}},"10":{"start":{"line":11,"column":0},"end":{"line":11,"column":60}},"11":{"start":{"line":12,"column":0},"end":{"line":12,"column":51}},"12":{"start":{"line":45,"column":7},"end":{"line":45,"column":null}},"13":{"start":{"line":45,"column":13},"end":{"line":45,"column":23}},"14":{"start":{"line":45,"column":13},"end":{"line":45,"column":null}},"15":{"start":{"line":20,"column":59},"end":{"line":25,"column":8}}},"fnMap":{"0":{"name":"(anonymous_1)","decl":{"start":{"line":20,"column":18},"end":{"line":20,"column":23}},"loc":{"start":{"line":20,"column":59},"end":{"line":25,"column":8}}}},"branchMap":{},"s":{"0":0,"1":0,"2":0,"3":0,"4":0,"5":0,"6":0,"7":0,"8":0,"9":0,"10":0,"11":0,"12":0,"13":0,"14":0,"15":0},"f":{"0":0},"b":{}}
,"/Users/jualfelsantamaria/Documents/Saas/V1.03/FOOD-INVENTORY-SAAS-COMPLETO/food-inventory-saas/src/auth/auth.service.ts": {"path":"/Users/jualfelsantamaria/Documents/Saas/V1.03/FOOD-INVENTORY-SAAS-COMPLETO/food-inventory-saas/src/auth/auth.service.ts","statementMap":{"0":{"start":{"line":1,"column":0},"end":{"line":1,"column":null}},"1":{"start":{"line":8,"column":0},"end":{"line":8,"column":41}},"2":{"start":{"line":9,"column":0},"end":{"line":9,"column":47}},"3":{"start":{"line":10,"column":0},"end":{"line":10,"column":33}},"4":{"start":{"line":11,"column":0},"end":{"line":11,"column":33}},"5":{"start":{"line":12,"column":0},"end":{"line":12,"column":36}},"6":{"start":{"line":13,"column":0},"end":{"line":13,"column":60}},"7":{"start":{"line":14,"column":0},"end":{"line":14,"column":66}},"8":{"start":{"line":24,"column":0},"end":{"line":24,"column":62}},"9":{"start":{"line":28,"column":24},"end":{"line":572,"column":null}},"10":{"start":{"line":32,"column":36},"end":{"line":32,"column":47}},"11":{"start":{"line":33,"column":38},"end":{"line":33,"column":51}},"12":{"start":{"line":34,"column":12},"end":{"line":34,"column":24}},"13":{"start":{"line":35,"column":12},"end":{"line":35,"column":26}},"14":{"start":{"line":29,"column":19},"end":{"line":29,"column":57}},"15":{"start":{"line":39,"column":4},"end":{"line":51,"column":5}},"16":{"start":{"line":40,"column":19},"end":{"line":40,"column":82}},"17":{"start":{"line":41,"column":6},"end":{"line":43,"column":7}},"18":{"start":{"line":42,"column":8},"end":{"line":42,"column":74}},"19":{"start":{"line":44,"column":21},"end":{"line":44,"column":74}},"20":{"start":{"line":45,"column":21},"end":{"line":45,"column":82}},"21":{"start":{"line":46,"column":6},"end":{"line":50,"column":8}},"22":{"start":{"line":53,"column":48},"end":{"line":53,"column":68}},"23":{"start":{"line":54,"column":4},"end":{"line":54,"column":98}},"24":{"start":{"line":59,"column":4},"end":{"line":93,"column":5}},"25":{"start":{"line":60,"column":6},"end":{"line":60,"column":107}},"26":{"start":{"line":61,"column":6},"end":{"line":64,"column":7}},"27":{"start":{"line":62,"column":8},"end":{"line":62,"column":88}},"28":{"start":{"line":63,"column":8},"end":{"line":63,"column":66}},"29":{"start":{"line":65,"column":23},"end":{"line":65,"column":51}},"30":{"start":{"line":66,"column":6},"end":{"line":68,"column":7}},"31":{"start":{"line":67,"column":8},"end":{"line":67,"column":94}},"32":{"start":{"line":72,"column":21},"end":{"line":72,"column":73}},"33":{"start":{"line":73,"column":6},"end":{"line":76,"column":7}},"34":{"start":{"line":74,"column":8},"end":{"line":74,"column":82}},"35":{"start":{"line":75,"column":8},"end":{"line":75,"column":66}},"36":{"start":{"line":77,"column":6},"end":{"line":77,"column":72}},"37":{"start":{"line":79,"column":6},"end":{"line":82,"column":16}},"38":{"start":{"line":83,"column":6},"end":{"line":86,"column":7}},"39":{"start":{"line":84,"column":8},"end":{"line":84,"column":100}},"40":{"start":{"line":85,"column":8},"end":{"line":85,"column":66}},"41":{"start":{"line":87,"column":6},"end":{"line":87,"column":88}},"42":{"start":{"line":89,"column":6},"end":{"line":92,"column":7}},"43":{"start":{"line":90,"column":8},"end":{"line":90,"column":81}},"44":{"start":{"line":91,"column":8},"end":{"line":91,"column":82}},"45":{"start":{"line":96,"column":4},"end":{"line":100,"column":5}},"46":{"start":{"line":97,"column":28},"end":{"line":97,"column":86}},"47":{"start":{"line":98,"column":6},"end":{"line":98,"column":74}},"48":{"start":{"line":99,"column":6},"end":{"line":99,"column":96}},"49":{"start":{"line":102,"column":4},"end":{"line":102,"column":66}},"50":{"start":{"line":103,"column":28},"end":{"line":103,"column":73}},"51":{"start":{"line":104,"column":4},"end":{"line":104,"column":61}},"52":{"start":{"line":106,"column":4},"end":{"line":110,"column":5}},"53":{"start":{"line":107,"column":6},"end":{"line":107,"column":63}},"54":{"start":{"line":108,"column":6},"end":{"line":108,"column":41}},"55":{"start":{"line":109,"column":6},"end":{"line":109,"column":64}},"56":{"start":{"line":112,"column":4},"end":{"line":115,"column":5}},"57":{"start":{"line":113,"column":6},"end":{"line":113,"column":56}},"58":{"start":{"line":114,"column":6},"end":{"line":114,"column":58}},"59":{"start":{"line":116,"column":4},"end":{"line":116,"column":40}},"60":{"start":{"line":118,"column":4},"end":{"line":118,"column":54}},"61":{"start":{"line":119,"column":4},"end":{"line":126,"column":6}},"62":{"start":{"line":128,"column":4},"end":{"line":128,"column":50}},"63":{"start":{"line":129,"column":19},"end":{"line":129,"column":92}},"64":{"start":{"line":130,"column":4},"end":{"line":130,"column":47}},"65":{"start":{"line":131,"column":19},"end":{"line":131,"column":58}},"66":{"start":{"line":133,"column":4},"end":{"line":133,"column":66}},"67":{"start":{"line":135,"column":24},"end":{"line":142,"column":6}},"68":{"start":{"line":144,"column":4},"end":{"line":161,"column":5}},"69":{"start":{"line":145,"column":6},"end":{"line":154,"column":8}},"70":{"start":{"line":157,"column":6},"end":{"line":160,"column":8}},"71":{"start":{"line":165,"column":4},"end":{"line":165,"column":76}},"72":{"start":{"line":167,"column":19},"end":{"line":169,"column":6}},"73":{"start":{"line":170,"column":4},"end":{"line":172,"column":5}},"74":{"start":{"line":171,"column":6},"end":{"line":171,"column":60}},"75":{"start":{"line":174,"column":4},"end":{"line":176,"column":5}},"76":{"start":{"line":175,"column":6},"end":{"line":175,"column":85}},"77":{"start":{"line":178,"column":25},"end":{"line":181,"column":6}},"78":{"start":{"line":183,"column":4},"end":{"line":187,"column":5}},"79":{"start":{"line":184,"column":6},"end":{"line":186,"column":8}},"80":{"start":{"line":189,"column":38},"end":{"line":189,"column":116}},"81":{"start":{"line":190,"column":4},"end":{"line":192,"column":5}},"82":{"start":{"line":191,"column":8},"end":{"line":191,"column":82}},"83":{"start":{"line":194,"column":27},"end":{"line":194,"column":70}},"84":{"start":{"line":196,"column":21},"end":{"line":202,"column":6}},"85":{"start":{"line":204,"column":17},"end":{"line":204,"column":45}},"86":{"start":{"line":205,"column":22},"end":{"line":205,"column":39}},"87":{"start":{"line":207,"column":4},"end":{"line":207,"column":96}},"88":{"start":{"line":209,"column":25},"end":{"line":209,"column":57}},"89":{"start":{"line":210,"column":19},"end":{"line":210,"column":66}},"90":{"start":{"line":212,"column":4},"end":{"line":212,"column":72}},"91":{"start":{"line":214,"column":4},"end":{"line":229,"column":6}},"92":{"start":{"line":233,"column":4},"end":{"line":233,"column":82}},"93":{"start":{"line":235,"column":17},"end":{"line":235,"column":80}},"94":{"start":{"line":237,"column":4},"end":{"line":245,"column":5}},"95":{"start":{"line":238,"column":6},"end":{"line":238,"column":81}},"96":{"start":{"line":240,"column":6},"end":{"line":243,"column":7}},"97":{"start":{"line":241,"column":8},"end":{"line":241,"column":85}},"98":{"start":{"line":242,"column":8},"end":{"line":242,"column":107}},"99":{"start":{"line":244,"column":6},"end":{"line":244,"column":18}},"100":{"start":{"line":247,"column":4},"end":{"line":247,"column":78}},"101":{"start":{"line":248,"column":4},"end":{"line":248,"column":115}},"102":{"start":{"line":252,"column":4},"end":{"line":254,"column":5}},"103":{"start":{"line":253,"column":6},"end":{"line":253,"column":55}},"104":{"start":{"line":256,"column":40},"end":{"line":256,"column":44}},"105":{"start":{"line":258,"column":4},"end":{"line":264,"column":5}},"106":{"start":{"line":259,"column":6},"end":{"line":259,"column":69}},"107":{"start":{"line":260,"column":6},"end":{"line":263,"column":7}},"108":{"start":{"line":261,"column":8},"end":{"line":261,"column":100}},"109":{"start":{"line":262,"column":8},"end":{"line":262,"column":111}},"110":{"start":{"line":267,"column":19},"end":{"line":267,"column":58}},"111":{"start":{"line":269,"column":4},"end":{"line":269,"column":71}},"112":{"start":{"line":271,"column":24},"end":{"line":278,"column":6}},"113":{"start":{"line":280,"column":4},"end":{"line":297,"column":5}},"114":{"start":{"line":281,"column":6},"end":{"line":290,"column":8}},"115":{"start":{"line":293,"column":6},"end":{"line":296,"column":8}},"116":{"start":{"line":301,"column":4},"end":{"line":303,"column":6}},"117":{"start":{"line":305,"column":19},"end":{"line":305,"column":72}},"118":{"start":{"line":306,"column":4},"end":{"line":308,"column":5}},"119":{"start":{"line":307,"column":6},"end":{"line":307,"column":60}},"120":{"start":{"line":310,"column":4},"end":{"line":312,"column":5}},"121":{"start":{"line":311,"column":6},"end":{"line":311,"column":97}},"122":{"start":{"line":314,"column":25},"end":{"line":317,"column":6}},"123":{"start":{"line":319,"column":4},"end":{"line":321,"column":5}},"124":{"start":{"line":320,"column":6},"end":{"line":320,"column":67}},"125":{"start":{"line":323,"column":38},"end":{"line":323,"column":117}},"126":{"start":{"line":324,"column":4},"end":{"line":326,"column":5}},"127":{"start":{"line":325,"column":8},"end":{"line":325,"column":84}},"128":{"start":{"line":328,"column":27},"end":{"line":328,"column":72}},"129":{"start":{"line":330,"column":21},"end":{"line":337,"column":6}},"130":{"start":{"line":339,"column":17},"end":{"line":339,"column":45}},"131":{"start":{"line":340,"column":22},"end":{"line":340,"column":39}},"132":{"start":{"line":343,"column":4},"end":{"line":343,"column":106}},"133":{"start":{"line":345,"column":4},"end":{"line":345,"column":69}},"134":{"start":{"line":347,"column":25},"end":{"line":347,"column":57}},"135":{"start":{"line":349,"column":4},"end":{"line":356,"column":6}},"136":{"start":{"line":360,"column":4},"end":{"line":378,"column":5}},"137":{"start":{"line":361,"column":22},"end":{"line":363,"column":8}},"138":{"start":{"line":365,"column":19},"end":{"line":365,"column":78}},"139":{"start":{"line":366,"column":6},"end":{"line":368,"column":7}},"140":{"start":{"line":367,"column":8},"end":{"line":367,"column":60}},"141":{"start":{"line":370,"column":21},"end":{"line":370,"column":67}},"142":{"start":{"line":371,"column":6},"end":{"line":373,"column":7}},"143":{"start":{"line":372,"column":8},"end":{"line":372,"column":59}},"144":{"start":{"line":375,"column":6},"end":{"line":375,"column":47}},"145":{"start":{"line":377,"column":6},"end":{"line":377,"column":64}},"146":{"start":{"line":382,"column":4},"end":{"line":382,"column":71}},"147":{"start":{"line":384,"column":20},"end":{"line":384,"column":58}},"148":{"start":{"line":385,"column":4},"end":{"line":387,"column":5}},"149":{"start":{"line":386,"column":6},"end":{"line":386,"column":63}},"150":{"start":{"line":389,"column":35},"end":{"line":391,"column":null}},"151":{"start":{"line":394,"column":4},"end":{"line":396,"column":5}},"152":{"start":{"line":395,"column":6},"end":{"line":395,"column":68}},"153":{"start":{"line":398,"column":4},"end":{"line":400,"column":5}},"154":{"start":{"line":399,"column":6},"end":{"line":399,"column":90}},"155":{"start":{"line":402,"column":30},"end":{"line":404,"column":null}},"156":{"start":{"line":407,"column":4},"end":{"line":410,"column":6}},"157":{"start":{"line":412,"column":4},"end":{"line":412,"column":77}},"158":{"start":{"line":416,"column":4},"end":{"line":418,"column":6}},"159":{"start":{"line":420,"column":36},"end":{"line":420,"column":40}},"160":{"start":{"line":422,"column":4},"end":{"line":434,"column":5}},"161":{"start":{"line":423,"column":21},"end":{"line":425,"column":8}},"162":{"start":{"line":426,"column":6},"end":{"line":431,"column":7}},"163":{"start":{"line":427,"column":8},"end":{"line":430,"column":11}},"164":{"start":{"line":433,"column":6},"end":{"line":433,"column":78}},"165":{"start":{"line":436,"column":4},"end":{"line":449,"column":5}},"166":{"start":{"line":437,"column":25},"end":{"line":437,"column":33}},"167":{"start":{"line":438,"column":27},"end":{"line":438,"column":57}},"168":{"start":{"line":440,"column":6},"end":{"line":446,"column":8}},"169":{"start":{"line":448,"column":6},"end":{"line":448,"column":80}},"170":{"start":{"line":453,"column":4},"end":{"line":455,"column":6}},"171":{"start":{"line":457,"column":17},"end":{"line":460,"column":6}},"172":{"start":{"line":462,"column":4},"end":{"line":464,"column":5}},"173":{"start":{"line":463,"column":6},"end":{"line":463,"column":76}},"174":{"start":{"line":466,"column":27},"end":{"line":466,"column":78}},"175":{"start":{"line":468,"column":4},"end":{"line":479,"column":6}},"176":{"start":{"line":481,"column":4},"end":{"line":481,"column":75}},"177":{"start":{"line":485,"column":17},"end":{"line":490,"column":13}},"178":{"start":{"line":492,"column":4},"end":{"line":494,"column":5}},"179":{"start":{"line":493,"column":6},"end":{"line":493,"column":63}},"180":{"start":{"line":496,"column":4},"end":{"line":496,"column":16}},"181":{"start":{"line":500,"column":4},"end":{"line":500,"column":53}},"182":{"start":{"line":504,"column":4},"end":{"line":504,"column":82}},"183":{"start":{"line":505,"column":4},"end":{"line":505,"column":74}},"184":{"start":{"line":506,"
[...]
,"column":13},"end":{"line":155,"column":null}}},"fnMap":{"0":{"name":"(anonymous_4)","decl":{"start":{"line":14,"column":2},"end":{"line":14,"column":null}},"loc":{"start":{"line":19,"column":44},"end":{"line":20,"column":6}}},"1":{"name":"(anonymous_5)","decl":{"start":{"line":22,"column":2},"end":{"line":22,"column":7}},"loc":{"start":{"line":22,"column":15},"end":{"line":24,"column":3}}},"2":{"name":"(anonymous_6)","decl":{"start":{"line":26,"column":2},"end":{"line":26,"column":7}},"loc":{"start":{"line":26,"column":21},"end":{"line":28,"column":3}}},"3":{"name":"(anonymous_7)","decl":{"start":{"line":30,"column":2},"end":{"line":30,"column":7}},"loc":{"start":{"line":30,"column":26},"end":{"line":36,"column":3}}},"4":{"name":"(anonymous_8)","decl":{"start":{"line":38,"column":2},"end":{"line":38,"column":7}},"loc":{"start":{"line":38,"column":99},"end":{"line":65,"column":3}}},"5":{"name":"(anonymous_9)","decl":{"start":{"line":67,"column":2},"end":{"line":67,"column":7}},"loc":{"start":{"line":67,"column":87},"end":{"line":92,"column":3}}},"6":{"name":"(anonymous_10)","decl":{"start":{"line":94,"column":2},"end":{"line":94,"column":7}},"loc":{"start":{"line":94,"column":42},"end":{"line":99,"column":3}}},"7":{"name":"(anonymous_11)","decl":{"start":{"line":101,"column":2},"end":{"line":101,"column":7}},"loc":{"start":{"line":101,"column":75},"end":{"line":120,"column":3}}},"8":{"name":"(anonymous_12)","decl":{"start":{"line":122,"column":2},"end":{"line":122,"column":7}},"loc":{"start":{"line":122,"column":21},"end":{"line":124,"column":3}}},"9":{"name":"(anonymous_13)","decl":{"start":{"line":126,"column":2},"end":{"line":126,"column":7}},"loc":{"start":{"line":126,"column":24},"end":{"line":154,"column":3}}}},"branchMap":{"0":{"loc":{"start":{"line":32,"column":4},"end":{"line":34,"column":5}},"type":"if","locations":[{"start":{"line":32,"column":4},"end":{"line":34,"column":5}}]},"1":{"loc":{"start":{"line":40,"column":4},"end":{"line":42,"column":5}},"type":"if","locations":[{"start":{"line":40,"column":4},"end":{"line":42,"column":5}}]},"2":{"loc":{"start":{"line":46,"column":4},"end":{"line":49,"column":5}},"type":"if","locations":[{"start":{"line":46,"column":4},"end":{"line":49,"column":5}}]},"3":{"loc":{"start":{"line":52,"column":4},"end":{"line":54,"column":5}},"type":"if","locations":[{"start":{"line":52,"column":4},"end":{"line":54,"column":5}}]},"4":{"loc":{"start":{"line":69,"column":4},"end":{"line":71,"column":5}},"type":"if","locations":[{"start":{"line":69,"column":4},"end":{"line":71,"column":5}}]},"5":{"loc":{"start":{"line":79,"column":4},"end":{"line":81,"column":5}},"type":"if","locations":[{"start":{"line":79,"column":4},"end":{"line":81,"column":5}}]},"6":{"loc":{"start":{"line":103,"column":4},"end":{"line":105,"column":5}},"type":"if","locations":[{"start":{"line":103,"column":4},"end":{"line":105,"column":5}}]},"7":{"loc":{"start":{"line":115,"column":6},"end":{"line":115,"column":79}},"type":"cond-expr","locations":[{"start":{"line":115,"column":35},"end":{"line":115,"column":72}},{"start":{"line":115,"column":75},"end":{"line":115,"column":79}}]}},"s":{"0":0,"1":0,"2":0,"3":0,"4":0,"5":0,"6":0,"7":0,"8":0,"9":0,"10":0,"11":0,"12":0,"13":0,"14":0,"15":0,"16":0,"17":0,"18":0,"19":0,"20":0,"21":0,"22":0,"23":0,"24":0,"25":0,"26":0,"27":0,"28":0,"29":0,"30":0,"31":0,"32":0,"33":0,"34":0,"35":0,"36":0,"37":0,"38":0,"39":0,"40":0,"41":0,"42":0,"43":0,"44":0,"45":0,"46":0,"47":0,"48":0,"49":0,"50":0,"51":0,"52":0,"53":0,"54":0,"55":0,"56":0,"57":0,"58":0,"59":0,"60":0,"61":0,"62":0,"63":0,"64":0,"65":0,"66":0},"f":{"0":0,"1":0,"2":0,"3":0,"4":0,"5":0,"6":0,"7":0,"8":0,"9":0},"b":{"0":[0],"1":[0],"2":[0],"3":[0],"4":[0],"5":[0],"6":[0],"7":[0,0]}}
,"/Users/jualfelsantamaria/Documents/Saas/V1.03/FOOD-INVENTORY-SAAS-COMPLETO/food-inventory-saas/src/utils/logger-sanitizer.util.ts": {"path":"/Users/jualfelsantamaria/Documents/Saas/V1.03/FOOD-INVENTORY-SAAS-COMPLETO/food-inventory-saas/src/utils/logger-sanitizer.util.ts","statementMap":{"0":{"start":{"line":64,"column":4},"end":{"line":66,"column":5}},"1":{"start":{"line":65,"column":6},"end":{"line":65,"column":18}},"2":{"start":{"line":69,"column":4},"end":{"line":71,"column":5}},"3":{"start":{"line":70,"column":6},"end":{"line":70,"column":18}},"4":{"start":{"line":74,"column":4},"end":{"line":76,"column":5}},"5":{"start":{"line":75,"column":6},"end":{"line":75,"column":53}},"6":{"start":{"line":75,"column":32},"end":{"line":75,"column":51}},"7":{"start":{"line":79,"column":27},"end":{"line":79,"column":29}},"8":{"start":{"line":81,"column":4},"end":{"line":96,"column":5}},"9":{"start":{"line":82,"column":6},"end":{"line":84,"column":7}},"10":{"start":{"line":83,"column":8},"end":{"line":83,"column":17}},"11":{"start":{"line":87,"column":6},"end":{"line":95,"column":7}},"12":{"start":{"line":88,"column":8},"end":{"line":88,"column":42}},"13":{"start":{"line":89,"column":13},"end":{"line":95,"column":7}},"14":{"start":{"line":91,"column":8},"end":{"line":91,"column":50}},"15":{"start":{"line":94,"column":8},"end":{"line":94,"column":35}},"16":{"start":{"line":98,"column":4},"end":{"line":98,"column":21}},"17":{"start":{"line":108,"column":27},"end":{"line":108,"column":50}},"18":{"start":{"line":110,"column":4},"end":{"line":112,"column":7}},"19":{"start":{"line":111,"column":6},"end":{"line":111,"column":67}},"20":{"start":{"line":123,"column":4},"end":{"line":125,"column":5}},"21":{"start":{"line":124,"column":6},"end":{"line":124,"column":18}},"22":{"start":{"line":127,"column":4},"end":{"line":155,"column":5}},"23":{"start":{"line":129,"column":21},"end":{"line":129,"column":37}},"24":{"start":{"line":130,"column":24},"end":{"line":130,"column":45}},"25":{"start":{"line":131,"column":6},"end":{"line":131,"column":39}},"26":{"start":{"line":134,"column":26},"end":{"line":134,"column":30}},"27":{"start":{"line":137,"column":6},"end":{"line":140,"column":8}},"28":{"start":{"line":143,"column":6},"end":{"line":146,"column":8}},"29":{"start":{"line":149,"column":6},"end":{"line":152,"column":8}},"30":{"start":{"line":154,"column":6},"end":{"line":154,"column":27}},"31":{"start":{"line":165,"column":4},"end":{"line":167,"column":5}},"32":{"start":{"line":166,"column":6},"end":{"line":166,"column":21}},"33":{"start":{"line":169,"column":27},"end":{"line":169,"column":41}},"34":{"start":{"line":172,"column":29},"end":{"line":178,"column":6}},"35":{"start":{"line":180,"column":4},"end":{"line":191,"column":5}},"36":{"start":{"line":181,"column":6},"end":{"line":183,"column":7}},"37":{"start":{"line":182,"column":8},"end":{"line":182,"column":45}},"38":{"start":{"line":185,"column":26},"end":{"line":185,"column":46}},"39":{"start":{"line":186,"column":6},"end":{"line":190,"column":7}},"40":{"start":{"line":187,"column":8},"end":{"line":189,"column":9}},"41":{"start":{"line":188,"column":10},"end":{"line":188,"column":44}},"42":{"start":{"line":193,"column":4},"end":{"line":193,"column":21}},"43":{"start":{"line":204,"column":4},"end":{"line":206,"column":5}},"44":{"start":{"line":205,"column":6},"end":{"line":205,"column":21}},"45":{"start":{"line":208,"column":22},"end":{"line":208,"column":41}},"46":{"start":{"line":209,"column":4},"end":{"line":209,"column":53}},"47":{"start":{"line":9,"column":0},"end":{"line":9,"column":13}},"48":{"start":{"line":13,"column":26},"end":{"line":54,"column":4}}},"fnMap":{"0":{"name":"(anonymous_0)","decl":{"start":{"line":62,"column":2},"end":{"line":62,"column":8}},"loc":{"start":{"line":62,"column":27},"end":{"line":99,"column":3}}},"1":{"name":"(anonymous_1)","decl":{"start":{"line":75,"column":22},"end":{"line":75,"column":23}},"loc":{"start":{"line":75,"column":32},"end":{"line":75,"column":51}}},"2":{"name":"(anonymous_2)","decl":{"start":{"line":107,"column":10},"end":{"line":107,"column":16}},"loc":{"start":{"line":107,"column":51},"end":{"line":113,"column":3}}},"3":{"name":"(anonymous_3)","decl":{"start":{"line":110,"column":38},"end":{"line":110,"column":39}},"loc":{"start":{"line":110,"column":57},"end":{"line":112,"column":5}}},"4":{"name":"(anonymous_4)","decl":{"start":{"line":122,"column":2},"end":{"line":122,"column":8}},"loc":{"start":{"line":122,"column":34},"end":{"line":156,"column":3}}},"5":{"name":"(anonymous_5)","decl":{"start":{"line":164,"column":2},"end":{"line":164,"column":8}},"loc":{"start":{"line":164,"column":37},"end":{"line":194,"column":3}}},"6":{"name":"(anonymous_6)","decl":{"start":{"line":203,"column":2},"end":{"line":203,"column":8}},"loc":{"start":{"line":203,"column":53},"end":{"line":210,"column":3}}}},"branchMap":{"0":{"loc":{"start":{"line":64,"column":4},"end":{"line":66,"column":5}},"type":"if","locations":[{"start":{"line":64,"column":4},"end":{"line":66,"column":5}}]},"1":{"loc":{"start":{"line":64,"column":8},"end":{"line":64,"column":43}},"type":"binary-expr","locations":[{"start":{"line":64,"column":8},"end":{"line":64,"column":21}},{"start":{"line":64,"column":25},"end":{"line":64,"column":43}}]},"2":{"loc":{"start":{"line":69,"column":4},"end":{"line":71,"column":5}},"type":"if","locations":[{"start":{"line":69,"column":4},"end":{"line":71,"column":5}}]},"3":{"loc":{"start":{"line":74,"column":4},"end":{"line":76,"column":5}},"type":"if","locations":[{"start":{"line":74,"column":4},"end":{"line":76,"column":5}}]},"4":{"loc":{"start":{"line":82,"column":6},"end":{"line":84,"column":7}},"type":"if","locations":[{"start":{"line":82,"column":6},"end":{"line":84,"column":7}}]},"5":{"loc":{"start":{"line":87,"column":6},"end":{"line":95,"column":7}},"type":"if","locations":[{"start":{"line":87,"column":6},"end":{"line":95,"column":7}},{"start":{"line":89,"column":13},"end":{"line":95,"column":7}}]},"6":{"loc":{"start":{"line":89,"column":13},"end":{"line":95,"column":7}},"type":"if","locations":[{"start":{"line":89,"column":13},"end":{"line":95,"column":7}},{"start":{"line":92,"column":13},"end":{"line":95,"column":7}}]},"7":{"loc":{"start":{"line":123,"column":4},"end":{"line":125,"column":5}},"type":"if","locations":[{"start":{"line":123,"column":4},"end":{"line":125,"column":5}}]},"8":{"loc":{"start":{"line":123,"column":8},"end":{"line":123,"column":41}},"type":"binary-expr","locations":[{"start":{"line":123,"column":8},"end":{"line":123,"column":13}},{"start":{"line":123,"column":17},"end":{"line":123,"column":41}}]},"9":{"loc":{"start":{"line":165,"column":4},"end":{"line":167,"column":5}},"type":"if","locations":[{"start":{"line":165,"column":4},"end":{"line":167,"column":5}}]},"10":{"loc":{"start":{"line":165,"column":8},"end":{"line":165,"column":47}},"type":"binary-expr","locations":[{"start":{"line":165,"column":8},"end":{"line":165,"column":16}},{"start":{"line":165,"column":20},"end":{"line":165,"column":47}}]},"11":{"loc":{"start":{"line":181,"column":6},"end":{"line":183,"column":7}},"type":"if","locations":[{"start":{"line":181,"column":6},"end":{"line":183,"column":7}}]},"12":{"loc":{"start":{"line":187,"column":8},"end":{"line":189,"column":9}},"type":"if","locations":[{"start":{"line":187,"column":8},"end":{"line":189,"column":9}}]},"13":{"loc":{"start":{"line":204,"column":4},"end":{"line":206,"column":5}},"type":"if","locations":[{"start":{"line":204,"column":4},"end":{"line":206,"column":5}}]}},"s":{"0":0,"1":0,"2":0,"3":0,"4":0,"5":0,"6":0,"7":0,"8":0,"9":0,"10":0,"11":0,"12":0,"13":0,"14":0,"15":0,"16":0,"17":0,"18":0,"19":0,"20":0,"21":0,"22":0,"23":0,"24":0,"25":0,"26":0,"27":0,"28":0,"29":0,"30":0,"31":0,"32":0,"33":0,"34":0,"35":0,"36":0,"37":0,"38":0,"39":0,"40":0,"41":0,"42":0,"43":0,"44":0,"45":0,"46":0,"47":0,"48":0},"f":{"0":0,"1":0,"2":0,"3":0,"4":0,"5":0,"6":0},"b":{"0":[0],"1":[0,0],"2":[0],"3":[0],"4":[0],"5":[0,0],"6":[0,0],"7":[0],"8":[0,0],"9":[0],"10":[0,0],"11":[0],"12":[0],"13":[0]}}
,"/Users/jualfelsantamaria/Documents/Saas/V1.03/FOOD-INVENTORY-SAAS-COMPLETO/food-inventory-saas/src/utils/unit-conversion.util.ts": {"path":"/Users/jualfelsantamaria/Documents/Saas/V1.03/FOOD-INVENTORY-SAAS-COMPLETO/food-inventory-saas/src/utils/unit-conversion.util.ts","statementMap":{"0":{"start":{"line":1,"column":0},"end":{"line":1,"column":53}},"1":{"start":{"line":2,"column":0},"end":{"line":2,"column":33}},"2":{"start":{"line":11,"column":0},"end":{"line":11,"column":64}},"3":{"start":{"line":24,"column":28},"end":{"line":24,"column":49}},"4":{"start":{"line":25,"column":26},"end":{"line":25,"column":67}},"5":{"start":{"line":27,"column":19},"end":{"line":27,"column":55}},"6":{"start":{"line":30,"column":4},"end":{"line":30,"column":48}},"7":{"start":{"line":43,"column":28},"end":{"line":43,"column":49}},"8":{"start":{"line":44,"column":25},"end":{"line":44,"column":50}},"9":{"start":{"line":46,"column":19},"end":{"line":46,"column":54}},"10":{"start":{"line":49,"column":4},"end":{"line":49,"column":48}},"11":{"start":{"line":63,"column":17},"end":{"line":64,"column":null}},"12":{"start":{"line":64,"column":11},"end":{"line":64,"column":56}},"13":{"start":{"line":67,"column":4},"end":{"line":71,"column":5}},"14":{"start":{"line":68,"column":6},"end":{"line":70,"column":8}},"15":{"start":{"line":73,"column":4},"end":{"line":73,"column":16}},"16":{"start":{"line":86,"column":4},"end":{"line":90,"column":5}},"17":{"start":{"line":87,"column":6},"end":{"line":89,"column":8}},"18":{"start":{"line":103,"column":4},"end":{"line":105,"column":5}},"19":{"start":{"line":104,"column":6},"end":{"line":104,"column":13}},"20":{"start":{"line":107,"column":28},"end":{"line":107,"column":49}},"21":{"start":{"line":108,"column":24},"end":{"line":108,"column":62}},"22":{"start":{"line":110,"column":22},"end":{"line":110,"column":57}},"23":{"start":{"line":112,"column":4},"end":{"line":116,"column":5}},"24":{"start":{"line":113,"column":6},"end":{"line":115,"column":8}},"25":{"start":{"line":132,"column":24},"end":{"line":132,"column":80}},"26":{"start":{"line":135,"column":4},"end":{"line":135,"column":56}},"27":{"start":{"line":138,"column":4},"end":{"line":138,"column":54}},"28":{"start":{"line":140,"column":4},"end":{"line":140,"column":23}},"29":{"start":{"line":153,"column":4},"end":{"line":155,"column":5}},"30":{"start":{"line":154,"column":6},"end":{"line":154,"column":18}},"31":{"start":{"line":158,"column":24},"end":{"line":158,"column":73}},"32":{"start":{"line":158,"column":47},"end":{"line":158,"column":72}},"33":{"start":{"line":159,"column":4},"end":{"line":161,"column":5}},"34":{"start":{"line":160,"column":6},"end":{"line":160,"column":25}},"35":{"start":{"line":164,"column":4},"end":{"line":164,"column":54}},"36":{"start":{"line":164,"column":34},"end":{"line":164,"column":44}},"37":{"start":{"line":179,"column":28},"end":{"line":179,"column":49}},"38":{"start":{"line":180,"column":22},"end":{"line":180,"column":74}},"39":{"start":{"line":181,"column":4},"end":{"line":181,"column":46}},"40":{"start":{"line":196,"column":25},"end":{"line":196,"column":70}},"41":{"start":{"line":197,"column":4},"end":{"line":197,"column":83}},"42":{"start":{"line":13,"column":0},"end":{"line":13,"column":13}}},"fnMap":{"0":{"name":"(anonymous_0)","decl":{"start":{"line":20,"column":2},"end":{"line":20,"column":8}},"loc":{"start":{"line":22,"column":28},"end":{"line":31,"column":3}}},"1":{"name":"(anonymous_1)","decl":{"start":{"line":39,"column":2},"end":{"line":39,"column":8}},"loc":{"start":{"line":41,"column":24},"end":{"line":50,"column":3}}},"2":{"name":"(anonymous_2)","decl":{"start":{"line":59,"column":2},"end":{"line":59,"column":8}},"loc":{"start":{"line":61,"column":31},"end":{"line":74,"column":3}}},"3":{"name":"(anonymous_3)","decl":{"start":{"line":64,"column":6},"end":{"line":64,"column":7}},"loc":{"start":{"line":64,"column":11},"end":{"line":64,"column":56}}},"4":{"name":"(anonymous_4)","decl":{"start":{"line":82,"column":2},"end":{"line":82,"column":8}},"loc":{"start":{"line":84,"column":28},"end":{"line":91,"column":3}}},"5":{"name":"(anonymous_5)","decl":{"start":{"line":99,"column":2},"end":{"line":99,"column":8}},"loc":{"start":{"line":101,"column":28},"end":{"line":117,"column":3}}},"6":{"name":"(anonymous_6)","decl":{"start":{"line":126,"column":2},"end":{"line":126,"column":8}},"loc":{"start":{"line":129,"column":31},"end":{"line":141,"column":3}}},"7":{"name":"(anonymous_7)","decl":{"start":{"line":149,"column":2},"end":{"line":149,"column":8}},"loc":{"start":{"line":151,"column":41},"end":{"line":165,"column":3}}},"8":{"name":"(anonymous_8)","decl":{"start":{"line":158,"column":42},"end":{"line":158,"column":43}},"loc":{"start":{"line":158,"column":47},"end":{"line":158,"column":72}}},"9":{"name":"(anonymous_9)","decl":{"start":{"line":164,"column":29},"end":{"line":164,"column":30}},"loc":{"start":{"line":164,"column":34},"end":{"line":164,"column":44}}},"10":{"name":"(anonymous_10)","decl":{"start":{"line":174,"column":2},"end":{"line":174,"column":8}},"loc":{"start":{"line":177,"column":24},"end":{"line":182,"column":3}}},"11":{"name":"(anonymous_11)","decl":{"start":{"line":191,"column":2},"end":{"line":191,"column":8}},"loc":{"start":{"line":194,"column":20},"end":{"line":198,"column":3}}}},"branchMap":{"0":{"loc":{"start":{"line":64,"column":11},"end":{"line":64,"column":56}},"type":"binary-expr","locations":[{"start":{"line":64,"column":11},"end":{"line":64,"column":42}},{"start":{"line":64,"column":46},"end":{"line":64,"column":56}}]},"1":{"loc":{"start":{"line":67,"column":4},"end":{"line":71,"column":5}},"type":"if","locations":[{"start":{"line":67,"column":4},"end":{"line":71,"column":5}}]},"2":{"loc":{"start":{"line":86,"column":4},"end":{"line":90,"column":5}},"type":"if","locations":[{"start":{"line":86,"column":4},"end":{"line":90,"column":5}}]},"3":{"loc":{"start":{"line":86,"column":8},"end":{"line":86,"column":77}},"type":"binary-expr","locations":[{"start":{"line":86,"column":8},"end":{"line":86,"column":35}},{"start":{"line":86,"column":39},"end":{"line":86,"column":77}}]},"4":{"loc":{"start":{"line":103,"column":4},"end":{"line":105,"column":5}},"type":"if","locations":[{"start":{"line":103,"column":4},"end":{"line":105,"column":5}}]},"5":{"loc":{"start":{"line":112,"column":4},"end":{"line":116,"column":5}},"type":"if","locations":[{"start":{"line":112,"column":4},"end":{"line":116,"column":5}}]},"6":{"loc":{"start":{"line":153,"column":4},"end":{"line":155,"column":5}},"type":"if","locations":[{"start":{"line":153,"column":4},"end":{"line":155,"column":5}}]},"7":{"loc":{"start":{"line":153,"column":8},"end":{"line":153,"column":50}},"type":"binary-expr","locations":[{"start":{"line":153,"column":8},"end":{"line":153,"column":21}},{"start":{"line":153,"column":25},"end":{"line":153,"column":50}}]},"8":{"loc":{"start":{"line":158,"column":47},"end":{"line":158,"column":72}},"type":"binary-expr","locations":[{"start":{"line":158,"column":47},"end":{"line":158,"column":58}},{"start":{"line":158,"column":62},"end":{"line":158,"column":72}}]},"9":{"loc":{"start":{"line":159,"column":4},"end":{"line":161,"column":5}},"type":"if","locations":[{"start":{"line":159,"column":4},"end":{"line":161,"column":5}}]},"10":{"loc":{"start":{"line":164,"column":11},"end":{"line":164,"column":53}},"type":"binary-expr","locations":[{"start":{"line":164,"column":11},"end":{"line":164,"column":45}},{"start":{"line":164,"column":49},"end":{"line":164,"column":53}}]},"11":{"loc":{"start":{"line":177,"column":4},"end":{"line":177,"column":24}},"type":"default-arg","locations":[{"start":{"line":177,"column":23},"end":{"line":177,"column":24}}]}},"s":{"0":0,"1":0,"2":0,"3":0,"4":0,"5":0,"6":0,"7":0,"8":0,"9":0,"10":0,"11":0,"12":0,"13":0,"14":0,"15":0,"16":0,"17":0,"18":0,"19":0,"20":0,"21":0,"22":0,"23":0,"24":0,"25":0,"26":0,"27":0,"28":0,"29":0,"30":0,"31":0,"32":0,"33":0,"34":0,"35":0,"36":0,"37":0,"38":0,"39":0,"40":0,"41":0,"42":0},"f":{"0":0,"1":0,"2":0,"3":0,"4":0,"5":0,"6":0,"7":0,"8":0,"9":0,"10":0,"11":0},"b":{"0":[0,0],"1":[0],"2":[0],"3":[0,0],"4":[0],"5":[0],"6":[0],"7":[0,0],"8":[0,0],"9":[0],"10":[0,0],"11":[0]}}
}
