TN:
SF:src/app.controller.ts
FN:9,(anonymous_2)
FN:15,(anonymous_3)
FN:23,(anonymous_4)
FNF:3
FNH:0
FNDA:0,(anonymous_2)
FNDA:0,(anonymous_3)
FNDA:0,(anonymous_4)
DA:1,0
DA:2,0
DA:3,0
DA:4,0
DA:8,0
DA:9,0
DA:15,0
DA:16,0
DA:23,0
DA:24,0
LF:10
LH:0
BRF:0
BRH:0
end_of_record
TN:
SF:src/app.module.ts
FN:48,(anonymous_1)
FNF:1
FNH:0
FNDA:0,(anonymous_1)
DA:1,0
DA:2,0
DA:3,0
DA:4,0
DA:5,0
DA:6,0
DA:7,0
DA:8,0
DA:9,0
DA:10,0
DA:11,0
DA:12,0
DA:13,0
DA:14,0
DA:15,0
DA:16,0
DA:17,0
DA:18,0
DA:19,0
DA:20,0
DA:21,0
DA:22,0
DA:23,0
DA:24,0
DA:25,0
DA:26,0
DA:27,0
DA:28,0
DA:29,0
DA:30,0
DA:31,0
DA:32,0
DA:33,0
DA:34,0
DA:35,0
DA:36,0
DA:37,0
DA:38,0
DA:39,0
DA:49,0
DA:50,0
DA:51,0
DA:115,0
LF:43
LH:0
BRF:0
BRH:0
end_of_record
TN:
SF:src/app.service.ts
FN:5,(anonymous_1)
FN:16,(anonymous_2)
FNF:2
FNH:0
FNDA:0,(anonymous_1)
FNDA:0,(anonymous_2)
DA:1,0
DA:4,0
DA:6,0
DA:17,0
LF:4
LH:0
BRDA:11,0,0,0
BRDA:11,0,1,0
BRF:2
BRH:0
end_of_record
TN:
SF:src/main-demo-fixed.ts
FN:12,(anonymous_2)
FN:62,(anonymous_3)
FN:79,(anonymous_4)
FN:129,(anonymous_5)
FN:202,(anonymous_6)
FN:236,bootstrap
FN:281,(anonymous_8)
FNF:7
FNH:0
FNDA:0,(anonymous_2)
FNDA:0,(anonymous_3)
FNDA:0,(anonymous_4)
FNDA:0,(anonymous_5)
FNDA:0,(anonymous_6)
FNDA:0,bootstrap
FNDA:0,(anonymous_8)
DA:1,0
DA:2,0
DA:3,0
DA:4,0
DA:5,0
DA:6,0
DA:7,0
DA:10,0
DA:12,0
DA:13,0
DA:62,0
DA:63,0
DA:79,0
DA:80,0
DA:129,0
DA:130,0
DA:200,0
DA:202,0
DA:203,0
DA:234,0
DA:237,0
DA:240,0
DA:241,0
DA:242,0
DA:245,0
DA:253,0
DA:258,0
DA:266,0
DA:267,0
DA:270,0
DA:271,0
DA:272,0
DA:273,0
DA:274,0
DA:275,0
DA:276,0
DA:281,0
DA:282,0
LF:38
LH:0
BRDA:270,0,0,0
BRDA:270,0,1,0
BRF:2
BRH:0
end_of_record
TN:
SF:src/main-demo-simple.ts
FN:12,(anonymous_2)
FN:36,(anonymous_3)
FN:80,(anonymous_4)
FN:97,(anonymous_5)
FN:147,(anonymous_6)
FN:226,bootstrap
FN:266,(anonymous_8)
FNF:7
FNH:0
FNDA:0,(anonymous_2)
FNDA:0,(anonymous_3)
FNDA:0,(anonymous_4)
FNDA:0,(anonymous_5)
FNDA:0,(anonymous_6)
FNDA:0,bootstrap
FNDA:0,(anonymous_8)
DA:1,0
DA:2,0
DA:3,0
DA:4,0
DA:5,0
DA:6,0
DA:7,0
DA:10,0
DA:12,0
DA:13,0
DA:36,0
DA:37,0
DA:80,0
DA:81,0
DA:97,0
DA:98,0
DA:147,0
DA:148,0
DA:224,0
DA:227,0
DA:230,0
DA:231,0
DA:232,0
DA:235,0
DA:243,0
DA:251,0
DA:252,0
DA:255,0
DA:256,0
DA:257,0
DA:258,0
DA:259,0
DA:260,0
DA:261,0
DA:266,0
DA:267,0
LF:36
LH:0
BRDA:255,0,0,0
BRDA:255,0,1,0
BRF:2
BRH:0
end_of_record
TN:
SF:src/main-demo-web.ts
FN:14,(anonymous_2)
FN:58,(anonymous_3)
FN:75,(anonymous_4)
FN:125,(anonymous_5)
FN:208,bootstrap
FN:249,(anonymous_7)
FNF:6
FNH:0
FNDA:0,(anonymous_2)
FNDA:0,(anonymous_3)
FNDA:0,(anonymous_4)
FNDA:0,(anonymous_5)
FNDA:0,bootstrap
FNDA:0,(anonymous_7)
DA:1,0
DA:2,0
DA:3,0
DA:4,0
DA:5,0
DA:6,0
DA:7,0
DA:8,0
DA:9,0
DA:12,0
DA:14,0
DA:15,0
DA:58,0
DA:59,0
DA:75,0
DA:76,0
DA:125,0
DA:126,0
DA:206,0
DA:209,0
DA:212,0
DA:217,0
DA:218,0
DA:221,0
DA:229,0
DA:237,0
DA:238,0
DA:241,0
DA:242,0
DA:243,0
DA:244,0
DA:245,0
DA:246,0
DA:249,0
DA:250,0
LF:35
LH:0
BRDA:241,0,0,0
BRDA:241,0,1,0
BRF:2
BRH:0
end_of_record
TN:
SF:src/main-demo.ts
FN:12,(anonymous_2)
FN:56,(anonymous_3)
FN:73,(anonymous_4)
FN:123,(anonymous_5)
FN:202,bootstrap
FN:244,(anonymous_7)
FNF:6
FNH:0
FNDA:0,(anonymous_2)
FNDA:0,(anonymous_3)
FNDA:0,(anonymous_4)
FNDA:0,(anonymous_5)
FNDA:0,bootstrap
FNDA:0,(anonymous_7)
DA:1,0
DA:2,0
DA:3,0
DA:4,0
DA:5,0
DA:6,0
DA:7,0
DA:10,0
DA:12,0
DA:13,0
DA:56,0
DA:57,0
DA:73,0
DA:74,0
DA:123,0
DA:124,0
DA:200,0
DA:203,0
DA:206,0
DA:207,0
DA:208,0
DA:211,0
DA:219,0
DA:222,0
DA:230,0
DA:231,0
DA:234,0
DA:235,0
DA:236,0
DA:237,0
DA:238,0
DA:239,0
DA:244,0
DA:245,0
LF:34
LH:0
BRDA:234,0,0,0
BRDA:234,0,1,0
BRF:2
BRH:0
end_of_record
TN:
SF:src/main.ts
FN:12,formatValidationErrors
FN:27,bootstrap
FN:73,(anonymous_2)
FNF:3
FNH:0
FNDA:0,formatValidationErrors
FNDA:0,bootstrap
FNDA:0,(anonymous_2)
DA:1,0
DA:2,0
DA:3,0
DA:4,0
DA:5,0
DA:6,0
DA:8,0
DA:9,0
DA:13,0
DA:14,0
DA:15,0
DA:16,0
DA:17,0
DA:20,0
DA:21,0
DA:24,0
DA:28,0
DA:31,0
DA:54,0
DA:57,0
DA:58,0
DA:59,0
DA:61,0
DA:66,0
DA:69,0
DA:74,0
DA:75,0
DA:76,0
DA:82,0
DA:85,0
DA:91,0
DA:92,0
DA:95,0
DA:96,0
DA:97,0
DA:99,0
DA:103,0
DA:104,0
DA:105,0
DA:107,0
LF:40
LH:0
BRDA:15,0,0,0
BRDA:20,1,0,0
BRDA:20,2,0,0
BRDA:20,2,1,0
BRDA:59,3,0,0
BRDA:59,3,1,0
BRDA:103,4,0,0
BRDA:103,4,1,0
BRF:8
BRH:0
end_of_record
TN:
SF:src/tenant.controller.ts
FN:41,(anonymous_4)
FN:60,(anonymous_5)
FN:85,(anonymous_6)
FN:107,(anonymous_7)
FN:134,(anonymous_8)
FN:155,(anonymous_9)
FN:179,(anonymous_10)
FN:208,(anonymous_11)
FNF:8
FNH:0
FNDA:0,(anonymous_4)
FNDA:0,(anonymous_5)
FNDA:0,(anonymous_6)
FNDA:0,(anonymous_7)
FNDA:0,(anonymous_8)
FNDA:0,(anonymous_9)
FNDA:0,(anonymous_10)
FNDA:0,(anonymous_11)
DA:1,0
DA:16,0
DA:17,0
DA:25,0
DA:26,0
DA:31,0
DA:32,0
DA:33,0
DA:34,0
DA:40,0
DA:41,0
DA:60,0
DA:61,0
DA:62,0
DA:66,0
DA:72,0
DA:85,0
DA:86,0
DA:87,0
DA:88,0
DA:94,0
DA:107,0
DA:111,0
DA:112,0
DA:116,0
DA:122,0
DA:134,0
DA:135,0
DA:136,0
DA:137,0
DA:143,0
DA:155,0
DA:156,0
DA:157,0
DA:161,0
DA:167,0
DA:179,0
DA:184,0
DA:185,0
DA:190,0
DA:196,0
DA:208,0
DA:209,0
DA:210,0
DA:215,0
DA:217,0
LF:46
LH:0
BRDA:73,0,0,0
BRDA:73,0,1,0
BRDA:74,1,0,0
BRDA:74,1,1,0
BRDA:95,2,0,0
BRDA:95,2,1,0
BRDA:96,3,0,0
BRDA:96,3,1,0
BRDA:123,4,0,0
BRDA:123,4,1,0
BRDA:124,5,0,0
BRDA:124,5,1,0
BRDA:144,6,0,0
BRDA:144,6,1,0
BRDA:145,7,0,0
BRDA:145,7,1,0
BRDA:168,8,0,0
BRDA:168,8,1,0
BRDA:169,9,0,0
BRDA:169,9,1,0
BRDA:197,10,0,0
BRDA:197,10,1,0
BRDA:198,11,0,0
BRDA:198,11,1,0
BRDA:218,12,0,0
BRDA:218,12,1,0
BRDA:219,13,0,0
BRDA:219,13,1,0
BRF:28
BRH:0
end_of_record
TN:
SF:src/tenant.module.ts
FNF:0
FNH:0
DA:1,0
DA:2,0
DA:3,0
DA:4,0
DA:5,0
DA:13,0
LF:6
LH:0
BRF:0
BRH:0
end_of_record
TN:
SF:src/tenant.service.ts
FN:23,(anonymous_4)
FN:30,(anonymous_5)
FN:81,(anonymous_6)
FN:93,(anonymous_7)
FN:106,(anonymous_8)
FN:113,(anonymous_9)
FN:121,(anonymous_10)
FN:126,(anonymous_11)
FN:133,(anonymous_12)
FN:138,(anonymous_13)
FN:163,(anonymous_14)
FN:167,(anonymous_15)
FN:243,(anonymous_16)
FN:264,(anonymous_17)
FNF:14
FNH:0
FNDA:0,(anonymous_4)
FNDA:0,(anonymous_5)
FNDA:0,(anonymous_6)
FNDA:0,(anonymous_7)
FNDA:0,(anonymous_8)
FNDA:0,(anonymous_9)
FNDA:0,(anonymous_10)
FNDA:0,(anonymous_11)
FNDA:0,(anonymous_12)
FNDA:0,(anonymous_13)
FNDA:0,(anonymous_14)
FNDA:0,(anonymous_15)
FNDA:0,(anonymous_16)
FNDA:0,(anonymous_17)
DA:1,0
DA:8,0
DA:9,0
DA:10,0
DA:11,0
DA:12,0
DA:13,0
DA:14,0
DA:22,0
DA:24,0
DA:25,0
DA:26,0
DA:27,0
DA:34,0
DA:35,0
DA:38,0
DA:39,0
DA:40,0
DA:43,0
DA:44,0
DA:45,0
DA:49,0
DA:50,0
DA:51,0
DA:57,0
DA:60,0
DA:62,0
DA:74,0
DA:75,0
DA:78,0
DA:82,0
DA:87,0
DA:88,0
DA:90,0
DA:98,0
DA:99,0
DA:100,0
DA:101,0
DA:102,0
DA:104,0
DA:105,0
DA:106,0
DA:107,0
DA:111,0
DA:112,0
DA:113,0
DA:114,0
DA:118,0
DA:119,0
DA:120,0
DA:121,0
DA:122,0
DA:125,0
DA:126,0
DA:127,0
DA:130,0
DA:131,0
DA:132,0
DA:133,0
DA:134,0
DA:137,0
DA:138,0
DA:139,0
DA:145,0
DA:154,0
DA:155,0
DA:160,0
DA:164,0
DA:171,0
DA:172,0
DA:173,0
DA:176,0
DA:177,0
DA:180,0
DA:187,0
DA:188,0
DA:194,0
DA:195,0
DA:197,0
DA:204,0
DA:206,0
DA:209,0
DA:210,0
DA:224,0
DA:227,0
DA:228,0
DA:235,0
DA:239,0
DA:240,0
DA:248,0
DA:257,0
DA:258,0
DA:261,0
DA:265,0
DA:266,0
DA:269,0
DA:273,0
DA:274,0
DA:278,0
DA:281,0
DA:286,0
LF:101
LH:0
BRDA:34,0,0,0
BRDA:39,1,0,0
BRDA:44,2,0,0
BRDA:50,3,0,0
BRDA:74,4,0,0
BRDA:87,5,0,0
BRDA:99,6,0,0
BRDA:100,7,0,0
BRDA:101,8,0,0
BRDA:102,9,0,0
BRDA:104,10,0,0
BRDA:111,11,0,0
BRDA:118,12,0,0
BRDA:120,13,0,0
BRDA:125,14,0,0
BRDA:130,15,0,0
BRDA:132,16,0,0
BRDA:137,17,0,0
BRDA:154,18,0,0
BRDA:172,19,0,0
BRDA:176,20,0,0
BRDA:187,21,0,0
BRDA:257,22,0,0
BRDA:265,23,0,0
BRDA:273,24,0,0
BRF:25
BRH:0
end_of_record
TN:
SF:src/auth/auth.controller.ts
FN:40,(anonymous_4)
FN:50,(anonymous_5)
FN:73,(anonymous_6)
FN:93,(anonymous_7)
FN:101,(anonymous_8)
FN:116,(anonymous_9)
FN:137,(anonymous_10)
FN:160,(anonymous_11)
FN:185,(anonymous_12)
FN:213,(anonymous_13)
FN:233,(anonymous_14)
FN:255,(anonymous_15)
FN:275,(anonymous_16)
FNF:13
FNH:0
FNDA:0,(anonymous_4)
FNDA:0,(anonymous_5)
FNDA:0,(anonymous_6)
FNDA:0,(anonymous_7)
FNDA:0,(anonymous_8)
FNDA:0,(anonymous_9)
FNDA:0,(anonymous_10)
FNDA:0,(anonymous_11)
FNDA:0,(anonymous_12)
FNDA:0,(anonymous_13)
FNDA:0,(anonymous_14)
FNDA:0,(anonymous_15)
FNDA:0,(anonymous_16)
DA:1,0
DA:13,0
DA:14,0
DA:20,0
DA:21,0
DA:22,0
DA:31,0
DA:32,0
DA:33,0
DA:34,0
DA:35,0
DA:39,0
DA:40,0
DA:50,0
DA:51,0
DA:52,0
DA:53,0
DA:59,0
DA:73,0
DA:74,0
DA:75,0
DA:76,0
DA:82,0
DA:93,0
DA:101,0
DA:102,0
DA:106,0
DA:107,0
DA:116,0
DA:117,0
DA:118,0
DA:119,0
DA:125,0
DA:137,0
DA:138,0
DA:139,0
DA:142,0
DA:148,0
DA:160,0
DA:164,0
DA:165,0
DA:166,0
DA:171,0
DA:185,0
DA:186,0
DA:187,0
DA:188,0
DA:195,0
DA:213,0
DA:214,0
DA:215,0
DA:216,0
DA:221,0
DA:233,0
DA:234,0
DA:235,0
DA:236,0
DA:242,0
DA:255,0
DA:256,0
DA:257,0
DA:258,0
DA:263,0
DA:275,0
DA:276,0
LF:65
LH:0
BRDA:60,0,0,0
BRDA:60,0,1,0
BRDA:83,1,0,0
BRDA:83,1,1,0
BRDA:106,2,0,0
BRDA:106,2,1,0
BRDA:126,3,0,0
BRDA:126,3,1,0
BRDA:149,4,0,0
BRDA:149,4,1,0
BRDA:172,5,0,0
BRDA:172,5,1,0
BRDA:222,6,0,0
BRDA:222,6,1,0
BRDA:243,7,0,0
BRDA:243,7,1,0
BRDA:264,8,0,0
BRDA:264,8,1,0
BRF:18
BRH:0
end_of_record
TN:
SF:src/auth/auth.module.ts
FN:20,(anonymous_1)
FNF:1
FNH:0
FNDA:0,(anonymous_1)
DA:1,0
DA:2,0
DA:3,0
DA:4,0
DA:5,0
DA:6,0
DA:7,0
DA:8,0
DA:9,0
DA:10,0
DA:11,0
DA:12,0
DA:20,0
DA:45,0
LF:14
LH:0
BRF:0
BRH:0
end_of_record
TN:
SF:src/auth/auth.service.ts
FN:31,(anonymous_4)
FN:38,(anonymous_5)
FN:164,(anonymous_6)
FN:232,(anonymous_7)
FN:251,(anonymous_8)
FN:300,(anonymous_9)
FN:359,(anonymous_10)
FN:381,(anonymous_11)
FN:415,(anonymous_12)
FN:452,(anonymous_13)
FN:484,(anonymous_14)
FN:499,(anonymous_15)
FN:503,(anonymous_16)
FN:520,(anonymous_17)
FN:522,(anonymous_18)
FN:558,(anonymous_19)
FNF:16
FNH:0
FNDA:0,(anonymous_4)
FNDA:0,(anonymous_5)
FNDA:0,(anonymous_6)
FNDA:0,(anonymous_7)
FNDA:0,(anonymous_8)
FNDA:0,(anonymous_9)
FNDA:0,(anonymous_10)
FNDA:0,(anonymous_11)
FNDA:0,(anonymous_12)
FNDA:0,(anonymous_13)
FNDA:0,(anonymous_14)
FNDA:0,(anonymous_15)
FNDA:0,(anonymous_16)
FNDA:0,(anonymous_17)
FNDA:0,(anonymous_18)
FNDA:0,(anonymous_19)
DA:1,0
DA:8,0
DA:9,0
DA:10,0
DA:11,0
DA:12,0
DA:13,0
DA:14,0
DA:24,0
DA:28,0
DA:29,0
DA:32,0
DA:33,0
DA:34,0
DA:35,0
DA:39,0
DA:40,0
DA:41,0
DA:42,0
DA:44,0
DA:45,0
DA:46,0
DA:53,0
DA:54,0
DA:59,0
DA:60,0
DA:61,0
DA:62,0
DA:63,0
DA:65,0
DA:66,0
DA:67,0
DA:72,0
DA:73,0
DA:74,0
DA:75,0
DA:77,0
DA:79,0
DA:83,0
DA:84,0
DA:85,0
DA:87,0
DA:89,0
DA:90,0
DA:91,0
DA:96,0
DA:97,0
DA:98,0
DA:99,0
DA:102,0
DA:103,0
DA:104,0
DA:106,0
DA:107,0
DA:108,0
DA:109,0
DA:112,0
DA:113,0
DA:114,0
DA:116,0
DA:118,0
DA:119,0
DA:128,0
DA:129,0
DA:130,0
DA:131,0
DA:133,0
DA:135,0
DA:144,0
DA:145,0
DA:157,0
DA:165,0
DA:167,0
DA:170,0
DA:171,0
DA:174,0
DA:175,0
DA:178,0
DA:183,0
DA:184,0
DA:189,0
DA:190,0
DA:191,0
DA:194,0
DA:196,0
DA:204,0
DA:205,0
DA:207,0
DA:209,0
DA:210,0
DA:212,0
DA:214,0
DA:233,0
DA:235,0
DA:237,0
DA:238,0
DA:240,0
DA:241,0
DA:242,0
DA:244,0
DA:247,0
DA:248,0
DA:252,0
DA:253,0
DA:256,0
DA:258,0
DA:259,0
DA:260,0
DA:261,0
DA:262,0
DA:267,0
DA:269,0
DA:271,0
DA:280,0
DA:281,0
DA:293,0
DA:301,0
DA:305,0
DA:306,0
DA:307,0
DA:310,0
DA:311,0
DA:314,0
DA:319,0
DA:320,0
DA:323,0
DA:324,0
DA:325,0
DA:328,0
DA:330,0
DA:339,0
DA:340,0
DA:343,0
DA:345,0
DA:347,0
DA:349,0
DA:360,0
DA:361,0
DA:365,0
DA:366,0
DA:367,0
DA:370,0
DA:371,0
DA:372,0
DA:375,0
DA:377,0
DA:382,0
DA:384,0
DA:385,0
DA:386,0
DA:389,0
DA:394,0
DA:395,0
DA:398,0
DA:399,0
DA:402,0
DA:407,0
DA:412,0
DA:416,0
DA:420,0
DA:422,0
DA:423,0
DA:426,0
DA:427,0
DA:433,0
DA:436,0
DA:437,0
DA:438,0
DA:440,0
DA:448,0
DA:453,0
DA:457,0
DA:462,0
DA:463,0
DA:466,0
DA:468,0
DA:481,0
DA:485,0
DA:492,0
DA:493,0
DA:496,0
DA:500,0
DA:504,0
DA:505,0
DA:506,0
DA:508,0
DA:509,0
DA:510,0
DA:511,0
DA:514,0
DA:517,0
DA:518,0
DA:519,0
DA:520,0
DA:522,0
DA:523,0
DA:526,0
DA:539,0
DA:540,0
DA:550,0
DA:551,0
DA:559,0
DA:560,0
DA:562,0
DA:566,0
DA:567,0
DA:570,0
LF:207
LH:0
BRDA:38,0,0,0
BRDA:39,1,0,0
BRDA:41,2,0,0
BRDA:54,3,0,0
BRDA:54,3,1,0
BRDA:59,4,0,0
BRDA:59,4,1,0
BRDA:61,5,0,0
BRDA:66,6,0,0
BRDA:73,7,0,0
BRDA:83,8,0,0
BRDA:89,9,0,0
BRDA:96,10,0,0
BRDA:96,11,0,0
BRDA:96,11,1,0
BRDA:106,12,0,0
BRDA:112,13,0,0
BRDA:124,14,0,0
BRDA:124,14,1,0
BRDA:129,15,0,0
BRDA:129,15,1,0
BRDA:144,16,0,0
BRDA:144,16,1,0
BRDA:170,17,0,0
BRDA:174,18,0,0
BRDA:183,19,0,0
BRDA:190,20,0,0
BRDA:237,21,0,0
BRDA:240,22,0,0
BRDA:252,23,0,0
BRDA:258,24,0,0
BRDA:260,25,0,0
BRDA:280,26,0,0
BRDA:280,26,1,0
BRDA:306,27,0,0
BRDA:310,28,0,0
BRDA:319,29,0,0
BRDA:324,30,0,0
BRDA:366,31,0,0
BRDA:366,32,0,0
BRDA:366,32,1,0
BRDA:371,33,0,0
BRDA:371,34,0,0
BRDA:371,34,1,0
BRDA:385,35,0,0
BRDA:394,36,0,0
BRDA:398,37,0,0
BRDA:422,38,0,0
BRDA:422,38,1,0
BRDA:426,39,0,0
BRDA:436,40,0,0
BRDA:462,41,0,0
BRDA:492,42,0,0
BRDA:503,43,0,0
BRDA:508,44,0,0
BRDA:508,45,0,0
BRDA:508,45,1,0
BRDA:518,46,0,0
BRDA:518,47,0,0
BRDA:518,47,1,0
BRDA:520,48,0,0
BRDA:520,48,1,0
BRDA:533,49,0,0
BRDA:533,49,1,0
BRDA:534,50,0,0
BRDA:534,50,1,0
BRDA:536,51,0,0
BRDA:536,51,1,0
BRDA:542,52,0,0
BRDA:542,52,1,0
BRDA:546,53,0,0
BRDA:546,53,1,0
BRDA:554,54,0,0
BRDA:554,54,1,0
BRDA:566,55,0,0
BRF:75
BRH:0
end_of_record
TN:
SF:src/auth/google.strategy.ts
FN:9,(anonymous_2)
FN:21,(anonymous_3)
FNF:2
FNH:0
FNDA:0,(anonymous_2)
FNDA:0,(anonymous_3)
DA:1,0
DA:2,0
DA:3,0
DA:4,0
DA:5,0
DA:8,0
DA:10,0
DA:11,0
DA:13,0
DA:27,0
DA:28,0
DA:36,0
DA:37,0
LF:13
LH:0
BRF:0
BRH:0
end_of_record
TN:
SF:src/auth/jwt.strategy.ts
FN:13,(anonymous_4)
FN:24,(anonymous_5)
FNF:2
FNH:0
FNDA:0,(anonymous_4)
FNDA:0,(anonymous_5)
DA:1,0
DA:2,0
DA:3,0
DA:4,0
DA:5,0
DA:6,0
DA:7,0
DA:10,0
DA:11,0
DA:14,0
DA:15,0
DA:17,0
DA:25,0
DA:28,0
DA:33,0
DA:34,0
DA:35,0
DA:38,0
DA:39,0
DA:40,0
DA:43,0
DA:52,0
DA:53,0
LF:23
LH:0
BRDA:33,0,0,0
BRDA:38,1,0,0
BRF:2
BRH:0
end_of_record
TN:
SF:src/common/shared.module.ts
FNF:0
FNH:0
DA:2,0
DA:3,0
DA:4,0
DA:5,0
DA:6,0
DA:25,0
LF:6
LH:0
BRF:0
BRH:0
end_of_record
TN:
SF:src/config/subscriptions.config.ts
FN:50,(anonymous_0)
FNF:1
FNH:0
FNDA:0,(anonymous_0)
DA:11,0
DA:50,0
DA:51,0
LF:3
LH:0
BRDA:51,0,0,0
BRDA:51,0,1,0
BRF:2
BRH:0
end_of_record
TN:
SF:src/database/seeds/permissions.seed.ts
FN:88,(anonymous_4)
FN:90,(anonymous_5)
FN:105,(anonymous_6)
FN:120,(anonymous_7)
FN:126,(anonymous_8)
FN:129,(anonymous_9)
FN:132,(anonymous_10)
FNF:7
FNH:0
FNDA:0,(anonymous_4)
FNDA:0,(anonymous_5)
FNDA:0,(anonymous_6)
FNDA:0,(anonymous_7)
FNDA:0,(anonymous_8)
FNDA:0,(anonymous_9)
FNDA:0,(anonymous_10)
DA:1,0
DA:2,0
DA:3,0
DA:12,0
DA:13,0
DA:16,0
DA:88,0
DA:91,0
DA:92,0
DA:93,0
DA:96,0
DA:98,0
DA:99,0
DA:100,0
DA:103,0
DA:105,0
DA:111,0
DA:113,0
DA:115,0
DA:116,0
DA:121,0
DA:122,0
DA:126,0
DA:130,0
DA:131,0
DA:132,0
LF:26
LH:0
BRDA:98,0,0,0
BRF:1
BRH:0
end_of_record
TN:
SF:src/database/seeds/roles.seed.ts
FN:60,(anonymous_4)
FN:65,(anonymous_5)
FNF:2
FNH:0
FNDA:0,(anonymous_4)
FNDA:0,(anonymous_5)
DA:1,0
DA:2,0
DA:3,0
DA:4,0
DA:15,0
DA:16,0
DA:19,0
DA:61,0
DA:62,0
DA:66,0
DA:67,0
DA:68,0
DA:71,0
DA:73,0
DA:74,0
DA:75,0
DA:78,0
DA:81,0
DA:83,0
DA:85,0
DA:88,0
DA:90,0
DA:93,0
DA:96,0
DA:108,0
DA:110,0
DA:112,0
DA:113,0
LF:28
LH:0
BRDA:73,0,0,0
BRDA:88,1,0,0
BRDA:88,1,1,0
BRF:3
BRH:0
end_of_record
TN:
SF:src/database/seeds/seeder.module.ts
FNF:0
FNH:0
DA:1,0
DA:2,0
DA:3,0
DA:4,0
DA:10,0
LF:5
LH:0
BRF:0
BRH:0
end_of_record
TN:
SF:src/database/seeds/seeder.service.ts
FN:9,(anonymous_2)
FN:14,(anonymous_3)
FNF:2
FNH:0
FNDA:0,(anonymous_2)
FNDA:0,(anonymous_3)
DA:1,0
DA:2,0
DA:3,0
DA:6,0
DA:7,0
DA:10,0
DA:11,0
DA:15,0
DA:16,0
DA:19,0
DA:20,0
DA:21,0
DA:24,0
DA:25,0
DA:26,0
DA:29,0
DA:30,0
DA:33,0
DA:34,0
DA:36,0
DA:38,0
LF:21
LH:0
BRDA:19,0,0,0
BRDA:24,1,0,0
BRF:2
BRH:0
end_of_record
TN:
SF:src/decorators/permissions.decorator.ts
FN:4,(anonymous_0)
FNF:1
FNH:0
FNDA:0,(anonymous_0)
DA:1,0
DA:3,0
DA:4,0
LF:3
LH:0
BRF:0
BRH:0
end_of_record
TN:
SF:src/decorators/public.decorator.ts
FN:4,(anonymous_0)
FNF:1
FNH:0
FNDA:0,(anonymous_0)
DA:1,0
DA:3,0
DA:4,0
LF:3
LH:0
BRF:0
BRH:0
end_of_record
TN:
SF:src/decorators/sanitize.decorator.ts
FN:19,SanitizeString
FN:20,(anonymous_1)
FN:51,SanitizeText
FN:52,(anonymous_3)
FN:82,SanitizeStringArray
FN:83,(anonymous_5)
FN:88,(anonymous_6)
FNF:7
FNH:4
FNDA:1,SanitizeString
FNDA:123,(anonymous_1)
FNDA:1,SanitizeText
FNDA:3,(anonymous_3)
FNDA:0,SanitizeStringArray
FNDA:0,(anonymous_5)
FNDA:0,(anonymous_6)
DA:1,1
DA:2,1
DA:19,1
DA:20,1
DA:21,123
DA:22,2
DA:26,121
DA:33,121
DA:51,1
DA:52,1
DA:53,3
DA:54,0
DA:58,3
DA:65,3
DA:82,1
DA:83,0
DA:84,0
DA:85,0
DA:88,0
DA:89,0
DA:90,0
DA:93,0
DA:99,0
LF:23
LH:14
BRDA:21,0,0,2
BRDA:53,1,0,0
BRDA:84,2,0,0
BRDA:89,3,0,0
BRF:4
BRH:1
end_of_record
TN:
SF:src/dto/accounting.dto.ts
FN:64,(anonymous_2)
FNF:1
FNH:0
FNDA:0,(anonymous_2)
DA:1,0
DA:13,0
DA:16,0
DA:18,0
DA:21,0
DA:25,0
DA:29,0
DA:33,0
DA:36,0
DA:40,0
DA:44,0
DA:48,0
DA:52,0
DA:55,0
DA:59,0
DA:64,0
DA:65,0
LF:17
LH:0
BRF:0
BRH:0
end_of_record
TN:
SF:src/dto/auth.dto.ts
FN:128,(anonymous_2)
FN:200,(anonymous_3)
FNF:2
FNH:0
FNDA:0,(anonymous_2)
FNDA:0,(anonymous_3)
DA:1,0
DA:13,0
DA:14,0
DA:15,0
DA:17,0
DA:21,0
DA:27,0
DA:32,0
DA:37,0
DA:40,0
DA:44,0
DA:51,0
DA:58,0
DA:65,0
DA:71,0
DA:78,0
DA:84,0
DA:87,0
DA:91,0
DA:97,0
DA:103,0
DA:109,0
DA:115,0
DA:122,0
DA:128,0
DA:129,0
DA:134,0
DA:137,0
DA:157,0
DA:167,0
DA:170,0
DA:176,0
DA:183,0
DA:189,0
DA:194,0
DA:200,0
DA:201,0
DA:206,0
DA:212,0
DA:215,0
DA:219,0
DA:226,0
DA:231,0
DA:234,0
DA:238,0
DA:243,0
DA:246,0
DA:250,0
DA:257,0
DA:260,0
DA:264,0
DA:267,0
DA:271,0
LF:53
LH:0
BRF:0
BRH:0
end_of_record
TN:
SF:src/dto/composite.dto.ts
FN:40,(anonymous_2)
FN:58,(anonymous_3)
FN:63,(anonymous_4)
FN:68,(anonymous_5)
FN:91,(anonymous_6)
FN:95,(anonymous_7)
FN:99,(anonymous_8)
FNF:7
FNH:0
FNDA:0,(anonymous_2)
FNDA:0,(anonymous_3)
FNDA:0,(anonymous_4)
FNDA:0,(anonymous_5)
FNDA:0,(anonymous_6)
FNDA:0,(anonymous_7)
FNDA:0,(anonymous_8)
DA:1,0
DA:16,0
DA:20,0
DA:21,0
DA:22,0
DA:23,0
DA:24,0
DA:25,0
DA:26,0
DA:27,0
DA:28,0
DA:31,0
DA:32,0
DA:33,0
DA:34,0
DA:35,0
DA:36,0
DA:37,0
DA:40,0
DA:41,0
DA:45,0
DA:46,0
DA:47,0
DA:48,0
DA:49,0
DA:50,0
DA:51,0
DA:52,0
DA:56,0
DA:58,0
DA:61,0
DA:63,0
DA:66,0
DA:68,0
DA:71,0
DA:75,0
DA:79,0
DA:83,0
DA:84,0
DA:85,0
DA:86,0
DA:89,0
DA:91,0
DA:92,0
DA:95,0
DA:96,0
DA:99,0
DA:100,0
DA:103,0
DA:107,0
LF:50
LH:0
BRF:0
BRH:0
end_of_record
TN:
SF:src/dto/contact-info.dto.ts
FN:36,(anonymous_2)
FNF:1
FNH:0
FNDA:0,(anonymous_2)
DA:1,0
DA:2,0
DA:7,0
DA:11,0
DA:15,0
DA:19,0
DA:23,0
DA:26,0
DA:29,0
DA:33,0
DA:36,0
DA:38,0
LF:12
LH:0
BRF:0
BRH:0
end_of_record
TN:
SF:src/dto/customer.dto.ts
FN:27,(anonymous_2)
FN:34,(anonymous_3)
FN:40,(anonymous_4)
FN:198,(anonymous_5)
FN:208,(anonymous_6)
FN:218,(anonymous_7)
FN:228,(anonymous_8)
FN:294,(anonymous_9)
FN:304,(anonymous_10)
FN:314,(anonymous_11)
FN:317,(anonymous_12)
FN:324,(anonymous_13)
FNF:12
FNH:0
FNDA:0,(anonymous_2)
FNDA:0,(anonymous_3)
FNDA:0,(anonymous_4)
FNDA:0,(anonymous_5)
FNDA:0,(anonymous_6)
FNDA:0,(anonymous_7)
FNDA:0,(anonymous_8)
FNDA:0,(anonymous_9)
FNDA:0,(anonymous_10)
FNDA:0,(anonymous_11)
FNDA:0,(anonymous_12)
FNDA:0,(anonymous_13)
DA:1,0
DA:18,0
DA:19,0
DA:20,0
DA:24,0
DA:28,0
DA:29,0
DA:31,0
DA:34,0
DA:37,0
DA:41,0
DA:46,0
DA:53,0
DA:60,0
DA:66,0
DA:69,0
DA:75,0
DA:81,0
DA:87,0
DA:93,0
DA:99,0
DA:107,0
DA:110,0
DA:116,0
DA:122,0
DA:127,0
DA:130,0
DA:134,0
DA:139,0
DA:147,0
DA:152,0
DA:157,0
DA:163,0
DA:190,0
DA:198,0
DA:199,0
DA:208,0
DA:209,0
DA:218,0
DA:220,0
DA:228,0
DA:229,0
DA:235,0
DA:238,0
DA:242,0
DA:247,0
DA:275,0
DA:280,0
DA:285,0
DA:294,0
DA:295,0
DA:304,0
DA:305,0
DA:311,0
DA:314,0
DA:317,0
DA:320,0
DA:324,0
DA:328,0
DA:333,0
DA:361,0
DA:366,0
DA:371,0
DA:379,0
DA:384,0
LF:65
LH:0
BRDA:29,0,0,0
BRDA:32,1,0,0
BRDA:32,1,1,0
BRDA:32,1,2,0
BRDA:34,2,0,0
BRDA:34,2,1,0
BRF:6
BRH:0
end_of_record
TN:
SF:src/dto/event.dto.ts
FNF:0
FNH:0
DA:1,0
DA:9,0
DA:10,0
DA:12,0
DA:18,0
DA:28,0
DA:34,0
DA:41,0
DA:49,0
DA:58,0
DA:61,0
DA:71,0
DA:81,0
DA:88,0
DA:93,0
DA:98,0
DA:105,0
LF:17
LH:0
BRF:0
BRH:0
end_of_record
TN:
SF:src/dto/inventory.dto.ts
FN:38,(anonymous_2)
FN:44,(anonymous_3)
FN:50,(anonymous_4)
FN:117,(anonymous_5)
FN:185,(anonymous_6)
FN:189,(anonymous_7)
FN:207,(anonymous_8)
FN:274,(anonymous_9)
FN:277,(anonymous_10)
FN:284,(anonymous_11)
FN:302,(anonymous_12)
FN:308,(anonymous_13)
FN:314,(anonymous_14)
FN:320,(anonymous_15)
FN:339,(anonymous_16)
FN:342,(anonymous_17)
FN:349,(anonymous_18)
FNF:17
FNH:0
FNDA:0,(anonymous_2)
FNDA:0,(anonymous_3)
FNDA:0,(anonymous_4)
FNDA:0,(anonymous_5)
FNDA:0,(anonymous_6)
FNDA:0,(anonymous_7)
FNDA:0,(anonymous_8)
FNDA:0,(anonymous_9)
FNDA:0,(anonymous_10)
FNDA:0,(anonymous_11)
FNDA:0,(anonymous_12)
FNDA:0,(anonymous_13)
FNDA:0,(anonymous_14)
FNDA:0,(anonymous_15)
FNDA:0,(anonymous_16)
FNDA:0,(anonymous_17)
FNDA:0,(anonymous_18)
DA:1,0
DA:17,0
DA:18,0
DA:20,0
DA:24,0
DA:29,0
DA:34,0
DA:38,0
DA:39,0
DA:44,0
DA:45,0
DA:50,0
DA:51,0
DA:56,0
DA:61,0
DA:66,0
DA:75,0
DA:78,0
DA:83,0
DA:88,0
DA:93,0
DA:98,0
DA:103,0
DA:108,0
DA:117,0
DA:118,0
DA:123,0
DA:132,0
DA:135,0
DA:142,0
DA:147,0
DA:152,0
DA:157,0
DA:162,0
DA:167,0
DA:172,0
DA:177,0
DA:182,0
DA:185,0
DA:189,0
DA:190,0
DA:194,0
DA:204,0
DA:207,0
DA:211,0
DA:216,0
DA:221,0
DA:229,0
DA:232,0
DA:235,0
DA:244,0
DA:247,0
DA:250,0
DA:255,0
DA:260,0
DA:265,0
DA:271,0
DA:274,0
DA:277,0
DA:280,0
DA:284,0
DA:288,0
DA:293,0
DA:298,0
DA:302,0
DA:304,0
DA:308,0
DA:310,0
DA:314,0
DA:316,0
DA:320,0
DA:323,0
DA:331,0
DA:336,0
DA:339,0
DA:342,0
DA:345,0
DA:349,0
DA:353,0
DA:358,0
DA:363,0
DA:368,0
DA:373,0
DA:378,0
DA:383,0
LF:85
LH:0
BRF:0
BRH:0
end_of_record
TN:
SF:src/dto/order.dto.ts
FN:80,(anonymous_2)
FN:89,(anonymous_3)
FN:117,(anonymous_4)
FN:128,(anonymous_5)
FN:210,(anonymous_6)
FN:305,(anonymous_7)
FN:322,(anonymous_8)
FN:326,(anonymous_9)
FN:329,(anonymous_10)
FN:336,(anonymous_11)
FN:386,(anonymous_12)
FN:394,(anonymous_13)
FN:401,(anonymous_14)
FN:422,(anonymous_15)
FNF:14
FNH:0
FNDA:0,(anonymous_2)
FNDA:0,(anonymous_3)
FNDA:0,(anonymous_4)
FNDA:0,(anonymous_5)
FNDA:0,(anonymous_6)
FNDA:0,(anonymous_7)
FNDA:0,(anonymous_8)
FNDA:0,(anonymous_9)
FNDA:0,(anonymous_10)
FNDA:0,(anonymous_11)
FNDA:0,(anonymous_12)
FNDA:0,(anonymous_13)
FNDA:0,(anonymous_14)
FNDA:0,(anonymous_15)
DA:1,0
DA:17,0
DA:18,0
DA:19,0
DA:22,0
DA:27,0
DA:33,0
DA:38,0
DA:43,0
DA:46,0
DA:49,0
DA:54,0
DA:59,0
DA:64,0
DA:67,0
DA:71,0
DA:76,0
DA:80,0
DA:81,0
DA:86,0
DA:89,0
DA:93,0
DA:100,0
DA:106,0
DA:111,0
DA:117,0
DA:118,0
DA:123,0
DA:128,0
DA:129,0
DA:134,0
DA:147,0
DA:152,0
DA:157,0
DA:162,0
DA:167,0
DA:172,0
DA:181,0
DA:190,0
DA:196,0
DA:204,0
DA:210,0
DA:211,0
DA:214,0
DA:239,0
DA:247,0
DA:252,0
DA:258,0
DA:263,0
DA:266,0
DA:270,0
DA:274,0
DA:279,0
DA:285,0
DA:290,0
DA:295,0
DA:298,0
DA:301,0
DA:305,0
DA:306,0
DA:309,0
DA:312,0
DA:317,0
DA:322,0
DA:323,0
DA:326,0
DA:329,0
DA:332,0
DA:336,0
DA:340,0
DA:347,0
DA:361,0
DA:366,0
DA:374,0
DA:383,0
DA:386,0
DA:394,0
DA:395,0
DA:401,0
DA:402,0
DA:408,0
DA:414,0
DA:417,0
DA:422,0
DA:423,0
LF:85
LH:0
BRF:0
BRH:0
end_of_record
TN:
SF:src/dto/pagination.dto.ts
FN:9,(anonymous_2)
FN:16,(anonymous_3)
FN:28,(anonymous_4)
FN:55,(anonymous_5)
FN:62,(anonymous_6)
FN:69,(anonymous_7)
FNF:6
FNH:0
FNDA:0,(anonymous_2)
FNDA:0,(anonymous_3)
FNDA:0,(anonymous_4)
FNDA:0,(anonymous_5)
FNDA:0,(anonymous_6)
FNDA:0,(anonymous_7)
DA:1,0
DA:2,0
DA:3,0
DA:9,0
DA:16,0
DA:19,0
DA:28,0
DA:32,0
DA:51,0
DA:56,0
DA:63,0
DA:79,0
LF:12
LH:0
BRF:0
BRH:0
end_of_record
TN:
SF:src/dto/payment.dto.ts
FNF:0
FNH:0
DA:1,0
DA:12,0
DA:15,0
DA:19,0
DA:23,0
DA:27,0
DA:32,0
DA:35,0
DA:39,0
DA:43,0
DA:47,0
DA:51,0
DA:55,0
DA:59,0
DA:63,0
LF:15
LH:0
BRF:0
BRH:0
end_of_record
TN:
SF:src/dto/product.dto.ts
FN:227,(anonymous_2)
FN:256,(anonymous_3)
FN:266,(anonymous_4)
FN:464,(anonymous_5)
FN:474,(anonymous_6)
FN:478,(anonymous_7)
FN:481,(anonymous_8)
FN:488,(anonymous_9)
FN:511,(anonymous_10)
FN:517,(anonymous_11)
FNF:10
FNH:0
FNDA:0,(anonymous_2)
FNDA:0,(anonymous_3)
FNDA:0,(anonymous_4)
FNDA:0,(anonymous_5)
FNDA:0,(anonymous_6)
FNDA:0,(anonymous_7)
FNDA:0,(anonymous_8)
FNDA:0,(anonymous_9)
FNDA:0,(anonymous_10)
FNDA:0,(anonymous_11)
DA:1,0
DA:16,0
DA:17,0
DA:18,0
DA:20,0
DA:25,0
DA:31,0
DA:37,0
DA:42,0
DA:47,0
DA:52,0
DA:57,0
DA:63,0
DA:69,0
DA:74,0
DA:82,0
DA:86,0
DA:91,0
DA:100,0
DA:105,0
DA:110,0
DA:115,0
DA:120,0
DA:126,0
DA:132,0
DA:135,0
DA:138,0
DA:143,0
DA:148,0
DA:153,0
DA:158,0
DA:163,0
DA:171,0
DA:174,0
DA:179,0
DA:185,0
DA:191,0
DA:197,0
DA:203,0
DA:208,0
DA:213,0
DA:218,0
DA:227,0
DA:228,0
DA:234,0
DA:240,0
DA:247,0
DA:256,0
DA:257,0
DA:266,0
DA:267,0
DA:271,0
DA:277,0
DA:285,0
DA:293,0
DA:299,0
DA:304,0
DA:315,0
DA:325,0
DA:338,0
DA:343,0
DA:348,0
DA:351,0
DA:356,0
DA:363,0
DA:370,0
DA:376,0
DA:382,0
DA:388,0
DA:395,0
DA:400,0
DA:406,0
DA:411,0
DA:416,0
DA:427,0
DA:440,0
DA:445,0
DA:450,0
DA:455,0
DA:464,0
DA:465,0
DA:474,0
DA:475,0
DA:478,0
DA:481,0
DA:484,0
DA:488,0
DA:492,0
DA:497,0
DA:502,0
DA:507,0
DA:511,0
DA:513,0
DA:517,0
DA:519,0
DA:527,0
DA:532,0
LF:97
LH:0
BRF:0
BRH:0
end_of_record
TN:
SF:src/dto/purchase-order.dto.ts
FN:51,(anonymous_2)
FN:56,(anonymous_3)
FN:61,(anonymous_4)
FN:80,(anonymous_5)
FNF:4
FNH:0
FNDA:0,(anonymous_2)
FNDA:0,(anonymous_3)
FNDA:0,(anonymous_4)
FNDA:0,(anonymous_5)
DA:1,0
DA:12,0
DA:13,0
DA:17,0
DA:21,0
DA:25,0
DA:29,0
DA:33,0
DA:38,0
DA:42,0
DA:45,0
DA:48,0
DA:51,0
DA:54,0
DA:56,0
DA:59,0
DA:61,0
DA:64,0
DA:69,0
DA:73,0
DA:76,0
DA:80,0
DA:81,0
DA:86,0
LF:24
LH:0
BRF:0
BRH:0
end_of_record
TN:
SF:src/dto/rating.dto.ts
FNF:0
FNH:0
DA:1,0
DA:3,0
DA:6,0
DA:10,0
DA:15,0
DA:19,0
DA:23,0
LF:7
LH:0
BRF:0
BRH:0
end_of_record
TN:
SF:src/dto/recurring-payable.dto.ts
FN:50,(anonymous_2)
FNF:1
FNH:0
FNDA:0,(anonymous_2)
DA:1,0
DA:2,0
DA:3,0
DA:8,0
DA:11,0
DA:14,0
DA:17,0
DA:20,0
DA:24,0
DA:28,0
DA:32,0
DA:36,0
DA:40,0
DA:45,0
DA:50,0
DA:51,0
DA:56,0
DA:61,0
DA:66,0
DA:71,0
DA:76,0
DA:79,0
DA:83,0
DA:88,0
DA:93,0
LF:25
LH:0
BRF:0
BRH:0
end_of_record
TN:
SF:src/dto/role.dto.ts
FN:3,(anonymous_2)
FNF:1
FNH:0
FNDA:0,(anonymous_2)
DA:1,0
DA:3,0
DA:6,0
DA:10,0
DA:15,0
DA:18,0
DA:22,0
DA:26,0
DA:31,0
LF:9
LH:0
BRF:0
BRH:0
end_of_record
TN:
SF:src/dto/subscription-plan.dto.ts
FN:31,(anonymous_2)
FNF:1
FNH:0
FNDA:0,(anonymous_2)
DA:1,0
DA:2,0
DA:6,0
DA:9,0
DA:12,0
DA:15,0
DA:18,0
DA:21,0
DA:25,0
DA:28,0
DA:31,0
DA:32,0
DA:37,0
DA:41,0
DA:44,0
DA:47,0
LF:16
LH:0
BRF:0
BRH:0
end_of_record
TN:
SF:src/dto/supplier.dto.ts
FNF:0
FNH:0
DA:1,0
DA:2,0
DA:4,0
DA:7,0
DA:11,0
DA:15,0
DA:20,0
DA:24,0
LF:8
LH:0
BRF:0
BRH:0
end_of_record
TN:
SF:src/dto/tax-info.dto.ts
FNF:0
FNH:0
DA:1,0
DA:3,0
DA:6,0
DA:10,0
DA:14,0
DA:18,0
LF:6
LH:0
BRF:0
BRH:0
end_of_record
TN:
SF:src/dto/tenant.dto.ts
FN:61,(anonymous_2)
FN:139,(anonymous_3)
FN:145,(anonymous_4)
FN:153,(anonymous_5)
FN:159,(anonymous_6)
FN:165,(anonymous_7)
FN:179,(anonymous_8)
FN:187,(anonymous_9)
FN:213,(anonymous_10)
FNF:9
FNH:0
FNDA:0,(anonymous_2)
FNDA:0,(anonymous_3)
FNDA:0,(anonymous_4)
FNDA:0,(anonymous_5)
FNDA:0,(anonymous_6)
FNDA:0,(anonymous_7)
FNDA:0,(anonymous_8)
FNDA:0,(anonymous_9)
FNDA:0,(anonymous_10)
DA:1,0
DA:2,0
DA:13,0
DA:14,0
DA:21,0
DA:27,0
DA:33,0
DA:39,0
DA:45,0
DA:52,0
DA:57,0
DA:61,0
DA:63,0
DA:71,0
DA:77,0
DA:84,0
DA:92,0
DA:100,0
DA:106,0
DA:112,0
DA:120,0
DA:126,0
DA:132,0
DA:139,0
DA:140,0
DA:145,0
DA:146,0
DA:153,0
DA:154,0
DA:159,0
DA:160,0
DA:165,0
DA:166,0
DA:169,0
DA:174,0
DA:179,0
DA:182,0
DA:187,0
DA:190,0
DA:196,0
DA:202,0
DA:208,0
DA:213,0
DA:214,0
DA:217,0
DA:220,0
DA:225,0
DA:230,0
DA:234,0
DA:237,0
DA:241,0
LF:51
LH:0
BRF:0
BRH:0
end_of_record
TN:
SF:src/dto/todo.dto.ts
FNF:0
FNH:0
DA:2,0
DA:3,0
DA:5,0
DA:9,0
DA:12,0
DA:17,0
DA:21,0
LF:7
LH:0
BRF:0
BRH:0
end_of_record
TN:
SF:src/dto/update-tenant.dto.ts
FN:30,(anonymous_2)
FN:35,(anonymous_3)
FNF:2
FNH:0
FNDA:0,(anonymous_2)
FNDA:0,(anonymous_3)
DA:2,0
DA:3,0
DA:4,0
DA:5,0
DA:7,0
DA:10,0
DA:15,0
DA:19,0
DA:23,0
DA:27,0
DA:30,0
DA:32,0
DA:35,0
DA:37,0
LF:14
LH:0
BRF:0
BRH:0
end_of_record
TN:
SF:src/guards/jwt-auth.guard.ts
FN:15,(anonymous_2)
FN:19,(anonymous_3)
FN:33,(anonymous_4)
FNF:3
FNH:0
FNDA:0,(anonymous_2)
FNDA:0,(anonymous_3)
FNDA:0,(anonymous_4)
DA:1,0
DA:7,0
DA:8,0
DA:9,0
DA:12,0
DA:13,0
DA:15,0
DA:16,0
DA:21,0
DA:26,0
DA:27,0
DA:30,0
DA:34,0
DA:36,0
DA:37,0
DA:41,0
DA:42,0
DA:45,0
DA:46,0
DA:49,0
DA:53,0
DA:54,0
DA:56,0
DA:57,0
LF:24
LH:0
BRDA:26,0,0,0
BRDA:36,1,0,0
BRDA:36,2,0,0
BRDA:36,2,1,0
BRDA:38,3,0,0
BRDA:38,3,1,0
BRDA:41,4,0,0
BRDA:45,5,0,0
BRF:8
BRH:0
end_of_record
TN:
SF:src/guards/permissions.guard.ts
FN:7,(anonymous_2)
FN:9,(anonymous_3)
FN:29,(anonymous_4)
FNF:3
FNH:0
FNDA:0,(anonymous_2)
FNDA:0,(anonymous_3)
FNDA:0,(anonymous_4)
DA:1,0
DA:2,0
DA:3,0
DA:6,0
DA:7,0
DA:10,0
DA:15,0
DA:16,0
DA:19,0
DA:20,0
DA:21,0
DA:24,0
DA:25,0
DA:26,0
DA:29,0
DA:30,0
DA:33,0
DA:34,0
DA:37,0
LF:19
LH:0
BRDA:15,0,0,0
BRDA:15,1,0,0
BRDA:15,1,1,0
BRDA:20,2,0,0
BRDA:20,3,0,0
BRDA:20,3,1,0
BRDA:25,4,0,0
BRDA:33,5,0,0
BRF:8
BRH:0
end_of_record
TN:
SF:src/guards/super-admin.guard.ts
FN:4,(anonymous_1)
FN:7,(anonymous_2)
FNF:2
FNH:0
FNDA:0,(anonymous_1)
FNDA:0,(anonymous_2)
DA:1,0
DA:4,0
DA:5,0
DA:8,0
DA:9,0
DA:12,0
DA:13,0
DA:14,0
DA:18,0
DA:20,0
DA:21,0
DA:22,0
DA:25,0
DA:26,0
LF:14
LH:0
BRDA:12,0,0,0
BRDA:20,1,0,0
BRF:2
BRH:0
end_of_record
TN:
SF:src/guards/tenant.guard.ts
FN:18,(anonymous_4)
FN:23,(anonymous_5)
FNF:2
FNH:0
FNDA:0,(anonymous_4)
FNDA:0,(anonymous_5)
DA:1,0
DA:8,0
DA:9,0
DA:10,0
DA:11,0
DA:12,0
DA:15,0
DA:16,0
DA:19,0
DA:20,0
DA:24,0
DA:28,0
DA:29,0
DA:32,0
DA:33,0
DA:36,0
DA:37,0
DA:38,0
DA:41,0
DA:42,0
DA:45,0
DA:48,0
DA:50,0
DA:52,0
DA:53,0
DA:54,0
DA:57,0
DA:58,0
DA:61,0
DA:67,0
DA:71,0
DA:72,0
DA:76,0
DA:78,0
DA:81,0
DA:83,0
DA:84,0
DA:87,0
DA:88,0
LF:39
LH:0
BRDA:28,0,0,0
BRDA:36,1,0,0
BRDA:36,2,0,0
BRDA:36,2,1,0
BRDA:41,3,0,0
BRDA:41,4,0,0
BRDA:41,4,1,0
BRDA:52,5,0,0
BRDA:57,6,0,0
BRDA:67,7,0,0
BRDA:68,8,0,0
BRDA:68,8,1,0
BRDA:83,9,0,0
BRF:13
BRH:0
end_of_record
TN:
SF:src/modules/accounting/accounting.controller.ts
FN:23,(anonymous_4)
FN:26,(anonymous_5)
FN:32,(anonymous_6)
FN:42,(anonymous_7)
FN:52,(anonymous_8)
FN:64,(anonymous_9)
FN:77,(anonymous_10)
FN:85,(anonymous_11)
FN:91,(anonymous_12)
FN:97,(anonymous_13)
FNF:10
FNH:0
FNDA:0,(anonymous_4)
FNDA:0,(anonymous_5)
FNDA:0,(anonymous_6)
FNDA:0,(anonymous_7)
FNDA:0,(anonymous_8)
FNDA:0,(anonymous_9)
FNDA:0,(anonymous_10)
FNDA:0,(anonymous_11)
FNDA:0,(anonymous_12)
FNDA:0,(anonymous_13)
DA:1,0
DA:12,0
DA:13,0
DA:17,0
DA:18,0
DA:22,0
DA:23,0
DA:26,0
DA:27,0
DA:28,0
DA:32,0
DA:33,0
DA:34,0
DA:35,0
DA:42,0
DA:47,0
DA:48,0
DA:52,0
DA:56,0
DA:57,0
DA:64,0
DA:69,0
DA:70,0
DA:71,0
DA:72,0
DA:73,0
DA:77,0
DA:78,0
DA:80,0
DA:81,0
DA:85,0
DA:86,0
DA:87,0
DA:91,0
DA:92,0
DA:93,0
DA:97,0
DA:102,0
DA:103,0
DA:104,0
DA:105,0
DA:106,0
LF:42
LH:0
BRDA:80,0,0,0
BRDA:80,0,1,0
BRF:2
BRH:0
end_of_record
TN:
SF:src/modules/accounting/accounting.module.ts
FNF:0
FNH:0
DA:1,0
DA:2,0
DA:3,0
DA:4,0
DA:5,0
DA:9,0
DA:10,0
DA:14,0
DA:15,0
DA:31,0
LF:10
LH:0
BRF:0
BRH:0
end_of_record
TN:
SF:src/modules/accounting/accounting.service.ts
FN:31,(anonymous_4)
FN:40,(anonymous_5)
FN:77,(anonymous_6)
FN:91,(anonymous_7)
FN:98,(anonymous_8)
FN:125,(anonymous_9)
FN:155,(anonymous_10)
FN:161,(anonymous_11)
FN:163,(anonymous_12)
FN:180,(anonymous_13)
FN:193,(anonymous_14)
FN:211,(anonymous_15)
FN:239,(anonymous_16)
FN:319,(anonymous_17)
FN:332,(anonymous_18)
FN:341,(anonymous_19)
FN:394,(anonymous_20)
FN:407,(anonymous_21)
FN:465,(anonymous_22)
FN:478,(anonymous_23)
FN:521,(anonymous_24)
FN:522,(anonymous_25)
FN:536,(anonymous_26)
FN:549,(anonymous_27)
FN:621,(anonymous_28)
FN:634,(anonymous_29)
FN:643,(anonymous_30)
FN:644,(anonymous_31)
FN:647,(anonymous_32)
FN:648,(anonymous_33)
FN:666,(anonymous_34)
FN:669,(anonymous_35)
FN:688,(anonymous_36)
FN:770,(anonymous_37)
FN:774,(anonymous_38)
FN:778,(anonymous_39)
FN:788,(anonymous_40)
FN:796,(anonymous_41)
FN:797,(anonymous_42)
FN:814,(anonymous_43)
FN:822,(anonymous_44)
FN:839,(anonymous_45)
FN:922,(anonymous_46)
FN:958,(anonymous_47)
FNF:44
FNH:0
FNDA:0,(anonymous_4)
FNDA:0,(anonymous_5)
FNDA:0,(anonymous_6)
FNDA:0,(anonymous_7)
FNDA:0,(anonymous_8)
FNDA:0,(anonymous_9)
FNDA:0,(anonymous_10)
FNDA:0,(anonymous_11)
FNDA:0,(anonymous_12)
FNDA:0,(anonymous_13)
FNDA:0,(anonymous_14)
FNDA:0,(anonymous_15)
FNDA:0,(anonymous_16)
FNDA:0,(anonymous_17)
FNDA:0,(anonymous_18)
FNDA:0,(anonymous_19)
FNDA:0,(anonymous_20)
FNDA:0,(anonymous_21)
FNDA:0,(anonymous_22)
FNDA:0,(anonymous_23)
FNDA:0,(anonymous_24)
FNDA:0,(anonymous_25)
FNDA:0,(anonymous_26)
FNDA:0,(anonymous_27)
FNDA:0,(anonymous_28)
FNDA:0,(anonymous_29)
FNDA:0,(anonymous_30)
FNDA:0,(anonymous_31)
FNDA:0,(anonymous_32)
FNDA:0,(anonymous_33)
FNDA:0,(anonymous_34)
FNDA:0,(anonymous_35)
FNDA:0,(anonymous_36)
FNDA:0,(anonymous_37)
FNDA:0,(anonymous_38)
FNDA:0,(anonymous_39)
FNDA:0,(anonymous_40)
FNDA:0,(anonymous_41)
FNDA:0,(anonymous_42)
FNDA:0,(anonymous_43)
FNDA:0,(anonymous_44)
FNDA:0,(anonymous_45)
FNDA:0,(anonymous_46)
FNDA:0,(anonymous_47)
DA:1,0
DA:7,0
DA:8,0
DA:9,0
DA:10,0
DA:14,0
DA:22,0
DA:25,0
DA:28,0
DA:29,0
DA:33,0
DA:35,0
DA:36,0
DA:37,0
DA:44,0
DA:52,0
DA:53,0
DA:58,0
DA:69,0
DA:70,0
DA:71,0
DA:74,0
DA:81,0
DA:83,0
DA:88,0
DA:92,0
DA:103,0
DA:104,0
DA:105,0
DA:116,0
DA:126,0
DA:131,0
DA:132,0
DA:135,0
DA:136,0
DA:137,0
DA:138,0
DA:139,0
DA:140,0
DA:141,0
DA:142,0
DA:144,0
DA:145,0
DA:159,0
DA:161,0
DA:162,0
DA:163,0
DA:167,0
DA:168,0
DA:171,0
DA:172,0
DA:177,0
DA:180,0
DA:190,0
DA:197,0
DA:200,0
DA:201,0
DA:204,0
DA:208,0
DA:219,0
DA:220,0
DA:223,0
DA:224,0
DA:227,0
DA:230,0
DA:236,0
DA:243,0
DA:248,0
DA:249,0
DA:250,0
DA:252,0
DA:257,0
DA:263,0
DA:266,0
DA:273,0
DA:274,0
DA:283,0
DA:290,0
DA:291,0
DA:292,0
DA:300,0
DA:301,0
DA:310,0
DA:316,0
DA:319,0
DA:329,0
DA:336,0
DA:340,0
DA:341,0
DA:345,0
DA:346,0
DA:349,0
DA:352,0
DA:361,0
DA:370,0
DA:385,0
DA:391,0
DA:394,0
DA:404,0
DA:411,0
DA:415,0
DA:424,0
DA:438,0
DA:453,0
DA:462,0
DA:465,0
DA:475,0
DA:482,0
DA:486,0
DA:495,0
DA:498,0
DA:499,0
DA:500,0
DA:501,0
DA:505,0
DA:514,0
DA:521,0
DA:522,0
DA:523,0
DA:524,0
DA:527,0
DA:533,0
DA:536,0
DA:546,0
DA:555,0
DA:559,0
DA:560,0
DA:570,0
DA:585,0
DA:586,0
DA:595,0
DA:597,0
DA:604,0
DA:612,0
DA:618,0
DA:621,0
DA:631,0
DA:635,0
DA:636,0
DA:638,0
DA:642,0
DA:643,0
DA:644,0
DA:646,0
DA:647,0
DA:648,0
DA:650,0
DA:658,0
DA:659,0
DA:661,0
DA:662,0
DA:663,0
DA:665,0
DA:666,0
DA:667,0
DA:669,0
DA:670,0
DA:675,0
DA:689,0
DA:690,0
DA:692,0
DA:695,0
DA:702,0
DA:704,0
DA:705,0
DA:706,0
DA:707,0
DA:708,0
DA:709,0
DA:713,0
DA:714,0
DA:715,0
DA:716,0
DA:717,0
DA:718,0
DA:719,0
DA:721,0
DA:722,0
DA:723,0
DA:725,0
DA:727,0
DA:733,0
DA:735,0
DA:736,0
DA:737,0
DA:738,0
DA:740,0
DA:741,0
DA:742,0
DA:743,0
DA:745,0
DA:746,0
DA:747,0
DA:748,0
DA:751,0
DA:752,0
DA:755,0
DA:756,0
DA:760,0
DA:765,0
DA:767,0
DA:770,0
DA:774,0
DA:778,0
DA:789,0
DA:791,0
DA:796,0
DA:797,0
DA:798,0
DA:799,0
DA:811,0
DA:815,0
DA:817,0
DA:822,0
DA:823,0
DA:824,0
DA:836,0
DA:841,0
DA:843,0
DA:846,0
DA:852,0
DA:854,0
DA:855,0
DA:856,0
DA:864,0
DA:867,0
DA:873,0
DA:874,0
DA:875,0
DA:876,0
DA:879,0
DA:880,0
DA:882,0
DA:884,0
DA:885,0
DA:886,0
DA:893,0
DA:894,0
DA:895,0
DA:906,0
DA:908,0
DA:927,0
DA:931,0
DA:932,0
DA:934,0
DA:949,0
DA:955,0
DA:958,0
DA:968,0
LF:249
LH:0
BRDA:52,0,0,0
BRDA:69,1,0,0
BRDA:69,2,0,0
BRDA:69,2,1,0
BRDA:131,3,0,0
BRDA:138,4,0,0
BRDA:144,5,0,0
BRDA:161,6,0,0
BRDA:161,6,1,0
BRDA:163,7,0,0
BRDA:163,7,1,0
BRDA:167,8,0,0
BRDA:171,9,0,0
BRDA:171,10,0,0
BRDA:171,10,1,0
BRDA:184,11,0,0
BRDA:184,11,1,0
BRDA:200,12,0,0
BRDA:223,13,0,0
BRDA:252,14,0,0
BRDA:252,14,1,0
BRDA:257,15,0,0
BRDA:257,15,1,0
BRDA:273,16,0,0
BRDA:273,17,0,0
BRDA:273,17,1,0
BRDA:291,18,0,0
BRDA:300,19,0,0
BRDA:300,20,0,0
BRDA:300,20,1,0
BRDA:341,21,0,0
BRDA:341,21,1,0
BRDA:345,22,0,0
BRDA:500,23,0,0
BRDA:509,24,0,0
BRDA:509,24,1,0
BRDA:523,25,0,0
BRDA:553,26,0,0
BRDA:585,27,0,0
BRDA:613,28,0,0
BRDA:613,28,1,0
BRDA:643,29,0,0
BRDA:643,29,1,0
BRDA:647,30,0,0
BRDA:647,30,1,0
BRDA:663,31,0,0
BRDA:666,32,0,0
BRDA:669,33,0,0
BRDA:707,34,0,0
BRDA:707,34,1,0
BRDA:723,35,0,0
BRDA:723,35,1,0
BRDA:725,36,0,0
BRDA:733,37,0,0
BRDA:733,37,1,0
BRDA:733,37,2,0
BRDA:733,37,3,0
BRDA:733,37,4,0
BRDA:733,37,5,0
BRDA:733,37,6,0
BRDA:852,38,0,0
BRDA:852,38,1,0
BRDA:854,39,0,0
BRDA:882,40,0,0
BRDA:884,41,0,0
BRDA:893,42,0,0
BRF:66
BRH:0
end_of_record
TN:
SF:src/modules/analytics/analytics.controller.ts
FN:11,(anonymous_4)
FN:15,(anonymous_5)
FN:23,(anonymous_6)
FNF:3
FNH:0
FNDA:0,(anonymous_4)
FNDA:0,(anonymous_5)
FNDA:0,(anonymous_6)
DA:1,0
DA:2,0
DA:3,0
DA:4,0
DA:5,0
DA:6,0
DA:10,0
DA:11,0
DA:15,0
DA:16,0
DA:17,0
DA:18,0
DA:23,0
DA:25,0
DA:26,0
LF:15
LH:0
BRDA:16,0,0,0
BRDA:16,0,1,0
BRF:2
BRH:0
end_of_record
TN:
SF:src/modules/analytics/analytics.module.ts
FNF:0
FNH:0
DA:1,0
DA:2,0
DA:3,0
DA:4,0
DA:5,0
DA:6,0
DA:7,0
DA:8,0
DA:9,0
DA:10,0
DA:26,0
LF:11
LH:0
BRF:0
BRH:0
end_of_record
TN:
SF:src/modules/analytics/analytics.service.ts
FN:15,(anonymous_4)
FN:24,(anonymous_5)
FN:37,(anonymous_6)
FN:56,(anonymous_7)
FN:71,(anonymous_8)
FN:107,(anonymous_9)
FN:124,(anonymous_10)
FN:139,(anonymous_11)
FN:152,(anonymous_12)
FN:154,(anonymous_13)
FNF:10
FNH:0
FNDA:0,(anonymous_4)
FNDA:0,(anonymous_5)
FNDA:0,(anonymous_6)
FNDA:0,(anonymous_7)
FNDA:0,(anonymous_8)
FNDA:0,(anonymous_9)
FNDA:0,(anonymous_10)
FNDA:0,(anonymous_11)
FNDA:0,(anonymous_12)
FNDA:0,(anonymous_13)
DA:1,0
DA:2,0
DA:3,0
DA:4,0
DA:5,0
DA:6,0
DA:7,0
DA:8,0
DA:9,0
DA:12,0
DA:13,0
DA:16,0
DA:17,0
DA:18,0
DA:19,0
DA:20,0
DA:24,0
DA:25,0
DA:27,0
DA:28,0
DA:30,0
DA:31,0
DA:34,0
DA:38,0
DA:40,0
DA:41,0
DA:42,0
DA:43,0
DA:44,0
DA:46,0
DA:51,0
DA:52,0
DA:53,0
DA:56,0
DA:57,0
DA:58,0
DA:59,0
DA:62,0
DA:64,0
DA:71,0
DA:72,0
DA:73,0
DA:74,0
DA:75,0
DA:77,0
DA:78,0
DA:80,0
DA:83,0
DA:84,0
DA:85,0
DA:87,0
DA:97,0
DA:104,0
DA:108,0
DA:109,0
DA:110,0
DA:111,0
DA:112,0
DA:114,0
DA:119,0
DA:120,0
DA:121,0
DA:124,0
DA:125,0
DA:126,0
DA:127,0
DA:130,0
DA:132,0
DA:139,0
DA:140,0
DA:141,0
DA:142,0
DA:143,0
DA:145,0
DA:146,0
DA:148,0
DA:151,0
DA:152,0
DA:154,0
DA:155,0
DA:156,0
DA:157,0
LF:82
LH:0
BRDA:51,0,0,0
BRDA:58,1,0,0
BRDA:58,1,1,0
BRDA:72,2,0,0
BRDA:74,3,0,0
BRDA:84,4,0,0
BRDA:84,4,1,0
BRDA:85,5,0,0
BRDA:85,5,1,0
BRDA:94,6,0,0
BRDA:94,6,1,0
BRDA:119,7,0,0
BRDA:126,8,0,0
BRDA:126,8,1,0
BRDA:140,9,0,0
BRDA:142,10,0,0
BRDA:155,11,0,0
BRDA:155,11,1,0
BRDA:156,12,0,0
BRDA:156,12,1,0
BRDA:158,13,0,0
BRDA:158,13,1,0
BRDA:162,14,0,0
BRDA:162,14,1,0
BRF:24
BRH:0
end_of_record
TN:
SF:src/modules/audit-log/audit-log.module.ts
FNF:0
FNH:0
DA:1,0
DA:2,0
DA:3,0
DA:4,0
DA:13,0
LF:5
LH:0
BRF:0
BRH:0
end_of_record
TN:
SF:src/modules/audit-log/audit-log.service.ts
FN:8,(anonymous_4)
FN:12,(anonymous_5)
FN:31,(anonymous_6)
FNF:3
FNH:0
FNDA:0,(anonymous_4)
FNDA:0,(anonymous_5)
FNDA:0,(anonymous_6)
DA:1,0
DA:2,0
DA:3,0
DA:4,0
DA:7,0
DA:9,0
DA:20,0
DA:28,0
DA:32,0
LF:9
LH:0
BRF:0
BRH:0
end_of_record
TN:
SF:src/modules/bank-reconciliation/bank-reconciliation.controller.ts
FNF:0
FNH:0
DA:1,0
DA:4,0
LF:2
LH:0
BRF:0
BRH:0
end_of_record
TN:
SF:src/modules/bank-reconciliation/bank-reconciliation.module.ts
FNF:0
FNH:0
DA:1,0
DA:2,0
DA:3,0
DA:4,0
DA:5,0
DA:6,0
DA:7,0
DA:21,0
LF:8
LH:0
BRF:0
BRH:0
end_of_record
TN:
SF:src/modules/bank-reconciliation/bank-reconciliation.service.ts
FN:10,(anonymous_4)
FN:16,(anonymous_5)
FN:21,(anonymous_6)
FN:26,(anonymous_7)
FN:31,(anonymous_8)
FN:35,(anonymous_9)
FN:40,(anonymous_10)
FNF:7
FNH:0
FNDA:0,(anonymous_4)
FNDA:0,(anonymous_5)
FNDA:0,(anonymous_6)
FNDA:0,(anonymous_7)
FNDA:0,(anonymous_8)
FNDA:0,(anonymous_9)
FNDA:0,(anonymous_10)
DA:1,0
DA:2,0
DA:3,0
DA:4,0
DA:5,0
DA:6,0
DA:9,0
DA:11,0
DA:12,0
DA:13,0
DA:18,0
DA:23,0
DA:28,0
DA:37,0
LF:14
LH:0
BRF:0
BRH:0
end_of_record
TN:
SF:src/modules/core/inventory.interface.ts
FNF:0
FNH:0
DA:6,0
LF:1
LH:0
BRF:0
BRH:0
end_of_record
TN:
SF:src/modules/customers/customers.controller.ts
FN:40,(anonymous_4)
FN:46,(anonymous_5)
FN:72,(anonymous_6)
FN:101,(anonymous_7)
FN:130,(anonymous_8)
FN:164,(anonymous_9)
FNF:6
FNH:0
FNDA:0,(anonymous_4)
FNDA:0,(anonymous_5)
FNDA:0,(anonymous_6)
FNDA:0,(anonymous_7)
FNDA:0,(anonymous_8)
FNDA:0,(anonymous_9)
DA:1,0
DA:16,0
DA:22,0
DA:23,0
DA:28,0
DA:29,0
DA:30,0
DA:31,0
DA:37,0
DA:38,0
DA:40,0
DA:46,0
DA:47,0
DA:50,0
DA:51,0
DA:55,0
DA:61,0
DA:72,0
DA:73,0
DA:74,0
DA:78,0
DA:90,0
DA:101,0
DA:102,0
DA:103,0
DA:107,0
DA:108,0
DA:110,0
DA:116,0
DA:117,0
DA:119,0
DA:130,0
DA:135,0
DA:136,0
DA:141,0
DA:142,0
DA:144,0
DA:150,0
DA:151,0
DA:153,0
DA:164,0
DA:165,0
DA:166,0
DA:167,0
DA:168,0
DA:170,0
DA:175,0
DA:176,0
DA:178,0
LF:49
LH:0
BRDA:62,0,0,0
BRDA:62,0,1,0
BRDA:91,1,0,0
BRDA:91,1,1,0
BRDA:107,2,0,0
BRDA:116,3,0,0
BRDA:120,4,0,0
BRDA:120,4,1,0
BRDA:141,5,0,0
BRDA:150,6,0,0
BRDA:154,7,0,0
BRDA:154,7,1,0
BRDA:167,8,0,0
BRDA:175,9,0,0
BRDA:179,10,0,0
BRDA:179,10,1,0
BRF:16
BRH:0
end_of_record
TN:
SF:src/modules/customers/customers.module.ts
FNF:0
FNH:0
DA:1,0
DA:2,0
DA:3,0
DA:4,0
DA:5,0
DA:6,0
DA:7,0
DA:8,0
DA:9,0
DA:10,0
DA:27,0
LF:11
LH:0
BRF:0
BRH:0
end_of_record
TN:
SF:src/modules/customers/customers.service.ts
FN:24,(anonymous_4)
FN:29,(anonymous_5)
FN:75,(anonymous_6)
FN:331,(anonymous_7)
FN:337,(anonymous_8)
FN:346,(anonymous_9)
FN:348,(anonymous_10)
FN:351,(anonymous_11)
FN:363,(anonymous_12)
FN:383,(anonymous_13)
FN:387,(anonymous_14)
FN:396,(anonymous_15)
FN:397,(anonymous_16)
FN:398,(anonymous_17)
FN:401,(anonymous_18)
FN:409,(anonymous_19)
FN:412,(anonymous_20)
FN:419,(anonymous_21)
FN:432,(anonymous_22)
FN:451,(anonymous_23)
FN:462,(anonymous_24)
FN:482,(anonymous_25)
FN:493,(anonymous_26)
FNF:23
FNH:0
FNDA:0,(anonymous_4)
FNDA:0,(anonymous_5)
FNDA:0,(anonymous_6)
FNDA:0,(anonymous_7)
FNDA:0,(anonymous_8)
FNDA:0,(anonymous_9)
FNDA:0,(anonymous_10)
FNDA:0,(anonymous_11)
FNDA:0,(anonymous_12)
FNDA:0,(anonymous_13)
FNDA:0,(anonymous_14)
FNDA:0,(anonymous_15)
FNDA:0,(anonymous_16)
FNDA:0,(anonymous_17)
FNDA:0,(anonymous_18)
FNDA:0,(anonymous_19)
FNDA:0,(anonymous_20)
FNDA:0,(anonymous_21)
FNDA:0,(anonymous_22)
FNDA:0,(anonymous_23)
FNDA:0,(anonymous_24)
FNDA:0,(anonymous_25)
FNDA:0,(anonymous_26)
DA:1,0
DA:2,0
DA:3,0
DA:4,0
DA:5,0
DA:21,0
DA:22,0
DA:25,0
DA:26,0
DA:33,0
DA:35,0
DA:37,0
DA:66,0
DA:67,0
DA:69,0
DA:72,0
DA:85,0
DA:87,0
DA:89,0
DA:90,0
DA:91,0
DA:93,0
DA:94,0
DA:103,0
DA:104,0
DA:276,0
DA:277,0
DA:278,0
DA:280,0
DA:281,0
DA:283,0
DA:284,0
DA:285,0
DA:287,0
DA:289,0
DA:291,0
DA:300,0
DA:301,0
DA:303,0
DA:304,0
DA:305,0
DA:307,0
DA:319,0
DA:321,0
DA:332,0
DA:333,0
DA:336,0
DA:337,0
DA:340,0
DA:341,0
DA:344,0
DA:346,0
DA:348,0
DA:352,0
DA:353,0
DA:356,0
DA:357,0
DA:362,0
DA:363,0
DA:364,0
DA:365,0
DA:366,0
DA:368,0
DA:371,0
DA:372,0
DA:374,0
DA:375,0
DA:376,0
DA:378,0
DA:379,0
DA:380,0
DA:383,0
DA:384,0
DA:385,0
DA:386,0
DA:387,0
DA:388,0
DA:389,0
DA:390,0
DA:393,0
DA:396,0
DA:397,0
DA:398,0
DA:400,0
DA:401,0
DA:402,0
DA:403,0
DA:404,0
DA:405,0
DA:406,0
DA:409,0
DA:411,0
DA:412,0
DA:413,0
DA:415,0
DA:416,0
DA:417,0
DA:419,0
DA:420,0
DA:421,0
DA:422,0
DA:423,0
DA:424,0
DA:425,0
DA:426,0
DA:428,0
DA:432,0
DA:433,0
DA:434,0
DA:437,0
DA:455,0
DA:467,0
DA:469,0
DA:474,0
DA:483,0
DA:485,0
DA:490,0
DA:494,0
DA:495,0
LF:119
LH:0
BRDA:54,0,0,0
BRDA:54,0,1,0
BRDA:77,1,0,0
BRDA:78,2,0,0
BRDA:83,3,0,0
BRDA:84,4,0,0
BRDA:89,5,0,0
BRDA:90,6,0,0
BRDA:91,7,0,0
BRDA:93,8,0,0
BRDA:278,9,0,0
BRDA:278,9,1,0
BRDA:281,10,0,0
BRDA:281,10,1,0
BRDA:304,11,0,0
BRDA:304,11,1,0
BRDA:304,12,0,0
BRDA:304,12,1,0
BRDA:332,13,0,0
BRDA:337,14,0,0
BRDA:337,14,1,0
BRDA:340,15,0,0
BRDA:348,16,0,0
BRDA:348,16,1,0
BRDA:352,17,0,0
BRDA:365,18,0,0
BRDA:376,19,0,0
BRDA:376,19,1,0
BRDA:378,20,0,0
BRDA:383,21,0,0
BRDA:383,21,1,0
BRDA:396,22,0,0
BRDA:396,22,1,0
BRDA:397,23,0,0
BRDA:397,23,1,0
BRDA:398,24,0,0
BRDA:398,24,1,0
BRDA:402,25,0,0
BRDA:402,25,1,0
BRDA:402,26,0,0
BRDA:402,26,1,0
BRDA:403,27,0,0
BRDA:403,27,1,0
BRDA:403,28,0,0
BRDA:403,28,1,0
BRDA:404,29,0,0
BRDA:404,29,1,0
BRDA:404,30,0,0
BRDA:404,30,1,0
BRDA:409,31,0,0
BRDA:409,31,1,0
BRDA:409,32,0,0
BRDA:409,32,1,0
BRDA:412,33,0,0
BRDA:412,33,1,0
BRDA:421,34,0,0
BRDA:421,34,1,0
BRDA:423,35,0,0
BRDA:423,35,1,0
BRDA:425,36,0,0
BRDA:425,36,1,0
BRDA:433,37,0,0
BRDA:433,37,1,0
BRDA:434,38,0,0
BRDA:434,38,1,0
BRDA:442,39,0,0
BRDA:442,39,1,0
BRDA:444,40,0,0
BRDA:444,40,1,0
BRDA:445,41,0,0
BRDA:445,41,1,0
BRF:71
BRH:0
end_of_record
TN:
SF:src/modules/dashboard/dashboard.controller.ts
FN:26,(anonymous_4)
FN:32,(anonymous_5)
FNF:2
FNH:0
FNDA:0,(anonymous_4)
FNDA:0,(anonymous_5)
DA:1,0
DA:9,0
DA:15,0
DA:16,0
DA:17,0
DA:18,0
DA:19,0
DA:25,0
DA:26,0
DA:32,0
DA:33,0
DA:34,0
DA:35,0
DA:41,0
LF:14
LH:0
BRDA:42,0,0,0
BRDA:42,0,1,0
BRF:2
BRH:0
end_of_record
TN:
SF:src/modules/dashboard/dashboard.module.ts
FNF:0
FNH:0
DA:1,0
DA:2,0
DA:3,0
DA:4,0
DA:5,0
DA:6,0
DA:7,0
DA:8,0
DA:9,0
DA:10,0
DA:26,0
LF:11
LH:0
BRF:0
BRH:0
end_of_record
TN:
SF:src/modules/dashboard/dashboard.service.ts
FN:13,(anonymous_4)
FN:21,(anonymous_5)
FN:73,(anonymous_6)
FN:80,(anonymous_7)
FNF:4
FNH:0
FNDA:0,(anonymous_4)
FNDA:0,(anonymous_5)
FNDA:0,(anonymous_6)
FNDA:0,(anonymous_7)
DA:1,0
DA:2,0
DA:3,0
DA:4,0
DA:5,0
DA:6,0
DA:7,0
DA:10,0
DA:11,0
DA:14,0
DA:15,0
DA:17,0
DA:18,0
DA:22,0
DA:23,0
DA:25,0
DA:26,0
DA:28,0
DA:29,0
DA:39,0
DA:69,0
DA:71,0
DA:73,0
DA:74,0
DA:80,0
DA:81,0
DA:82,0
DA:83,0
DA:85,0
DA:92,0
DA:94,0
LF:31
LH:0
BRDA:69,0,0,0
BRDA:69,0,1,0
BRDA:82,1,0,0
BRDA:82,1,1,0
BRF:4
BRH:0
end_of_record
TN:
SF:src/modules/delivery/delivery.controller.ts
FN:8,(anonymous_4)
FN:11,(anonymous_5)
FN:28,(anonymous_6)
FN:33,(anonymous_7)
FNF:4
FNH:0
FNDA:0,(anonymous_4)
FNDA:0,(anonymous_5)
FNDA:0,(anonymous_6)
FNDA:0,(anonymous_7)
DA:1,0
DA:2,0
DA:3,0
DA:7,0
DA:8,0
DA:11,0
DA:21,0
DA:28,0
DA:29,0
DA:33,0
DA:34,0
LF:11
LH:0
BRF:0
BRH:0
end_of_record
TN:
SF:src/modules/delivery/delivery.module.ts
FNF:0
FNH:0
DA:1,0
DA:2,0
DA:3,0
DA:4,0
DA:5,0
DA:17,0
LF:6
LH:0
BRF:0
BRH:0
end_of_record
TN:
SF:src/modules/delivery/delivery.service.ts
FN:30,(anonymous_4)
FN:34,(anonymous_5)
FN:71,(anonymous_6)
FN:110,(anonymous_7)
FN:131,(anonymous_8)
FN:135,(anonymous_9)
FN:141,(anonymous_10)
FN:142,(anonymous_11)
FN:166,(anonymous_12)
FN:173,(anonymous_13)
FN:174,(anonymous_14)
FN:179,(anonymous_15)
FN:180,(anonymous_16)
FN:194,(anonymous_17)
FN:198,(anonymous_18)
FNF:15
FNH:0
FNDA:0,(anonymous_4)
FNDA:0,(anonymous_5)
FNDA:0,(anonymous_6)
FNDA:0,(anonymous_7)
FNDA:0,(anonymous_8)
FNDA:0,(anonymous_9)
FNDA:0,(anonymous_10)
FNDA:0,(anonymous_11)
FNDA:0,(anonymous_12)
FNDA:0,(anonymous_13)
FNDA:0,(anonymous_14)
FNDA:0,(anonymous_15)
FNDA:0,(anonymous_16)
FNDA:0,(anonymous_17)
FNDA:0,(anonymous_18)
DA:1,0
DA:2,0
DA:3,0
DA:4,0
DA:27,0
DA:28,0
DA:31,0
DA:35,0
DA:36,0
DA:38,0
DA:39,0
DA:40,0
DA:44,0
DA:45,0
DA:49,0
DA:50,0
DA:51,0
DA:52,0
DA:55,0
DA:59,0
DA:60,0
DA:61,0
DA:62,0
DA:65,0
DA:68,0
DA:76,0
DA:77,0
DA:78,0
DA:82,0
DA:87,0
DA:90,0
DA:92,0
DA:98,0
DA:99,0
DA:100,0
DA:103,0
DA:105,0
DA:106,0
DA:114,0
DA:115,0
DA:116,0
DA:119,0
DA:125,0
DA:126,0
DA:128,0
DA:132,0
DA:140,0
DA:141,0
DA:143,0
DA:144,0
DA:146,0
DA:147,0
DA:149,0
DA:152,0
DA:153,0
DA:154,0
DA:157,0
DA:159,0
DA:172,0
DA:173,0
DA:174,0
DA:177,0
DA:178,0
DA:179,0
DA:180,0
DA:183,0
DA:184,0
DA:185,0
DA:188,0
DA:195,0
DA:199,0
DA:209,0
LF:72
LH:0
BRDA:38,0,0,0
BRDA:44,1,0,0
BRDA:49,2,0,0
BRDA:50,3,0,0
BRDA:59,4,0,0
BRDA:60,5,0,0
BRDA:76,6,0,0
BRDA:82,7,0,0
BRDA:83,8,0,0
BRDA:83,8,1,0
BRDA:83,8,2,0
BRDA:98,9,0,0
BRDA:98,10,0,0
BRDA:98,10,1,0
BRDA:143,11,0,0
BRDA:143,12,0,0
BRDA:143,12,1,0
BRDA:146,13,0,0
BRDA:146,14,0,0
BRDA:146,14,1,0
BRDA:152,15,0,0
BRDA:174,16,0,0
BRDA:174,16,1,0
BRDA:177,17,0,0
BRDA:180,18,0,0
BRDA:180,18,1,0
BRDA:183,19,0,0
BRDA:184,20,0,0
BRDA:184,20,1,0
BRDA:190,21,0,0
BRDA:190,21,1,0
BRF:31
BRH:0
end_of_record
TN:
SF:src/modules/events/events.controller.ts
FN:34,(anonymous_4)
FN:43,(anonymous_5)
FN:66,(anonymous_6)
FN:83,(anonymous_7)
FN:104,(anonymous_8)
FNF:5
FNH:0
FNDA:0,(anonymous_4)
FNDA:0,(anonymous_5)
FNDA:0,(anonymous_6)
FNDA:0,(anonymous_7)
FNDA:0,(anonymous_8)
DA:1,0
DA:15,0
DA:16,0
DA:17,0
DA:24,0
DA:25,0
DA:26,0
DA:27,0
DA:33,0
DA:34,0
DA:43,0
DA:44,0
DA:45,0
DA:46,0
DA:48,0
DA:66,0
DA:71,0
DA:72,0
DA:73,0
DA:75,0
DA:83,0
DA:88,0
DA:89,0
DA:94,0
DA:96,0
DA:104,0
DA:105,0
DA:106,0
DA:107,0
DA:109,0
LF:30
LH:0
BRF:0
BRH:0
end_of_record
TN:
SF:src/modules/events/events.module.ts
FNF:0
FNH:0
DA:1,0
DA:2,0
DA:3,0
DA:4,0
DA:5,0
DA:6,0
DA:7,0
DA:19,0
LF:8
LH:0
BRF:0
BRH:0
end_of_record
TN:
SF:src/modules/events/events.service.ts
FN:13,(anonymous_4)
FN:17,(anonymous_5)
FN:31,(anonymous_6)
FN:62,(anonymous_7)
FN:75,(anonymous_8)
FN:87,(anonymous_9)
FNF:6
FNH:0
FNDA:0,(anonymous_4)
FNDA:0,(anonymous_5)
FNDA:0,(anonymous_6)
FNDA:0,(anonymous_7)
FNDA:0,(anonymous_8)
FNDA:0,(anonymous_9)
DA:1,0
DA:6,0
DA:7,0
DA:8,0
DA:12,0
DA:14,0
DA:22,0
DA:27,0
DA:28,0
DA:36,0
DA:37,0
DA:38,0
DA:39,0
DA:41,0
DA:59,0
DA:63,0
DA:64,0
DA:65,0
DA:67,0
DA:68,0
DA:72,0
DA:80,0
DA:82,0
DA:84,0
DA:92,0
DA:95,0
DA:96,0
LF:27
LH:0
BRDA:37,0,0,0
BRDA:37,1,0,0
BRDA:37,1,1,0
BRDA:64,2,0,0
BRDA:67,3,0,0
BRF:5
BRH:0
end_of_record
TN:
SF:src/modules/exchange-rate/exchange-rate.controller.ts
FN:8,(anonymous_2)
FN:11,(anonymous_3)
FNF:2
FNH:0
FNDA:0,(anonymous_2)
FNDA:0,(anonymous_3)
DA:1,0
DA:2,0
DA:3,0
DA:7,0
DA:8,0
DA:11,0
DA:12,0
LF:7
LH:0
BRF:0
BRH:0
end_of_record
TN:
SF:src/modules/exchange-rate/exchange-rate.module.ts
FNF:0
FNH:0
DA:1,0
DA:2,0
DA:3,0
DA:10,0
LF:4
LH:0
BRF:0
BRH:0
end_of_record
TN:
SF:src/modules/exchange-rate/exchange-rate.service.ts
FN:11,(anonymous_1)
FN:17,(anonymous_2)
FNF:2
FNH:0
FNDA:0,(anonymous_1)
FNDA:0,(anonymous_2)
DA:1,0
DA:2,0
DA:11,0
DA:12,0
DA:13,0
DA:14,0
DA:15,0
DA:19,0
DA:20,0
DA:21,0
DA:24,0
DA:25,0
DA:26,0
DA:30,0
DA:32,0
DA:33,0
DA:34,0
DA:37,0
DA:38,0
DA:40,0
DA:41,0
DA:42,0
DA:46,0
DA:51,0
DA:53,0
DA:54,0
DA:56,0
DA:59,0
DA:60,0
DA:61,0
DA:68,0
DA:69,0
DA:76,0
DA:77,0
DA:79,0
LF:35
LH:0
BRDA:19,0,0,0
BRDA:19,1,0,0
BRDA:19,1,1,0
BRDA:19,1,2,0
BRDA:32,2,0,0
BRDA:32,3,0,0
BRDA:32,3,1,0
BRDA:40,4,0,0
BRDA:40,5,0,0
BRDA:40,5,1,0
BRDA:48,6,0,0
BRDA:48,6,1,0
BRDA:59,7,0,0
BRF:13
BRH:0
end_of_record
TN:
SF:src/modules/food_retail/food-retail.controller.ts
FN:39,(anonymous_4)
FN:45,(anonymous_5)
FN:68,(anonymous_6)
FN:97,(anonymous_7)
FN:129,(anonymous_8)
FN:167,(anonymous_9)
FN:193,(anonymous_10)
FN:228,(anonymous_11)
FN:254,(anonymous_12)
FN:280,(anonymous_13)
FN:303,(anonymous_14)
FN:325,(anonymous_15)
FN:348,(anonymous_16)
FNF:13
FNH:0
FNDA:0,(anonymous_4)
FNDA:0,(anonymous_5)
FNDA:0,(anonymous_6)
FNDA:0,(anonymous_7)
FNDA:0,(anonymous_8)
FNDA:0,(anonymous_9)
FNDA:0,(anonymous_10)
FNDA:0,(anonymous_11)
FNDA:0,(anonymous_12)
FNDA:0,(anonymous_13)
FNDA:0,(anonymous_14)
FNDA:0,(anonymous_15)
FNDA:0,(anonymous_16)
DA:1,0
DA:13,0
DA:19,0
DA:20,0
DA:29,0
DA:30,0
DA:31,0
DA:32,0
DA:38,0
DA:39,0
DA:45,0
DA:46,0
DA:47,0
DA:51,0
DA:57,0
DA:68,0
DA:69,0
DA:70,0
DA:74,0
DA:86,0
DA:97,0
DA:98,0
DA:99,0
DA:103,0
DA:104,0
DA:109,0
DA:115,0
DA:116,0
DA:118,0
DA:129,0
DA:133,0
DA:134,0
DA:138,0
DA:139,0
DA:144,0
DA:150,0
DA:151,0
DA:153,0
DA:167,0
DA:171,0
DA:172,0
DA:176,0
DA:182,0
DA:193,0
DA:197,0
DA:198,0
DA:202,0
DA:214,0
DA:228,0
DA:232,0
DA:233,0
DA:237,0
DA:243,0
DA:254,0
DA:258,0
DA:259,0
DA:263,0
DA:269,0
DA:280,0
DA:281,0
DA:282,0
DA:286,0
DA:292,0
DA:303,0
DA:304,0
DA:305,0
DA:308,0
DA:314,0
DA:325,0
DA:326,0
DA:327,0
DA:331,0
DA:337,0
DA:348,0
DA:349,0
DA:350,0
DA:353,0
DA:359,0
LF:78
LH:0
BRDA:58,0,0,0
BRDA:58,0,1,0
BRDA:87,1,0,0
BRDA:87,1,1,0
BRDA:103,2,0,0
BRDA:115,3,0,0
BRDA:119,4,0,0
BRDA:119,4,1,0
BRDA:138,5,0,0
BRDA:150,6,0,0
BRDA:154,7,0,0
BRDA:154,7,1,0
BRDA:183,8,0,0
BRDA:183,8,1,0
BRDA:215,9,0,0
BRDA:215,9,1,0
BRDA:244,10,0,0
BRDA:244,10,1,0
BRDA:270,11,0,0
BRDA:270,11,1,0
BRDA:293,12,0,0
BRDA:293,12,1,0
BRDA:315,13,0,0
BRDA:315,13,1,0
BRDA:325,14,0,0
BRDA:338,15,0,0
BRDA:338,15,1,0
BRDA:360,16,0,0
BRDA:360,16,1,0
BRF:29
BRH:0
end_of_record
TN:
SF:src/modules/food_retail/food-retail.module.ts
FN:21,(anonymous_1)
FN:22,(anonymous_2)
FNF:2
FNH:0
FNDA:0,(anonymous_1)
FNDA:0,(anonymous_2)
DA:1,0
DA:2,0
DA:3,0
DA:4,0
DA:5,0
DA:6,0
DA:7,0
DA:8,0
DA:9,0
DA:13,0
DA:14,0
DA:15,0
DA:21,0
DA:22,0
DA:39,0
LF:15
LH:0
BRF:0
BRH:0
end_of_record
TN:
SF:src/modules/food_retail/food-retail.service.ts
FN:28,(anonymous_4)
FN:38,(anonymous_5)
FN:53,(anonymous_6)
FN:112,(anonymous_7)
FN:144,(anonymous_8)
FN:187,(anonymous_9)
FN:240,(anonymous_10)
FN:284,(anonymous_11)
FN:325,(anonymous_12)
FN:403,(anonymous_13)
FN:444,(anonymous_14)
FN:481,(anonymous_15)
FN:494,(anonymous_16)
FN:526,(anonymous_17)
FN:535,(anonymous_18)
FN:584,(anonymous_19)
FN:594,(anonymous_20)
FN:604,(anonymous_21)
FN:617,(anonymous_22)
FNF:19
FNH:0
FNDA:0,(anonymous_4)
FNDA:0,(anonymous_5)
FNDA:0,(anonymous_6)
FNDA:0,(anonymous_7)
FNDA:0,(anonymous_8)
FNDA:0,(anonymous_9)
FNDA:0,(anonymous_10)
FNDA:0,(anonymous_11)
FNDA:0,(anonymous_12)
FNDA:0,(anonymous_13)
FNDA:0,(anonymous_14)
FNDA:0,(anonymous_15)
FNDA:0,(anonymous_16)
FNDA:0,(anonymous_17)
FNDA:0,(anonymous_18)
FNDA:0,(anonymous_19)
FNDA:0,(anonymous_20)
FNDA:0,(anonymous_21)
FNDA:0,(anonymous_22)
DA:1,0
DA:2,0
DA:3,0
DA:4,0
DA:10,0
DA:20,0
DA:25,0
DA:26,0
DA:30,0
DA:32,0
DA:33,0
DA:34,0
DA:35,0
DA:43,0
DA:49,0
DA:50,0
DA:53,0
DA:60,0
DA:82,0
DA:83,0
DA:85,0
DA:86,0
DA:109,0
DA:117,0
DA:120,0
DA:121,0
DA:126,0
DA:141,0
DA:149,0
DA:150,0
DA:153,0
DA:154,0
DA:157,0
DA:158,0
DA:159,0
DA:160,0
DA:161,0
DA:162,0
DA:192,0
DA:199,0
DA:200,0
DA:201,0
DA:202,0
DA:206,0
DA:207,0
DA:210,0
DA:211,0
DA:212,0
DA:213,0
DA:214,0
DA:241,0
DA:242,0
DA:245,0
DA:246,0
DA:249,0
DA:252,0
DA:253,0
DA:255,0
DA:257,0
DA:280,0
DA:289,0
DA:292,0
DA:293,0
DA:294,0
DA:295,0
DA:296,0
DA:297,0
DA:298,0
DA:299,0
DA:320,0
DA:322,0
DA:330,0
DA:333,0
DA:334,0
DA:337,0
DA:340,0
DA:341,0
DA:342,0
DA:346,0
DA:349,0
DA:350,0
DA:351,0
DA:352,0
DA:359,0
DA:360,0
DA:361,0
DA:363,0
DA:366,0
DA:367,0
DA:370,0
DA:373,0
DA:375,0
DA:376,0
DA:381,0
DA:382,0
DA:389,0
DA:390,0
DA:391,0
DA:394,0
DA:397,0
DA:400,0
DA:413,0
DA:414,0
DA:415,0
DA:416,0
DA:417,0
DA:418,0
DA:419,0
DA:420,0
DA:421,0
DA:422,0
DA:424,0
DA:425,0
DA:435,0
DA:445,0
DA:482,0
DA:483,0
DA:484,0
DA:496,0
DA:518,0
DA:532,0
DA:547,0
DA:548,0
DA:549,0
DA:550,0
DA:551,0
DA:552,0
DA:553,0
DA:554,0
DA:555,0
DA:556,0
DA:562,0
DA:563,0
DA:564,0
DA:565,0
DA:575,0
DA:588,0
DA:598,0
DA:609,0
DA:614,0
DA:618,0
DA:621,0
DA:622,0
DA:625,0
DA:628,0
DA:632,0
DA:633,0
DA:636,0
DA:662,0
DA:665,0
DA:666,0
DA:667,0
DA:670,0
DA:672,0
DA:684,0
DA:687,0
DA:688,0
DA:689,0
DA:691,0
DA:692,0
DA:693,0
DA:695,0
DA:699,0
DA:701,0
DA:703,0
LF:165
LH:0
BRDA:48,0,0,0
BRDA:48,0,1,0
BRDA:49,1,0,0
BRDA:53,2,0,0
BRDA:53,2,1,0
BRDA:85,3,0,0
BRDA:119,4,0,0
BRDA:119,4,1,0
BRDA:120,5,0,0
BRDA:152,6,0,0
BRDA:152,6,1,0
BRDA:153,7,0,0
BRDA:157,8,0,0
BRDA:198,9,0,0
BRDA:198,9,1,0
BRDA:199,10,0,0
BRDA:202,11,0,0
BRDA:203,12,0,0
BRDA:203,12,1,0
BRDA:209,13,0,0
BRDA:209,13,1,0
BRDA:210,14,0,0
BRDA:244,15,0,0
BRDA:244,15,1,0
BRDA:245,16,0,0
BRDA:291,17,0,0
BRDA:291,17,1,0
BRDA:292,18,0,0
BRDA:296,19,0,0
BRDA:332,20,0,0
BRDA:332,20,1,0
BRDA:333,21,0,0
BRDA:342,22,0,0
BRDA:343,23,0,0
BRDA:343,23,1,0
BRDA:349,24,0,0
BRDA:349,24,1,0
BRDA:350,25,0,0
BRDA:350,25,1,0
BRDA:350,26,0,0
BRDA:350,26,1,0
BRDA:366,27,0,0
BRDA:366,28,0,0
BRDA:366,28,1,0
BRDA:367,29,0,0
BRDA:367,29,1,0
BRDA:376,30,0,0
BRDA:377,31,0,0
BRDA:377,31,1,0
BRDA:377,31,2,0
BRDA:405,32,0,0
BRDA:406,33,0,0
BRDA:415,34,0,0
BRDA:416,35,0,0
BRDA:417,36,0,0
BRDA:418,37,0,0
BRDA:419,38,0,0
BRDA:419,39,0,0
BRDA:419,39,1,0
BRDA:421,40,0,0
BRDA:422,41,0,0
BRDA:481,42,0,0
BRDA:522,43,0,0
BRDA:522,43,1,0
BRDA:537,44,0,0
BRDA:538,45,0,0
BRDA:545,46,0,0
BRDA:546,47,0,0
BRDA:549,48,0,0
BRDA:550,49,0,0
BRDA:551,50,0,0
BRDA:552,51,0,0
BRDA:553,52,0,0
BRDA:555,53,0,0
BRDA:563,54,0,0
BRDA:563,54,1,0
BRDA:620,55,0,0
BRDA:620,55,1,0
BRDA:621,56,0,0
BRDA:630,57,0,0
BRDA:630,57,1,0
BRDA:632,58,0,0
BRDA:665,59,0,0
BRDA:666,60,0,0
BRDA:666,61,0,0
BRDA:666,61,1,0
BRDA:696,62,0,0
BRDA:696,62,1,0
BRF:88
BRH:0
end_of_record
TN:
SF:src/modules/inventory/inventory.controller.ts
FN:40,(anonymous_4)
FN:46,(anonymous_5)
FN:69,(anonymous_6)
FN:98,(anonymous_7)
FN:130,(anonymous_8)
FN:168,(anonymous_9)
FN:194,(anonymous_10)
FN:229,(anonymous_11)
FN:255,(anonymous_12)
FN:281,(anonymous_13)
FN:304,(anonymous_14)
FN:327,(anonymous_15)
FN:349,(anonymous_16)
FN:372,(anonymous_17)
FNF:14
FNH:0
FNDA:0,(anonymous_4)
FNDA:0,(anonymous_5)
FNDA:0,(anonymous_6)
FNDA:0,(anonymous_7)
FNDA:0,(anonymous_8)
FNDA:0,(anonymous_9)
FNDA:0,(anonymous_10)
FNDA:0,(anonymous_11)
FNDA:0,(anonymous_12)
FNDA:0,(anonymous_13)
FNDA:0,(anonymous_14)
FNDA:0,(anonymous_15)
FNDA:0,(anonymous_16)
FNDA:0,(anonymous_17)
DA:1,0
DA:13,0
DA:19,0
DA:20,0
DA:29,0
DA:30,0
DA:31,0
DA:32,0
DA:33,0
DA:39,0
DA:40,0
DA:46,0
DA:47,0
DA:48,0
DA:52,0
DA:58,0
DA:69,0
DA:70,0
DA:71,0
DA:75,0
DA:87,0
DA:98,0
DA:99,0
DA:100,0
DA:104,0
DA:105,0
DA:110,0
DA:116,0
DA:117,0
DA:119,0
DA:130,0
DA:134,0
DA:135,0
DA:139,0
DA:140,0
DA:145,0
DA:151,0
DA:152,0
DA:154,0
DA:168,0
DA:172,0
DA:173,0
DA:177,0
DA:183,0
DA:194,0
DA:198,0
DA:199,0
DA:203,0
DA:215,0
DA:229,0
DA:233,0
DA:234,0
DA:238,0
DA:244,0
DA:255,0
DA:259,0
DA:260,0
DA:264,0
DA:270,0
DA:281,0
DA:282,0
DA:283,0
DA:287,0
DA:293,0
DA:304,0
DA:305,0
DA:306,0
DA:310,0
DA:316,0
DA:327,0
DA:328,0
DA:329,0
DA:332,0
DA:338,0
DA:349,0
DA:350,0
DA:351,0
DA:355,0
DA:361,0
DA:372,0
DA:373,0
DA:374,0
DA:377,0
DA:383,0
LF:84
LH:0
BRDA:59,0,0,0
BRDA:59,0,1,0
BRDA:88,1,0,0
BRDA:88,1,1,0
BRDA:104,2,0,0
BRDA:116,3,0,0
BRDA:120,4,0,0
BRDA:120,4,1,0
BRDA:139,5,0,0
BRDA:151,6,0,0
BRDA:155,7,0,0
BRDA:155,7,1,0
BRDA:184,8,0,0
BRDA:184,8,1,0
BRDA:216,9,0,0
BRDA:216,9,1,0
BRDA:245,10,0,0
BRDA:245,10,1,0
BRDA:271,11,0,0
BRDA:271,11,1,0
BRDA:294,12,0,0
BRDA:294,12,1,0
BRDA:317,13,0,0
BRDA:317,13,1,0
BRDA:339,14,0,0
BRDA:339,14,1,0
BRDA:349,15,0,0
BRDA:362,16,0,0
BRDA:362,16,1,0
BRDA:384,17,0,0
BRDA:384,17,1,0
BRF:31
BRH:0
end_of_record
TN:
SF:src/modules/inventory/inventory.module.ts
FN:20,(anonymous_1)
FN:21,(anonymous_2)
FNF:2
FNH:0
FNDA:0,(anonymous_1)
FNDA:0,(anonymous_2)
DA:1,0
DA:2,0
DA:3,0
DA:4,0
DA:5,0
DA:6,0
DA:7,0
DA:8,0
DA:9,0
DA:13,0
DA:14,0
DA:20,0
DA:21,0
DA:32,0
LF:14
LH:0
BRF:0
BRH:0
end_of_record
TN:
SF:src/modules/inventory/inventory.service.ts
FN:28,(anonymous_4)
FN:38,(anonymous_5)
FN:53,(anonymous_6)
FN:112,(anonymous_7)
FN:144,(anonymous_8)
FN:187,(anonymous_9)
FN:240,(anonymous_10)
FN:284,(anonymous_11)
FN:325,(anonymous_12)
FN:379,(anonymous_13)
FN:457,(anonymous_14)
FN:498,(anonymous_15)
FN:535,(anonymous_16)
FN:548,(anonymous_17)
FN:580,(anonymous_18)
FN:589,(anonymous_19)
FN:638,(anonymous_20)
FN:648,(anonymous_21)
FN:658,(anonymous_22)
FN:671,(anonymous_23)
FNF:20
FNH:0
FNDA:0,(anonymous_4)
FNDA:0,(anonymous_5)
FNDA:0,(anonymous_6)
FNDA:0,(anonymous_7)
FNDA:0,(anonymous_8)
FNDA:0,(anonymous_9)
FNDA:0,(anonymous_10)
FNDA:0,(anonymous_11)
FNDA:0,(anonymous_12)
FNDA:0,(anonymous_13)
FNDA:0,(anonymous_14)
FNDA:0,(anonymous_15)
FNDA:0,(anonymous_16)
FNDA:0,(anonymous_17)
FNDA:0,(anonymous_18)
FNDA:0,(anonymous_19)
FNDA:0,(anonymous_20)
FNDA:0,(anonymous_21)
FNDA:0,(anonymous_22)
FNDA:0,(anonymous_23)
DA:1,0
DA:2,0
DA:3,0
DA:4,0
DA:10,0
DA:20,0
DA:25,0
DA:26,0
DA:30,0
DA:32,0
DA:33,0
DA:34,0
DA:35,0
DA:43,0
DA:49,0
DA:50,0
DA:53,0
DA:60,0
DA:82,0
DA:83,0
DA:85,0
DA:86,0
DA:109,0
DA:117,0
DA:120,0
DA:121,0
DA:126,0
DA:141,0
DA:149,0
DA:150,0
DA:153,0
DA:154,0
DA:157,0
DA:158,0
DA:159,0
DA:160,0
DA:161,0
DA:162,0
DA:192,0
DA:199,0
DA:200,0
DA:201,0
DA:202,0
DA:206,0
DA:207,0
DA:210,0
DA:211,0
DA:212,0
DA:213,0
DA:214,0
DA:241,0
DA:242,0
DA:245,0
DA:246,0
DA:249,0
DA:252,0
DA:253,0
DA:255,0
DA:257,0
DA:280,0
DA:289,0
DA:292,0
DA:293,0
DA:294,0
DA:295,0
DA:296,0
DA:297,0
DA:298,0
DA:299,0
DA:320,0
DA:322,0
DA:326,0
DA:327,0
DA:328,0
DA:329,0
DA:330,0
DA:331,0
DA:332,0
DA:333,0
DA:334,0
DA:337,0
DA:338,0
DA:339,0
DA:341,0
DA:343,0
DA:364,0
DA:365,0
DA:368,0
DA:369,0
DA:371,0
DA:372,0
DA:373,0
DA:375,0
DA:384,0
DA:387,0
DA:388,0
DA:391,0
DA:394,0
DA:395,0
DA:396,0
DA:400,0
DA:403,0
DA:404,0
DA:405,0
DA:406,0
DA:413,0
DA:414,0
DA:415,0
DA:417,0
DA:420,0
DA:421,0
DA:424,0
DA:427,0
DA:429,0
DA:430,0
DA:435,0
DA:436,0
DA:443,0
DA:444,0
DA:445,0
DA:448,0
DA:451,0
DA:454,0
DA:467,0
DA:468,0
DA:469,0
DA:470,0
DA:471,0
DA:472,0
DA:473,0
DA:474,0
DA:475,0
DA:476,0
DA:478,0
DA:479,0
DA:489,0
DA:499,0
DA:536,0
DA:537,0
DA:538,0
DA:550,0
DA:572,0
DA:586,0
DA:601,0
DA:602,0
DA:603,0
DA:604,0
DA:605,0
DA:606,0
DA:607,0
DA:608,0
DA:609,0
DA:610,0
DA:616,0
DA:617,0
DA:618,0
DA:619,0
DA:629,0
DA:642,0
DA:652,0
DA:663,0
DA:668,0
DA:672,0
DA:675,0
DA:676,0
DA:679,0
DA:682,0
DA:686,0
DA:687,0
DA:690,0
DA:716,0
DA:719,0
DA:720,0
DA:721,0
DA:724,0
DA:726,0
DA:738,0
DA:741,0
DA:742,0
DA:743,0
DA:745,0
DA:746,0
DA:747,0
DA:749,0
DA:753,0
DA:755,0
DA:757,0
LF:187
LH:0
BRDA:48,0,0,0
BRDA:48,0,1,0
BRDA:49,1,0,0
BRDA:53,2,0,0
BRDA:53,2,1,0
BRDA:85,3,0,0
BRDA:119,4,0,0
BRDA:119,4,1,0
BRDA:120,5,0,0
BRDA:152,6,0,0
BRDA:152,6,1,0
BRDA:153,7,0,0
BRDA:157,8,0,0
BRDA:198,9,0,0
BRDA:198,9,1,0
BRDA:199,10,0,0
BRDA:202,11,0,0
BRDA:203,12,0,0
BRDA:203,12,1,0
BRDA:209,13,0,0
BRDA:209,13,1,0
BRDA:210,14,0,0
BRDA:244,15,0,0
BRDA:244,15,1,0
BRDA:245,16,0,0
BRDA:291,17,0,0
BRDA:291,17,1,0
BRDA:292,18,0,0
BRDA:296,19,0,0
BRDA:332,20,0,0
BRDA:386,21,0,0
BRDA:386,21,1,0
BRDA:387,22,0,0
BRDA:396,23,0,0
BRDA:397,24,0,0
BRDA:397,24,1,0
BRDA:403,25,0,0
BRDA:403,25,1,0
BRDA:404,26,0,0
BRDA:404,26,1,0
BRDA:404,27,0,0
BRDA:404,27,1,0
BRDA:420,28,0,0
BRDA:420,29,0,0
BRDA:420,29,1,0
BRDA:421,30,0,0
BRDA:421,30,1,0
BRDA:430,31,0,0
BRDA:431,32,0,0
BRDA:431,32,1,0
BRDA:431,32,2,0
BRDA:459,33,0,0
BRDA:460,34,0,0
BRDA:469,35,0,0
BRDA:470,36,0,0
BRDA:471,37,0,0
BRDA:472,38,0,0
BRDA:473,39,0,0
BRDA:473,40,0,0
BRDA:473,40,1,0
BRDA:475,41,0,0
BRDA:476,42,0,0
BRDA:535,43,0,0
BRDA:576,44,0,0
BRDA:576,44,1,0
BRDA:591,45,0,0
BRDA:592,46,0,0
BRDA:599,47,0,0
BRDA:600,48,0,0
BRDA:603,49,0,0
BRDA:604,50,0,0
BRDA:605,51,0,0
BRDA:606,52,0,0
BRDA:607,53,0,0
BRDA:609,54,0,0
BRDA:617,55,0,0
BRDA:617,55,1,0
BRDA:674,56,0,0
BRDA:674,56,1,0
BRDA:675,57,0,0
BRDA:684,58,0,0
BRDA:684,58,1,0
BRDA:686,59,0,0
BRDA:719,60,0,0
BRDA:720,61,0,0
BRDA:720,62,0,0
BRDA:720,62,1,0
BRDA:750,63,0,0
BRDA:750,63,1,0
BRF:89
BRH:0
end_of_record
TN:
SF:src/modules/inventory/dto/bulk-adjust-inventory.dto.ts
FN:17,(anonymous_2)
FNF:1
FNH:0
FNDA:0,(anonymous_2)
DA:1,0
DA:2,0
DA:4,0
DA:7,0
DA:11,0
DA:14,0
DA:17,0
DA:18,0
DA:22,0
LF:9
LH:0
BRF:0
BRH:0
end_of_record
TN:
SF:src/modules/mail/mail.module.ts
FNF:0
FNH:0
DA:2,0
DA:3,0
DA:4,0
DA:11,0
LF:4
LH:0
BRF:0
BRH:0
end_of_record
TN:
SF:src/modules/mail/mail.service.ts
FN:10,(anonymous_2)
FN:22,(anonymous_3)
FNF:2
FNH:0
FNDA:0,(anonymous_2)
FNDA:0,(anonymous_3)
DA:2,0
DA:3,0
DA:4,0
DA:7,0
DA:10,0
DA:11,0
DA:23,0
DA:41,0
LF:8
LH:0
BRF:0
BRH:0
end_of_record
TN:
SF:src/modules/onboarding/onboarding.controller.ts
FN:11,(anonymous_4)
FN:21,(anonymous_5)
FNF:2
FNH:0
FNDA:0,(anonymous_4)
FNDA:0,(anonymous_5)
DA:1,0
DA:2,0
DA:3,0
DA:4,0
DA:5,0
DA:6,0
DA:10,0
DA:11,0
DA:21,0
DA:22,0
LF:10
LH:0
BRF:0
BRH:0
end_of_record
TN:
SF:src/modules/onboarding/onboarding.module.ts
FN:25,(anonymous_1)
FNF:1
FNH:0
FNDA:0,(anonymous_1)
DA:1,0
DA:2,0
DA:3,0
DA:4,0
DA:5,0
DA:6,0
DA:7,0
DA:8,0
DA:9,0
DA:11,0
DA:12,0
DA:25,0
DA:37,0
LF:13
LH:0
BRF:0
BRH:0
end_of_record
TN:
SF:src/modules/onboarding/onboarding.service.ts
FN:20,(anonymous_4)
FN:30,(anonymous_5)
FN:39,(anonymous_6)
FN:160,(anonymous_7)
FNF:4
FNH:0
FNDA:0,(anonymous_4)
FNDA:0,(anonymous_5)
FNDA:0,(anonymous_6)
FNDA:0,(anonymous_7)
DA:1,0
DA:2,0
DA:3,0
DA:4,0
DA:5,0
DA:6,0
DA:7,0
DA:8,0
DA:10,0
DA:11,0
DA:13,0
DA:17,0
DA:18,0
DA:21,0
DA:22,0
DA:23,0
DA:24,0
DA:25,0
DA:26,0
DA:27,0
DA:31,0
DA:33,0
DA:34,0
DA:35,0
DA:39,0
DA:40,0
DA:47,0
DA:48,0
DA:49,0
DA:50,0
DA:51,0
DA:53,0
DA:56,0
DA:61,0
DA:63,0
DA:64,0
DA:82,0
DA:83,0
DA:84,0
DA:85,0
DA:88,0
DA:89,0
DA:92,0
DA:93,0
DA:94,0
DA:96,0
DA:99,0
DA:100,0
DA:109,0
DA:110,0
DA:113,0
DA:115,0
DA:117,0
DA:118,0
DA:119,0
DA:123,0
DA:124,0
DA:125,0
DA:127,0
DA:144,0
DA:146,0
DA:149,0
DA:151,0
DA:152,0
DA:154,0
DA:161,0
DA:163,0
DA:174,0
DA:184,0
LF:69
LH:0
BRDA:34,0,0,0
BRDA:93,1,0,0
BRDA:117,2,0,0
BRDA:151,3,0,0
BRDA:176,4,0,0
BRDA:176,4,1,0
BRDA:180,5,0,0
BRDA:180,5,1,0
BRF:8
BRH:0
end_of_record
TN:
SF:src/modules/onboarding/dto/onboarding.dto.ts
FNF:0
FNH:0
DA:1,0
DA:2,0
DA:3,0
DA:5,0
DA:10,0
DA:16,0
DA:21,0
DA:27,0
DA:33,0
DA:39,0
DA:45,0
DA:49,0
DA:55,0
DA:60,0
LF:14
LH:0
BRF:0
BRH:0
end_of_record
TN:
SF:src/modules/orders/orders.controller.ts
FN:41,(anonymous_4)
FN:47,(anonymous_5)
FN:68,(anonymous_6)
FN:88,(anonymous_7)
FN:114,(anonymous_8)
FN:140,(anonymous_9)
FN:166,(anonymous_10)
FN:194,(anonymous_11)
FNF:8
FNH:0
FNDA:0,(anonymous_4)
FNDA:0,(anonymous_5)
FNDA:0,(anonymous_6)
FNDA:0,(anonymous_7)
FNDA:0,(anonymous_8)
FNDA:0,(anonymous_9)
FNDA:0,(anonymous_10)
FNDA:0,(anonymous_11)
DA:1,0
DA:15,0
DA:21,0
DA:22,0
DA:29,0
DA:30,0
DA:31,0
DA:32,0
DA:38,0
DA:39,0
DA:41,0
DA:47,0
DA:48,0
DA:51,0
DA:52,0
DA:53,0
DA:59,0
DA:68,0
DA:69,0
DA:70,0
DA:71,0
DA:77,0
DA:88,0
DA:92,0
DA:93,0
DA:97,0
DA:103,0
DA:114,0
DA:115,0
DA:116,0
DA:117,0
DA:129,0
DA:140,0
DA:141,0
DA:142,0
DA:143,0
DA:144,0
DA:146,0
DA:152,0
DA:153,0
DA:155,0
DA:166,0
DA:171,0
DA:172,0
DA:177,0
DA:183,0
DA:194,0
DA:199,0
DA:200,0
DA:205,0
DA:211,0
LF:51
LH:0
BRDA:60,0,0,0
BRDA:60,0,1,0
BRDA:78,1,0,0
BRDA:78,1,1,0
BRDA:104,2,0,0
BRDA:104,2,1,0
BRDA:130,3,0,0
BRDA:130,3,1,0
BRDA:143,4,0,0
BRDA:152,5,0,0
BRDA:156,6,0,0
BRDA:156,6,1,0
BRDA:184,7,0,0
BRDA:184,7,1,0
BRDA:212,8,0,0
BRDA:212,8,1,0
BRF:16
BRH:0
end_of_record
TN:
SF:src/modules/orders/orders.module.ts
FNF:0
FNH:0
DA:1,0
DA:2,0
DA:3,0
DA:4,0
DA:5,0
DA:6,0
DA:7,0
DA:8,0
DA:9,0
DA:10,0
DA:11,0
DA:12,0
DA:13,0
DA:14,0
DA:15,0
DA:37,0
LF:16
LH:0
BRF:0
BRH:0
end_of_record
TN:
SF:src/modules/orders/orders.service.ts
FN:32,(anonymous_4)
FN:44,(anonymous_5)
FN:63,(anonymous_6)
FN:102,(anonymous_7)
FN:108,(anonymous_8)
FN:218,(anonymous_9)
FN:218,(anonymous_10)
FN:261,(anonymous_11)
FN:272,(anonymous_12)
FN:286,(anonymous_13)
FN:288,(anonymous_14)
FN:296,(anonymous_15)
FN:325,(anonymous_16)
FN:325,(anonymous_17)
FN:331,(anonymous_18)
FN:351,(anonymous_19)
FN:355,(anonymous_20)
FN:362,(anonymous_21)
FN:389,(anonymous_22)
FN:402,(anonymous_23)
FN:440,(anonymous_24)
FNF:21
FNH:0
FNDA:0,(anonymous_4)
FNDA:0,(anonymous_5)
FNDA:0,(anonymous_6)
FNDA:0,(anonymous_7)
FNDA:0,(anonymous_8)
FNDA:0,(anonymous_9)
FNDA:0,(anonymous_10)
FNDA:0,(anonymous_11)
FNDA:0,(anonymous_12)
FNDA:0,(anonymous_13)
FNDA:0,(anonymous_14)
FNDA:0,(anonymous_15)
FNDA:0,(anonymous_16)
FNDA:0,(anonymous_17)
FNDA:0,(anonymous_18)
FNDA:0,(anonymous_19)
FNDA:0,(anonymous_20)
FNDA:0,(anonymous_21)
FNDA:0,(anonymous_22)
FNDA:0,(anonymous_23)
FNDA:0,(anonymous_24)
DA:1,0
DA:7,0
DA:8,0
DA:9,0
DA:10,0
DA:11,0
DA:12,0
DA:21,0
DA:22,0
DA:23,0
DA:24,0
DA:26,0
DA:29,0
DA:30,0
DA:33,0
DA:34,0
DA:35,0
DA:36,0
DA:37,0
DA:38,0
DA:39,0
DA:40,0
DA:41,0
DA:45,0
DA:46,0
DA:47,0
DA:49,0
DA:60,0
DA:68,0
DA:69,0
DA:70,0
DA:71,0
DA:74,0
DA:75,0
DA:76,0
DA:77,0
DA:78,0
DA:79,0
DA:80,0
DA:84,0
DA:85,0
DA:89,0
DA:90,0
DA:94,0
DA:95,0
DA:98,0
DA:102,0
DA:103,0
DA:104,0
DA:105,0
DA:107,0
DA:108,0
DA:109,0
DA:113,0
DA:114,0
DA:119,0
DA:120,0
DA:123,0
DA:130,0
DA:131,0
DA:132,0
DA:133,0
DA:136,0
DA:141,0
DA:146,0
DA:147,0
DA:148,0
DA:149,0
DA:153,0
DA:158,0
DA:161,0
DA:178,0
DA:179,0
DA:183,0
DA:184,0
DA:186,0
DA:187,0
DA:188,0
DA:197,0
DA:199,0
DA:200,0
DA:209,0
DA:211,0
DA:212,0
DA:218,0
DA:219,0
DA:220,0
DA:222,0
DA:241,0
DA:242,0
DA:243,0
DA:245,0
DA:246,0
DA:247,0
DA:256,0
DA:261,0
DA:262,0
DA:263,0
DA:264,0
DA:266,0
DA:270,0
DA:272,0
DA:277,0
DA:278,0
DA:279,0
DA:283,0
DA:287,0
DA:288,0
DA:289,0
DA:290,0
DA:292,0
DA:293,0
DA:295,0
DA:296,0
DA:297,0
DA:298,0
DA:304,0
DA:305,0
DA:310,0
DA:312,0
DA:313,0
DA:316,0
DA:321,0
DA:322,0
DA:323,0
DA:325,0
DA:326,0
DA:327,0
DA:328,0
DA:332,0
DA:333,0
DA:334,0
DA:335,0
DA:336,0
DA:337,0
DA:342,0
DA:343,0
DA:344,0
DA:348,0
DA:352,0
DA:356,0
DA:357,0
DA:358,0
DA:359,0
DA:363,0
DA:364,0
DA:365,0
DA:366,0
DA:369,0
DA:370,0
DA:379,0
DA:382,0
DA:383,0
DA:384,0
DA:386,0
DA:390,0
DA:391,0
DA:392,0
DA:393,0
DA:394,0
DA:395,0
DA:396,0
DA:397,0
DA:398,0
DA:406,0
DA:408,0
DA:422,0
DA:424,0
DA:426,0
DA:427,0
DA:428,0
DA:431,0
DA:435,0
DA:441,0
DA:442,0
DA:443,0
DA:444,0
DA:445,0
LF:178
LH:0
BRDA:46,0,0,0
BRDA:70,1,0,0
BRDA:70,2,0,0
BRDA:70,2,1,0
BRDA:75,3,0,0
BRDA:75,3,1,0
BRDA:77,4,0,0
BRDA:77,5,0,0
BRDA:77,5,1,0
BRDA:79,6,0,0
BRDA:84,7,0,0
BRDA:89,8,0,0
BRDA:89,9,0,0
BRDA:89,9,1,0
BRDA:90,10,0,0
BRDA:90,10,1,0
BRDA:90,10,2,0
BRDA:94,11,0,0
BRDA:109,12,0,0
BRDA:119,13,0,0
BRDA:119,13,1,0
BRDA:119,14,0,0
BRDA:119,14,1,0
BRDA:119,14,2,0
BRDA:147,15,0,0
BRDA:147,15,1,0
BRDA:148,16,0,0
BRDA:148,16,1,0
BRDA:158,17,0,0
BRDA:158,17,1,0
BRDA:167,18,0,0
BRDA:167,18,1,0
BRDA:168,19,0,0
BRDA:168,19,1,0
BRDA:183,20,0,0
BRDA:183,20,1,0
BRDA:186,21,0,0
BRDA:186,21,1,0
BRDA:186,22,0,0
BRDA:186,22,1,0
BRDA:197,23,0,0
BRDA:197,23,1,0
BRDA:199,24,0,0
BRDA:199,25,0,0
BRDA:199,25,1,0
BRDA:211,26,0,0
BRDA:218,27,0,0
BRDA:218,27,1,0
BRDA:220,28,0,0
BRDA:220,28,1,0
BRDA:230,29,0,0
BRDA:230,29,1,0
BRDA:245,30,0,0
BRDA:245,31,0,0
BRDA:245,31,1,0
BRDA:253,32,0,0
BRDA:253,32,1,0
BRDA:270,33,0,0
BRDA:275,34,0,0
BRDA:275,34,1,0
BRDA:287,35,0,0
BRDA:287,36,0,0
BRDA:289,37,0,0
BRDA:297,38,0,0
BRDA:304,39,0,0
BRDA:304,39,1,0
BRDA:304,40,0,0
BRDA:304,40,1,0
BRDA:304,40,2,0
BRDA:313,41,0,0
BRDA:313,41,1,0
BRDA:321,42,0,0
BRDA:321,42,1,0
BRDA:325,43,0,0
BRDA:325,43,1,0
BRDA:327,44,0,0
BRDA:327,44,1,0
BRDA:327,45,0,0
BRDA:327,45,1,0
BRDA:328,46,0,0
BRDA:328,46,1,0
BRDA:328,47,0,0
BRDA:328,47,1,0
BRDA:332,48,0,0
BRDA:332,49,0,0
BRDA:332,50,0,0
BRDA:332,51,0,0
BRDA:334,52,0,0
BRDA:335,53,0,0
BRDA:336,54,0,0
BRDA:342,55,0,0
BRDA:342,55,1,0
BRDA:357,56,0,0
BRDA:365,57,0,0
BRDA:376,58,0,0
BRDA:376,58,1,0
BRDA:383,59,0,0
BRDA:422,60,0,0
BRDA:426,61,0,0
BRDA:441,62,0,0
BRDA:442,63,0,0
BRDA:443,64,0,0
BRDA:444,65,0,0
BRF:103
BRH:0
end_of_record
TN:
SF:src/modules/payables/payables.controller.ts
FN:15,(anonymous_4)
FN:23,(anonymous_5)
FN:48,(anonymous_6)
FN:73,(anonymous_7)
FN:92,(anonymous_8)
FN:120,(anonymous_9)
FNF:6
FNH:0
FNDA:0,(anonymous_4)
FNDA:0,(anonymous_5)
FNDA:0,(anonymous_6)
FNDA:0,(anonymous_7)
FNDA:0,(anonymous_8)
FNDA:0,(anonymous_9)
DA:1,0
DA:2,0
DA:3,0
DA:4,0
DA:5,0
DA:6,0
DA:7,0
DA:8,0
DA:14,0
DA:15,0
DA:23,0
DA:24,0
DA:25,0
DA:30,0
DA:36,0
DA:48,0
DA:49,0
DA:50,0
DA:51,0
DA:62,0
DA:73,0
DA:74,0
DA:75,0
DA:76,0
DA:81,0
DA:92,0
DA:97,0
DA:98,0
DA:103,0
DA:109,0
DA:120,0
DA:121,0
DA:122,0
DA:123,0
DA:125,0
LF:35
LH:0
BRDA:37,0,0,0
BRDA:37,0,1,0
BRDA:38,1,0,0
BRDA:38,1,1,0
BRDA:63,2,0,0
BRDA:63,2,1,0
BRDA:64,3,0,0
BRDA:64,3,1,0
BRDA:82,4,0,0
BRDA:82,4,1,0
BRDA:83,5,0,0
BRDA:83,5,1,0
BRDA:110,6,0,0
BRDA:110,6,1,0
BRDA:111,7,0,0
BRDA:111,7,1,0
BRDA:126,8,0,0
BRDA:126,8,1,0
BRDA:127,9,0,0
BRDA:127,9,1,0
BRF:20
BRH:0
end_of_record
TN:
SF:src/modules/payables/payables.module.ts
FNF:0
FNH:0
DA:1,0
DA:2,0
DA:3,0
DA:4,0
DA:5,0
DA:6,0
DA:7,0
DA:8,0
DA:23,0
LF:9
LH:0
BRF:0
BRH:0
end_of_record
TN:
SF:src/modules/payables/payables.service.ts
FN:71,(anonymous_4)
FN:115,(anonymous_5)
FN:131,(anonymous_6)
FN:136,(anonymous_7)
FN:137,(anonymous_8)
FN:178,(anonymous_9)
FN:210,(anonymous_10)
FN:218,(anonymous_11)
FN:222,(anonymous_12)
FN:238,(anonymous_13)
FNF:10
FNH:0
FNDA:0,(anonymous_4)
FNDA:0,(anonymous_5)
FNDA:0,(anonymous_6)
FNDA:0,(anonymous_7)
FNDA:0,(anonymous_8)
FNDA:0,(anonymous_9)
FNDA:0,(anonymous_10)
FNDA:0,(anonymous_11)
FNDA:0,(anonymous_12)
FNDA:0,(anonymous_13)
DA:1,0
DA:2,0
DA:3,0
DA:4,0
DA:5,0
DA:6,0
DA:16,0
DA:17,0
DA:23,0
DA:26,0
DA:30,0
DA:34,0
DA:38,0
DA:41,0
DA:44,0
DA:46,0
DA:49,0
DA:53,0
DA:56,0
DA:59,0
DA:63,0
DA:67,0
DA:71,0
DA:72,0
DA:76,0
DA:80,0
DA:83,0
DA:86,0
DA:90,0
DA:94,0
DA:98,0
DA:102,0
DA:106,0
DA:110,0
DA:115,0
DA:116,0
DA:120,0
DA:124,0
DA:128,0
DA:129,0
DA:132,0
DA:133,0
DA:137,0
DA:139,0
DA:141,0
DA:151,0
DA:154,0
DA:155,0
DA:158,0
DA:162,0
DA:166,0
DA:171,0
DA:175,0
DA:188,0
DA:191,0
DA:194,0
DA:204,0
DA:211,0
DA:212,0
DA:213,0
DA:215,0
DA:219,0
DA:221,0
DA:222,0
DA:225,0
DA:231,0
DA:232,0
DA:235,0
DA:240,0
DA:241,0
DA:242,0
DA:245,0
DA:250,0
DA:251,0
DA:254,0
LF:75
LH:0
BRDA:180,0,0,0
BRDA:188,1,0,0
BRDA:188,2,0,0
BRDA:212,3,0,0
BRDA:221,4,0,0
BRDA:231,5,0,0
BRDA:241,6,0,0
BRDA:250,7,0,0
BRF:8
BRH:0
end_of_record
TN:
SF:src/modules/payments/payments.controller.ts
FN:10,(anonymous_4)
FN:13,(anonymous_5)
FN:30,(anonymous_6)
FNF:3
FNH:0
FNDA:0,(anonymous_4)
FNDA:0,(anonymous_5)
FNDA:0,(anonymous_6)
DA:1,0
DA:2,0
DA:3,0
DA:4,0
DA:5,0
DA:9,0
DA:10,0
DA:13,0
DA:14,0
DA:15,0
DA:16,0
DA:22,0
DA:30,0
DA:31,0
DA:32,0
DA:33,0
DA:39,0
LF:17
LH:0
BRDA:23,0,0,0
BRDA:23,0,1,0
BRDA:24,1,0,0
BRDA:24,1,1,0
BRDA:40,2,0,0
BRDA:40,2,1,0
BRDA:41,3,0,0
BRDA:41,3,1,0
BRF:8
BRH:0
end_of_record
TN:
SF:src/modules/payments/payments.module.ts
FNF:0
FNH:0
DA:1,0
DA:2,0
DA:3,0
DA:4,0
DA:5,0
DA:6,0
DA:7,0
DA:8,0
DA:9,0
DA:25,0
LF:10
LH:0
BRF:0
BRH:0
end_of_record
TN:
SF:src/modules/payments/payments.service.ts
FN:14,(anonymous_4)
FN:21,(anonymous_5)
FN:56,(anonymous_6)
FN:67,(anonymous_7)
FN:95,(anonymous_8)
FN:103,(anonymous_9)
FN:131,(anonymous_10)
FNF:7
FNH:0
FNDA:0,(anonymous_4)
FNDA:0,(anonymous_5)
FNDA:0,(anonymous_6)
FNDA:0,(anonymous_7)
FNDA:0,(anonymous_8)
FNDA:0,(anonymous_9)
FNDA:0,(anonymous_10)
DA:1,0
DA:2,0
DA:3,0
DA:4,0
DA:5,0
DA:6,0
DA:8,0
DA:11,0
DA:12,0
DA:15,0
DA:16,0
DA:17,0
DA:18,0
DA:22,0
DA:23,0
DA:25,0
DA:26,0
DA:30,0
DA:40,0
DA:41,0
DA:44,0
DA:45,0
DA:46,0
DA:47,0
DA:50,0
DA:53,0
DA:57,0
DA:58,0
DA:59,0
DA:63,0
DA:66,0
DA:67,0
DA:69,0
DA:70,0
DA:72,0
DA:75,0
DA:76,0
DA:79,0
DA:80,0
DA:81,0
DA:82,0
DA:85,0
DA:86,0
DA:88,0
DA:96,0
DA:97,0
DA:98,0
DA:102,0
DA:103,0
DA:105,0
DA:106,0
DA:109,0
DA:110,0
DA:111,0
DA:113,0
DA:116,0
DA:117,0
DA:120,0
DA:121,0
DA:122,0
DA:124,0
DA:132,0
LF:62
LH:0
BRDA:25,0,0,0
BRDA:25,1,0,0
BRDA:25,1,1,0
BRDA:44,2,0,0
BRDA:44,2,1,0
BRDA:44,3,0,0
BRDA:44,3,1,0
BRDA:46,4,0,0
BRDA:46,4,1,0
BRDA:46,5,0,0
BRDA:46,5,1,0
BRDA:58,6,0,0
BRDA:69,7,0,0
BRDA:69,7,1,0
BRDA:97,8,0,0
BRDA:105,9,0,0
BRDA:110,10,0,0
BRDA:110,10,1,0
BRF:18
BRH:0
end_of_record
TN:
SF:src/modules/permissions/constants.ts
FNF:0
FNH:0
DA:2,0
LF:1
LH:0
BRF:0
BRH:0
end_of_record
TN:
SF:src/modules/permissions/permissions.controller.ts
FN:8,(anonymous_2)
FN:12,(anonymous_3)
FNF:2
FNH:0
FNDA:0,(anonymous_2)
FNDA:0,(anonymous_3)
DA:2,0
DA:3,0
DA:4,0
DA:7,0
DA:8,0
DA:12,0
DA:13,0
DA:14,0
LF:8
LH:0
BRF:0
BRH:0
end_of_record
TN:
SF:src/modules/permissions/permissions.module.ts
FNF:0
FNH:0
DA:2,0
DA:3,0
DA:4,0
DA:11,0
LF:4
LH:0
BRF:0
BRH:0
end_of_record
TN:
SF:src/modules/permissions/permissions.service.ts
FN:7,(anonymous_1)
FNF:1
FNH:0
FNDA:0,(anonymous_1)
DA:2,0
DA:3,0
DA:6,0
DA:8,0
LF:4
LH:0
BRF:0
BRH:0
end_of_record
TN:
SF:src/modules/pricing/pricing.controller.ts
FN:28,(anonymous_4)
FN:36,(anonymous_5)
FNF:2
FNH:0
FNDA:0,(anonymous_4)
FNDA:0,(anonymous_5)
DA:1,0
DA:10,0
DA:16,0
DA:17,0
DA:18,0
DA:19,0
DA:20,0
DA:21,0
DA:27,0
DA:28,0
DA:36,0
DA:40,0
DA:41,0
DA:45,0
DA:51,0
LF:15
LH:0
BRDA:52,0,0,0
BRDA:52,0,1,0
BRF:2
BRH:0
end_of_record
TN:
SF:src/modules/pricing/pricing.module.ts
FNF:0
FNH:0
DA:1,0
DA:2,0
DA:3,0
DA:4,0
DA:5,0
DA:13,0
LF:6
LH:0
BRF:0
BRH:0
end_of_record
TN:
SF:src/modules/pricing/pricing.service.ts
FN:5,(anonymous_1)
FN:8,(anonymous_2)
FN:54,(anonymous_3)
FN:58,(anonymous_4)
FN:62,(anonymous_5)
FN:90,(anonymous_6)
FN:95,(anonymous_7)
FN:101,(anonymous_8)
FN:106,(anonymous_9)
FNF:9
FNH:0
FNDA:0,(anonymous_1)
FNDA:0,(anonymous_2)
FNDA:0,(anonymous_3)
FNDA:0,(anonymous_4)
FNDA:0,(anonymous_5)
FNDA:0,(anonymous_6)
FNDA:0,(anonymous_7)
FNDA:0,(anonymous_8)
FNDA:0,(anonymous_9)
DA:1,0
DA:5,0
DA:6,0
DA:9,0
DA:11,0
DA:14,0
DA:15,0
DA:17,0
DA:18,0
DA:53,0
DA:54,0
DA:57,0
DA:58,0
DA:61,0
DA:62,0
DA:67,0
DA:68,0
DA:71,0
DA:72,0
DA:74,0
DA:90,0
DA:98,0
DA:102,0
DA:103,0
DA:107,0
DA:110,0
DA:111,0
DA:112,0
DA:116,0
DA:117,0
DA:118,0
DA:121,0
LF:32
LH:0
BRDA:11,0,0,0
BRDA:11,1,0,0
BRDA:14,2,0,0
BRDA:14,2,1,0
BRDA:15,3,0,0
BRDA:15,3,1,0
BRDA:102,4,0,0
BRDA:110,5,0,0
BRDA:116,6,0,0
BRF:9
BRH:0
end_of_record
TN:
SF:src/modules/products/products.controller.ts
FN:29,(anonymous_4)
FN:33,(anonymous_5)
FN:46,(anonymous_6)
FN:56,(anonymous_7)
FN:66,(anonymous_8)
FN:82,(anonymous_9)
FN:89,(anonymous_10)
FN:104,(anonymous_11)
FN:111,(anonymous_12)
FN:120,(anonymous_13)
FNF:10
FNH:0
FNDA:0,(anonymous_4)
FNDA:0,(anonymous_5)
FNDA:0,(anonymous_6)
FNDA:0,(anonymous_7)
FNDA:0,(anonymous_8)
FNDA:0,(anonymous_9)
FNDA:0,(anonymous_10)
FNDA:0,(anonymous_11)
FNDA:0,(anonymous_12)
FNDA:0,(anonymous_13)
DA:1,0
DA:13,0
DA:14,0
DA:19,0
DA:20,0
DA:21,0
DA:22,0
DA:23,0
DA:24,0
DA:28,0
DA:29,0
DA:33,0
DA:37,0
DA:41,0
DA:46,0
DA:47,0
DA:51,0
DA:56,0
DA:57,0
DA:61,0
DA:66,0
DA:67,0
DA:68,0
DA:82,0
DA:83,0
DA:84,0
DA:89,0
DA:94,0
DA:99,0
DA:104,0
DA:105,0
DA:106,0
DA:111,0
DA:112,0
DA:115,0
DA:120,0
DA:121,0
DA:124,0
LF:38
LH:0
BRF:0
BRH:0
end_of_record
TN:
SF:src/modules/products/products.module.ts
FN:21,(anonymous_1)
FN:22,(anonymous_2)
FN:23,(anonymous_3)
FNF:3
FNH:0
FNDA:0,(anonymous_1)
FNDA:0,(anonymous_2)
FNDA:0,(anonymous_3)
DA:1,0
DA:2,0
DA:3,0
DA:4,0
DA:5,0
DA:6,0
DA:7,0
DA:8,0
DA:9,0
DA:10,0
DA:11,0
DA:21,0
DA:22,0
DA:23,0
DA:29,0
LF:15
LH:0
BRF:0
BRH:0
end_of_record
TN:
SF:src/modules/products/products.service.ts
FN:27,(anonymous_4)
FN:36,(anonymous_5)
FN:91,(anonymous_6)
FN:191,(anonymous_7)
FN:237,(anonymous_8)
FN:300,(anonymous_9)
FN:339,(anonymous_10)
FN:343,(anonymous_11)
FN:383,(anonymous_12)
FN:404,(anonymous_13)
FN:410,(anonymous_14)
FN:416,(anonymous_15)
FNF:12
FNH:0
FNDA:0,(anonymous_4)
FNDA:0,(anonymous_5)
FNDA:0,(anonymous_6)
FNDA:0,(anonymous_7)
FNDA:0,(anonymous_8)
FNDA:0,(anonymous_9)
FNDA:0,(anonymous_10)
FNDA:0,(anonymous_11)
FNDA:0,(anonymous_12)
FNDA:0,(anonymous_13)
FNDA:0,(anonymous_14)
FNDA:0,(anonymous_15)
DA:1,0
DA:7,0
DA:8,0
DA:9,0
DA:10,0
DA:18,0
DA:19,0
DA:20,0
DA:24,0
DA:25,0
DA:28,0
DA:29,0
DA:30,0
DA:31,0
DA:32,0
DA:33,0
DA:40,0
DA:41,0
DA:42,0
DA:45,0
DA:46,0
DA:49,0
DA:50,0
DA:51,0
DA:54,0
DA:58,0
DA:59,0
DA:64,0
DA:66,0
DA:67,0
DA:68,0
DA:69,0
DA:74,0
DA:77,0
DA:91,0
DA:93,0
DA:97,0
DA:98,0
DA:100,0
DA:104,0
DA:105,0
DA:109,0
DA:113,0
DA:128,0
DA:129,0
DA:131,0
DA:139,0
DA:148,0
DA:149,0
DA:150,0
DA:154,0
DA:162,0
DA:165,0
DA:179,0
DA:181,0
DA:183,0
DA:187,0
DA:195,0
DA:197,0
DA:198,0
DA:199,0
DA:202,0
DA:203,0
DA:206,0
DA:207,0
DA:208,0
DA:211,0
DA:215,0
DA:216,0
DA:218,0
DA:224,0
DA:225,0
DA:227,0
DA:234,0
DA:238,0
DA:239,0
DA:240,0
DA:241,0
DA:242,0
DA:243,0
DA:285,0
DA:286,0
DA:289,0
DA:290,0
DA:292,0
DA:293,0
DA:294,0
DA:296,0
DA:308,0
DA:309,0
DA:310,0
DA:311,0
DA:313,0
DA:314,0
DA:316,0
DA:317,0
DA:319,0
DA:320,0
DA:330,0
DA:340,0
DA:348,0
DA:349,0
DA:350,0
DA:353,0
DA:354,0
DA:355,0
DA:358,0
DA:359,0
DA:360,0
DA:361,0
DA:363,0
DA:365,0
DA:366,0
DA:369,0
DA:370,0
DA:374,0
DA:375,0
DA:380,0
DA:384,0
DA:385,0
DA:386,0
DA:389,0
DA:391,0
DA:393,0
DA:394,0
DA:401,0
DA:405,0
DA:411,0
DA:417,0
DA:418,0
DA:421,0
DA:422,0
DA:423,0
DA:424,0
DA:425,0
DA:426,0
DA:427,0
DA:432,0
LF:138
LH:0
BRDA:41,0,0,0
BRDA:45,1,0,0
BRDA:50,2,0,0
BRDA:58,3,0,0
BRDA:68,4,0,0
BRDA:68,4,1,0
BRDA:69,5,0,0
BRDA:70,6,0,0
BRDA:70,6,1,0
BRDA:70,6,2,0
BRDA:88,7,0,0
BRDA:88,7,1,0
BRDA:98,8,0,0
BRDA:98,8,1,0
BRDA:104,9,0,0
BRDA:109,10,0,0
BRDA:109,10,1,0
BRDA:148,11,0,0
BRDA:149,12,0,0
BRDA:149,13,0,0
BRDA:149,13,1,0
BRDA:198,14,0,0
BRDA:202,15,0,0
BRDA:207,16,0,0
BRDA:215,17,0,0
BRDA:247,18,0,0
BRDA:247,18,1,0
BRDA:248,19,0,0
BRDA:248,19,1,0
BRDA:249,20,0,0
BRDA:249,20,1,0
BRDA:250,21,0,0
BRDA:250,21,1,0
BRDA:257,22,0,0
BRDA:257,22,1,0
BRDA:265,23,0,0
BRDA:265,23,1,0
BRDA:266,24,0,0
BRDA:266,24,1,0
BRDA:267,25,0,0
BRDA:267,25,1,0
BRDA:268,26,0,0
BRDA:268,26,1,0
BRDA:275,27,0,0
BRDA:275,27,1,0
BRDA:276,28,0,0
BRDA:276,28,1,0
BRDA:302,29,0,0
BRDA:303,30,0,0
BRDA:307,31,0,0
BRDA:310,32,0,0
BRDA:313,33,0,0
BRDA:316,34,0,0
BRDA:349,35,0,0
BRDA:354,36,0,0
BRDA:360,37,0,0
BRDA:365,38,0,0
BRDA:374,39,0,0
BRDA:385,40,0,0
BRDA:393,41,0,0
BRDA:417,42,0,0
BRDA:417,43,0,0
BRDA:417,43,1,0
BRDA:423,44,0,0
BRDA:423,45,0,0
BRDA:423,45,1,0
BRDA:425,46,0,0
BRDA:425,46,1,0
BRDA:425,47,0,0
BRDA:425,47,1,0
BRF:70
BRH:0
end_of_record
TN:
SF:src/modules/products/dto/bulk-create-products.dto.ts
FN:111,(anonymous_2)
FNF:1
FNH:0
FNDA:0,(anonymous_2)
DA:1,0
DA:2,0
DA:4,0
DA:6,0
DA:9,0
DA:12,0
DA:16,0
DA:20,0
DA:24,0
DA:28,0
DA:32,0
DA:36,0
DA:39,0
DA:43,0
DA:47,0
DA:50,0
DA:54,0
DA:57,0
DA:61,0
DA:65,0
DA:68,0
DA:71,0
DA:74,0
DA:77,0
DA:81,0
DA:85,0
DA:89,0
DA:93,0
DA:97,0
DA:101,0
DA:105,0
DA:108,0
DA:111,0
DA:112,0
LF:34
LH:0
BRF:0
BRH:0
end_of_record
TN:
SF:src/modules/purchases/purchases.controller.ts
FN:18,(anonymous_4)
FN:21,(anonymous_5)
FN:30,(anonymous_6)
FN:36,(anonymous_7)
FNF:4
FNH:0
FNDA:0,(anonymous_4)
FNDA:0,(anonymous_5)
[...]
DA:47,0
DA:49,0
DA:50,0
DA:62,0
DA:63,0
DA:65,0
DA:67,0
DA:68,0
DA:69,0
DA:70,0
DA:71,0
DA:72,0
DA:73,0
DA:74,0
DA:76,0
DA:80,0
DA:81,0
DA:82,0
DA:83,0
DA:84,0
DA:85,0
DA:86,0
DA:87,0
DA:90,0
LF:48
LH:0
BRDA:20,0,0,0
BRDA:20,0,1,0
BRDA:35,1,0,0
BRDA:41,2,0,0
BRDA:41,2,1,0
BRDA:47,3,0,0
BRDA:49,4,0,0
BRDA:67,5,0,0
BRDA:67,5,1,0
BRDA:69,6,0,0
BRDA:69,6,1,0
BRDA:71,7,0,0
BRDA:71,7,1,0
BRDA:73,8,0,0
BRDA:73,8,1,0
BRF:15
BRH:0
end_of_record
TN:
SF:src/modules/reports/dto/reports.dto.ts
FNF:0
FNH:0
DA:2,0
DA:4,0
DA:7,0
LF:3
LH:0
BRF:0
BRH:0
end_of_record
TN:
SF:src/modules/roles/roles.controller.ts
FN:12,(anonymous_4)
FN:16,(anonymous_5)
FN:24,(anonymous_6)
FN:32,(anonymous_7)
FN:40,(anonymous_8)
FN:48,(anonymous_9)
FNF:6
FNH:0
FNDA:0,(anonymous_4)
FNDA:0,(anonymous_5)
FNDA:0,(anonymous_6)
FNDA:0,(anonymous_7)
FNDA:0,(anonymous_8)
FNDA:0,(anonymous_9)
DA:1,0
DA:2,0
DA:3,0
DA:4,0
DA:5,0
DA:6,0
DA:7,0
DA:11,0
DA:12,0
DA:16,0
DA:17,0
DA:18,0
DA:19,0
DA:24,0
DA:25,0
DA:26,0
DA:27,0
DA:32,0
DA:33,0
DA:34,0
DA:35,0
DA:40,0
DA:41,0
DA:42,0
DA:43,0
DA:48,0
DA:49,0
DA:50,0
DA:51,0
LF:29
LH:0
BRF:0
BRH:0
end_of_record
TN:
SF:src/modules/roles/roles.module.ts
FNF:0
FNH:0
DA:1,0
DA:2,0
DA:3,0
DA:4,0
DA:5,0
DA:6,0
DA:18,0
LF:7
LH:0
BRF:0
BRH:0
end_of_record
TN:
SF:src/modules/roles/roles.service.ts
FN:10,(anonymous_4)
FN:15,(anonymous_5)
FN:27,(anonymous_6)
FN:31,(anonymous_7)
FN:39,(anonymous_8)
FN:49,(anonymous_9)
FN:57,(anonymous_10)
FN:71,(anonymous_11)
FNF:8
FNH:0
FNDA:0,(anonymous_4)
FNDA:0,(anonymous_5)
FNDA:0,(anonymous_6)
FNDA:0,(anonymous_7)
FNDA:0,(anonymous_8)
FNDA:0,(anonymous_9)
FNDA:0,(anonymous_10)
FNDA:0,(anonymous_11)
DA:1,0
DA:2,0
DA:3,0
DA:4,0
DA:6,0
DA:9,0
DA:11,0
DA:12,0
DA:16,0
DA:17,0
DA:18,0
DA:20,0
DA:21,0
DA:23,0
DA:28,0
DA:32,0
DA:33,0
DA:34,0
DA:36,0
DA:40,0
DA:41,0
DA:44,0
DA:46,0
DA:50,0
DA:51,0
DA:52,0
DA:54,0
DA:59,0
DA:60,0
DA:61,0
DA:64,0
DA:65,0
DA:66,0
DA:68,0
DA:72,0
DA:73,0
DA:75,0
DA:76,0
DA:79,0
DA:81,0
DA:88,0
LF:41
LH:0
BRDA:20,0,0,0
BRDA:33,1,0,0
BRDA:41,2,0,0
BRDA:51,3,0,0
BRDA:60,4,0,0
BRDA:65,5,0,0
BRDA:75,6,0,0
BRF:7
BRH:0
end_of_record
TN:
SF:src/modules/seeding/seeding.module.ts
FNF:0
FNH:0
DA:2,0
DA:3,0
DA:4,0
DA:5,0
DA:14,0
LF:5
LH:0
BRF:0
BRH:0
end_of_record
TN:
SF:src/modules/seeding/seeding.service.ts
FN:11,(anonymous_4)
FN:15,(anonymous_5)
FN:51,(anonymous_6)
FNF:3
FNH:0
FNDA:0,(anonymous_4)
FNDA:0,(anonymous_5)
FNDA:0,(anonymous_6)
DA:2,0
DA:3,0
DA:4,0
DA:5,0
DA:8,0
DA:9,0
DA:12,0
DA:16,0
DA:18,0
DA:35,0
DA:36,0
DA:37,0
DA:43,0
DA:45,0
DA:52,0
DA:54,0
DA:55,0
DA:56,0
DA:62,0
DA:64,0
LF:20
LH:0
BRF:0
BRH:0
end_of_record
TN:
SF:src/modules/shifts/shifts.controller.ts
FN:10,(anonymous_4)
FN:13,(anonymous_5)
FN:20,(anonymous_6)
FN:27,(anonymous_7)
FNF:4
FNH:0
FNDA:0,(anonymous_4)
FNDA:0,(anonymous_5)
FNDA:0,(anonymous_6)
FNDA:0,(anonymous_7)
DA:1,0
DA:2,0
DA:3,0
DA:4,0
DA:9,0
DA:10,0
DA:13,0
DA:14,0
DA:15,0
DA:16,0
DA:20,0
DA:21,0
DA:22,0
DA:23,0
DA:27,0
DA:28,0
DA:29,0
DA:30,0
LF:18
LH:0
BRF:0
BRH:0
end_of_record
TN:
SF:src/modules/shifts/shifts.module.ts
FNF:0
FNH:0
DA:1,0
DA:2,0
DA:3,0
DA:4,0
DA:5,0
DA:12,0
LF:6
LH:0
BRF:0
BRH:0
end_of_record
TN:
SF:src/modules/shifts/shifts.service.ts
FN:8,(anonymous_4)
FN:10,(anonymous_5)
FN:14,(anonymous_6)
FN:29,(anonymous_7)
FN:39,(anonymous_8)
FNF:5
FNH:0
FNDA:0,(anonymous_4)
FNDA:0,(anonymous_5)
FNDA:0,(anonymous_6)
FNDA:0,(anonymous_7)
FNDA:0,(anonymous_8)
DA:1,0
DA:2,0
DA:3,0
DA:4,0
DA:7,0
DA:8,0
DA:11,0
DA:15,0
DA:16,0
DA:17,0
DA:20,0
DA:26,0
DA:30,0
DA:31,0
DA:32,0
DA:35,0
DA:36,0
DA:40,0
LF:18
LH:0
BRDA:16,0,0,0
BRDA:31,1,0,0
BRF:2
BRH:0
end_of_record
TN:
SF:src/modules/subscription-plans/subscription-plans.controller.ts
FN:13,(anonymous_4)
FN:17,(anonymous_5)
FN:23,(anonymous_6)
FN:29,(anonymous_7)
FN:35,(anonymous_8)
FN:41,(anonymous_9)
FNF:6
FNH:0
FNDA:0,(anonymous_4)
FNDA:0,(anonymous_5)
FNDA:0,(anonymous_6)
FNDA:0,(anonymous_7)
FNDA:0,(anonymous_8)
FNDA:0,(anonymous_9)
DA:1,0
DA:2,0
DA:3,0
DA:4,0
DA:5,0
DA:6,0
DA:12,0
DA:13,0
DA:17,0
DA:18,0
DA:23,0
DA:24,0
DA:29,0
DA:30,0
DA:35,0
DA:36,0
DA:41,0
DA:42,0
LF:18
LH:0
BRF:0
BRH:0
end_of_record
TN:
SF:src/modules/subscription-plans/subscription-plans.module.ts
FNF:0
FNH:0
DA:1,0
DA:2,0
DA:3,0
DA:4,0
DA:5,0
DA:15,0
LF:6
LH:0
BRF:0
BRH:0
end_of_record
TN:
SF:src/modules/subscription-plans/subscription-plans.service.ts
FN:9,(anonymous_4)
FN:14,(anonymous_5)
FN:19,(anonymous_6)
FN:23,(anonymous_7)
FN:31,(anonymous_8)
FN:39,(anonymous_9)
FN:47,(anonymous_10)
FNF:7
FNH:0
FNDA:0,(anonymous_4)
FNDA:0,(anonymous_5)
FNDA:0,(anonymous_6)
FNDA:0,(anonymous_7)
FNDA:0,(anonymous_8)
FNDA:0,(anonymous_9)
FNDA:0,(anonymous_10)
DA:1,0
DA:2,0
DA:3,0
DA:4,0
DA:8,0
DA:11,0
DA:15,0
DA:16,0
DA:20,0
DA:24,0
DA:25,0
DA:26,0
DA:28,0
DA:32,0
DA:33,0
DA:34,0
DA:36,0
DA:40,0
DA:41,0
DA:42,0
DA:44,0
DA:49,0
DA:50,0
DA:51,0
DA:54,0
DA:55,0
DA:56,0
DA:58,0
LF:28
LH:0
BRDA:25,0,0,0
BRDA:33,1,0,0
BRDA:33,2,0,0
BRDA:33,2,1,0
BRDA:41,3,0,0
BRDA:50,4,0,0
BRDA:55,5,0,0
BRF:7
BRH:0
end_of_record
TN:
SF:src/modules/suppliers/suppliers.controller.ts
FN:18,(anonymous_4)
FN:21,(anonymous_5)
FN:26,(anonymous_6)
FN:31,(anonymous_7)
FNF:4
FNH:0
FNDA:0,(anonymous_4)
FNDA:0,(anonymous_5)
FNDA:0,(anonymous_6)
FNDA:0,(anonymous_7)
DA:1,0
DA:11,0
DA:12,0
DA:13,0
DA:17,0
DA:18,0
DA:21,0
DA:22,0
DA:26,0
DA:27,0
DA:31,0
DA:32,0
LF:12
LH:0
BRF:0
BRH:0
end_of_record
TN:
SF:src/modules/suppliers/suppliers.module.ts
FNF:0
FNH:0
DA:1,0
DA:2,0
DA:3,0
DA:4,0
DA:5,0
DA:6,0
DA:7,0
DA:21,0
LF:8
LH:0
BRF:0
BRH:0
end_of_record
TN:
SF:src/modules/suppliers/suppliers.service.ts
FN:12,(anonymous_4)
FN:17,(anonymous_5)
FN:103,(anonymous_6)
FN:115,(anonymous_7)
FN:119,(anonymous_8)
FNF:5
FNH:0
FNDA:0,(anonymous_4)
FNDA:0,(anonymous_5)
FNDA:0,(anonymous_6)
FNDA:0,(anonymous_7)
FNDA:0,(anonymous_8)
DA:1,0
DA:2,0
DA:3,0
DA:4,0
DA:5,0
DA:9,0
DA:10,0
DA:13,0
DA:14,0
DA:18,0
DA:21,0
DA:23,0
DA:24,0
DA:26,0
DA:27,0
DA:28,0
DA:35,0
DA:36,0
DA:44,0
DA:59,0
DA:60,0
DA:61,0
DA:63,0
DA:68,0
DA:69,0
DA:70,0
DA:74,0
DA:75,0
DA:96,0
DA:97,0
DA:98,0
DA:100,0
DA:104,0
DA:105,0
DA:106,0
DA:111,0
DA:112,0
DA:116,0
DA:120,0
DA:121,0
LF:40
LH:0
BRDA:23,0,0,0
BRDA:23,0,1,0
BRDA:27,1,0,0
BRDA:35,2,0,0
BRDA:69,3,0,0
BRDA:105,4,0,0
BRF:6
BRH:0
end_of_record
TN:
SF:src/modules/todos/todos.controller.ts
FN:10,(anonymous_4)
FN:13,(anonymous_5)
FN:18,(anonymous_6)
FN:23,(anonymous_7)
FN:33,(anonymous_8)
FNF:5
FNH:0
FNDA:0,(anonymous_4)
FNDA:0,(anonymous_5)
FNDA:0,(anonymous_6)
FNDA:0,(anonymous_7)
FNDA:0,(anonymous_8)
DA:2,0
DA:3,0
DA:4,0
DA:5,0
DA:9,0
DA:10,0
DA:13,0
DA:14,0
DA:18,0
DA:19,0
DA:23,0
DA:24,0
DA:25,0
DA:26,0
DA:28,0
DA:33,0
DA:34,0
DA:35,0
DA:36,0
LF:19
LH:0
BRDA:25,0,0,0
BRDA:35,1,0,0
BRDA:35,2,0,0
BRDA:35,2,1,0
BRF:4
BRH:0
end_of_record
TN:
SF:src/modules/todos/todos.module.ts
FNF:0
FNH:0
DA:2,0
DA:3,0
DA:4,0
DA:5,0
DA:6,0
DA:7,0
DA:17,0
LF:7
LH:0
BRF:0
BRH:0
end_of_record
TN:
SF:src/modules/todos/todos.service.ts
FN:10,(anonymous_4)
FN:12,(anonymous_5)
FN:21,(anonymous_6)
FN:25,(anonymous_7)
FN:29,(anonymous_8)
FNF:5
FNH:0
FNDA:0,(anonymous_4)
FNDA:0,(anonymous_5)
FNDA:0,(anonymous_6)
FNDA:0,(anonymous_7)
FNDA:0,(anonymous_8)
DA:2,0
DA:3,0
DA:4,0
DA:6,0
DA:9,0
DA:10,0
DA:13,0
DA:18,0
DA:22,0
DA:26,0
DA:31,0
DA:32,0
DA:33,0
DA:36,0
LF:14
LH:0
BRDA:32,0,0,0
BRF:1
BRH:0
end_of_record
TN:
SF:src/schemas/audit-log.schema.ts
FNF:0
FNH:0
DA:1,0
DA:2,0
DA:7,0
DA:9,0
DA:12,0
DA:15,0
DA:18,0
DA:21,0
DA:24,0
DA:27,0
DA:30,0
DA:31,0
DA:32,0
DA:33,0
DA:34,0
DA:35,0
LF:16
LH:0
BRF:0
BRH:0
end_of_record
TN:
SF:src/schemas/bank-reconciliation.schema.ts
FNF:0
FNH:0
DA:1,0
DA:2,0
DA:7,0
DA:9,0
DA:12,0
DA:15,0
DA:18,0
DA:21,0
DA:24,0
DA:27,0
DA:30,0
LF:11
LH:0
BRF:0
BRH:0
end_of_record
TN:
SF:src/schemas/bank-statement.schema.ts
FNF:0
FNH:0
DA:1,0
DA:2,0
DA:7,0
DA:9,0
DA:12,0
DA:15,0
DA:18,0
DA:21,0
DA:24,0
DA:29,0
DA:31,0
DA:34,0
DA:37,0
DA:40,0
DA:43,0
DA:46,0
DA:49,0
DA:52,0
LF:18
LH:0
BRF:0
BRH:0
end_of_record
TN:
SF:src/schemas/chart-of-accounts.schema.ts
FNF:0
FNH:0
DA:1,0
DA:2,0
DA:4,0
DA:15,0
DA:17,0
DA:20,0
DA:23,0
DA:26,0
DA:29,0
DA:32,0
DA:36,0
LF:11
LH:0
BRF:0
BRH:0
end_of_record
TN:
SF:src/schemas/customer.schema.ts
FNF:0
FNH:0
DA:1,0
DA:2,0
DA:7,0
DA:9,0
DA:12,0
DA:15,0
DA:18,0
DA:21,0
DA:24,0
DA:27,0
DA:30,0
DA:33,0
DA:35,0
DA:38,0
DA:40,0
DA:43,0
DA:46,0
DA:49,0
DA:52,0
DA:55,0
DA:57,0
DA:60,0
DA:62,0
DA:65,0
DA:68,0
DA:71,0
DA:74,0
DA:77,0
DA:79,0
DA:82,0
DA:84,0
DA:87,0
DA:90,0
DA:93,0
DA:96,0
DA:98,0
DA:101,0
DA:103,0
DA:106,0
DA:109,0
DA:112,0
DA:115,0
DA:118,0
DA:121,0
DA:124,0
DA:126,0
DA:129,0
DA:131,0
DA:134,0
DA:137,0
DA:140,0
DA:143,0
DA:146,0
DA:155,0
DA:158,0
DA:161,0
DA:164,0
DA:167,0
DA:170,0
DA:181,0
DA:192,0
DA:208,0
DA:211,0
DA:221,0
DA:224,0
DA:227,0
DA:230,0
DA:233,0
DA:236,0
DA:239,0
DA:242,0
DA:245,0
DA:248,0
DA:251,0
DA:254,0
DA:257,0
DA:260,0
DA:263,0
DA:266,0
DA:267,0
DA:268,0
DA:269,0
DA:270,0
DA:271,0
DA:272,0
DA:273,0
DA:274,0
DA:275,0
DA:276,0
DA:279,0
LF:90
LH:0
BRF:0
BRH:0
end_of_record
TN:
SF:src/schemas/delivery-rates.schema.ts
FNF:0
FNH:0
DA:1,0
DA:2,0
DA:7,0
DA:9,0
DA:12,0
DA:15,0
DA:18,0
DA:21,0
DA:24,0
DA:27,0
DA:30,0
DA:33,0
DA:35,0
DA:38,0
DA:40,0
DA:43,0
DA:46,0
DA:49,0
DA:52,0
DA:55,0
DA:57,0
DA:60,0
DA:62,0
DA:65,0
DA:75,0
DA:78,0
DA:81,0
DA:91,0
DA:94,0
DA:96,0
LF:30
LH:0
BRF:0
BRH:0
end_of_record
TN:
SF:src/schemas/event.schema.ts
FNF:0
FNH:0
DA:1,0
DA:2,0
DA:7,0
DA:9,0
DA:12,0
DA:15,0
DA:18,0
DA:21,0
DA:24,0
DA:27,0
DA:30,0
DA:33,0
DA:35,0
LF:13
LH:0
BRF:0
BRH:0
end_of_record
TN:
SF:src/schemas/inventory.schema.ts
FNF:0
FNH:0
DA:1,0
DA:2,0
DA:9,0
DA:11,0
DA:14,0
DA:17,0
DA:20,0
DA:23,0
DA:26,0
DA:29,0
DA:32,0
DA:35,0
DA:38,0
DA:41,0
DA:44,0
DA:55,0
DA:57,0
DA:60,0
DA:62,0
DA:65,0
DA:68,0
DA:71,0
DA:74,0
DA:77,0
DA:80,0
DA:83,0
DA:86,0
DA:89,0
DA:92,0
DA:95,0
DA:98,0
DA:107,0
DA:116,0
DA:125,0
DA:128,0
DA:131,0
DA:134,0
DA:138,0
DA:140,0
DA:143,0
DA:146,0
DA:149,0
DA:152,0
DA:155,0
DA:158,0
DA:161,0
DA:164,0
DA:167,0
DA:170,0
DA:173,0
DA:176,0
DA:184,0
DA:187,0
DA:190,0
DA:191,0
DA:195,0
DA:196,0
DA:197,0
DA:198,0
DA:199,0
DA:200,0
DA:201,0
DA:202,0
DA:203,0
DA:204,0
DA:207,0
DA:208,0
DA:209,0
DA:210,0
DA:211,0
DA:212,0
DA:213,0
LF:72
LH:0
BRF:0
BRH:0
end_of_record
TN:
SF:src/schemas/journal-entry.schema.ts
FNF:0
FNH:0
DA:1,0
DA:2,0
DA:7,0
DA:13,0
DA:16,0
DA:19,0
DA:22,0
DA:25,0
DA:28,0
DA:30,0
DA:33,0
DA:36,0
DA:39,0
DA:42,0
DA:45,0
DA:48,0
DA:49,0
DA:50,0
DA:51,0
LF:19
LH:0
BRF:0
BRH:0
end_of_record
TN:
SF:src/schemas/order.schema.ts
FNF:0
FNH:0
DA:1,0
DA:2,0
DA:8,0
DA:10,0
DA:13,0
DA:16,0
DA:19,0
DA:22,0
DA:25,0
DA:27,0
DA:30,0
DA:32,0
DA:35,0
DA:38,0
DA:41,0
DA:44,0
DA:47,0
DA:50,0
DA:53,0
DA:56,0
DA:59,0
DA:62,0
DA:65,0
DA:68,0
DA:71,0
DA:74,0
DA:77,0
DA:80,0
DA:83,0
DA:86,0
DA:88,0
DA:91,0
DA:93,0
DA:96,0
DA:109,0
DA:112,0
DA:115,0
DA:118,0
DA:121,0
DA:124,0
DA:127,0
DA:130,0
DA:132,0
DA:135,0
DA:137,0
DA:140,0
DA:143,0
DA:146,0
DA:149,0
DA:152,0
DA:155,0
DA:158,0
DA:161,0
DA:164,0
DA:167,0
DA:170,0
DA:173,0
DA:176,0
DA:179,0
DA:182,0
DA:185,0
DA:188,0
DA:191,0
DA:194,0
DA:197,0
DA:200,0
DA:203,0
DA:211,0
DA:220,0
DA:228,0
DA:231,0
DA:234,0
DA:237,0
DA:240,0
DA:243,0
DA:246,0
DA:247,0
DA:248,0
DA:249,0
DA:250,0
DA:251,0
DA:252,0
DA:253,0
DA:254,0
DA:255,0
DA:256,0
DA:257,0
DA:260,0
LF:88
LH:0
BRF:0
BRH:0
end_of_record
TN:
SF:src/schemas/payable.schema.ts
FNF:0
FNH:0
DA:1,0
DA:2,0
DA:7,0
DA:9,0
DA:12,0
DA:15,0
DA:18,0
DA:20,0
DA:23,0
DA:25,0
DA:28,0
DA:31,0
DA:34,0
DA:37,0
DA:40,0
DA:42,0
DA:45,0
DA:47,0
DA:50,0
DA:53,0
DA:56,0
DA:59,0
DA:62,0
DA:65,0
DA:68,0
DA:71,0
DA:74,0
DA:77,0
DA:80,0
DA:83,0
DA:86,0
DA:89,0
DA:92,0
DA:95,0
DA:98,0
DA:100,0
DA:101,0
DA:102,0
LF:38
LH:0
BRF:0
BRH:0
end_of_record
TN:
SF:src/schemas/payment.schema.ts
FNF:0
FNH:0
DA:1,0
DA:2,0
DA:7,0
DA:9,0
DA:17,0
DA:20,0
DA:23,0
DA:26,0
DA:29,0
DA:32,0
DA:35,0
DA:38,0
DA:41,0
DA:44,0
DA:47,0
DA:50,0
DA:53,0
DA:55,0
DA:56,0
DA:57,0
LF:20
LH:0
BRF:0
BRH:0
end_of_record
TN:
SF:src/schemas/performance-kpi.schema.ts
FNF:0
FNH:0
DA:1,0
DA:2,0
DA:7,0
DA:9,0
DA:12,0
DA:15,0
DA:18,0
DA:21,0
DA:24,0
DA:27,0
DA:30,0
DA:33,0
DA:36,0
LF:13
LH:0
BRF:0
BRH:0
end_of_record
TN:
SF:src/schemas/product.schema.ts
FNF:0
FNH:0
DA:1,0
DA:2,0
DA:7,0
DA:9,0
DA:12,0
DA:15,0
DA:18,0
DA:21,0
DA:24,0
DA:27,0
DA:30,0
DA:33,0
DA:36,0
DA:39,0
DA:46,0
DA:49,0
DA:51,0
DA:54,0
DA:57,0
DA:60,0
DA:63,0
DA:66,0
DA:69,0
DA:72,0
DA:74,0
DA:77,0
DA:79,0
DA:82,0
DA:85,0
DA:88,0
DA:91,0
DA:94,0
DA:97,0
DA:100,0
DA:103,0
DA:105,0
DA:108,0
DA:110,0
DA:113,0
DA:116,0
DA:119,0
DA:122,0
DA:125,0
DA:128,0
DA:131,0
DA:134,0
DA:137,0
DA:140,0
DA:143,0
DA:146,0
DA:149,0
DA:152,0
DA:155,0
DA:158,0
DA:161,0
DA:164,0
DA:167,0
DA:177,0
DA:186,0
DA:197,0
DA:200,0
DA:203,0
DA:206,0
DA:209,0
DA:212,0
DA:215,0
DA:218,0
DA:221,0
DA:222,0
DA:223,0
DA:224,0
DA:225,0
DA:226,0
DA:227,0
DA:228,0
LF:75
LH:0
BRF:0
BRH:0
end_of_record
TN:
SF:src/schemas/purchase-order-rating.schema.ts
FNF:0
FNH:0
DA:1,0
DA:2,0
DA:7,0
DA:9,0
DA:12,0
DA:15,0
DA:18,0
DA:21,0
DA:24,0
DA:27,0
DA:30,0
DA:32,0
DA:33,0
DA:34,0
LF:14
LH:0
BRF:0
BRH:0
end_of_record
TN:
SF:src/schemas/purchase-order.schema.ts
FNF:0
FNH:0
DA:1,0
DA:2,0
DA:7,0
DA:9,0
DA:12,0
DA:15,0
DA:18,0
DA:20,0
DA:23,0
DA:25,0
DA:28,0
DA:31,0
DA:34,0
DA:37,0
DA:40,0
DA:43,0
DA:46,0
DA:48,0
DA:51,0
DA:53,0
DA:56,0
DA:59,0
DA:62,0
DA:65,0
DA:68,0
DA:71,0
DA:74,0
DA:77,0
DA:80,0
DA:83,0
DA:86,0
DA:89,0
DA:92,0
DA:93,0
DA:94,0
DA:95,0
DA:96,0
DA:97,0
DA:98,0
DA:101,0
LF:40
LH:0
BRF:0
BRH:0
end_of_record
TN:
SF:src/schemas/recurring-payable.schema.ts
FNF:0
FNH:0
DA:1,0
DA:2,0
DA:3,0
DA:8,0
DA:10,0
DA:13,0
DA:16,0
DA:19,0
DA:22,0
DA:25,0
DA:29,0
DA:32,0
DA:35,0
DA:38,0
DA:41,0
DA:44,0
DA:47,0
DA:50,0
DA:53,0
DA:56,0
DA:58,0
LF:21
LH:0
BRF:0
BRH:0
end_of_record
TN:
SF:src/schemas/role.schema.ts
FNF:0
FNH:0
DA:1,0
DA:2,0
DA:7,0
DA:9,0
DA:12,0
DA:15,0
DA:18,0
DA:21,0
DA:23,0
LF:9
LH:0
BRF:0
BRH:0
end_of_record
TN:
SF:src/schemas/shift.schema.ts
FN:32,(anonymous_2)
FNF:1
FNH:0
FNDA:0,(anonymous_2)
DA:1,0
DA:2,0
DA:7,0
DA:9,0
DA:12,0
DA:15,0
DA:18,0
DA:21,0
DA:24,0
DA:30,0
DA:32,0
DA:33,0
DA:34,0
DA:35,0
DA:37,0
LF:15
LH:0
BRDA:33,0,0,0
BRDA:33,1,0,0
BRDA:33,1,1,0
BRF:3
BRH:0
end_of_record
TN:
SF:src/schemas/subscription-plan.schema.ts
FNF:0
FNH:0
DA:1,0
DA:7,0
DA:9,0
DA:12,0
DA:15,0
DA:18,0
DA:21,0
DA:24,0
DA:26,0
DA:29,0
DA:32,0
DA:35,0
DA:38,0
DA:41,0
DA:44,0
DA:47,0
DA:49,0
DA:50,0
LF:18
LH:0
BRF:0
BRH:0
end_of_record
TN:
SF:src/schemas/supplier.schema.ts
FNF:0
FNH:0
DA:1,0
DA:2,0
DA:7,0
DA:9,0
DA:12,0
DA:15,0
DA:18,0
DA:21,0
DA:24,0
DA:26,0
DA:29,0
DA:31,0
DA:34,0
DA:37,0
DA:40,0
DA:43,0
DA:45,0
DA:48,0
DA:50,0
DA:53,0
DA:56,0
DA:59,0
DA:62,0
DA:70,0
DA:79,0
DA:82,0
DA:85,0
DA:88,0
DA:97,0
DA:106,0
DA:118,0
DA:121,0
DA:124,0
DA:127,0
DA:130,0
DA:133,0
DA:136,0
DA:139,0
DA:142,0
DA:145,0
DA:146,0
DA:147,0
DA:148,0
DA:149,0
DA:150,0
DA:151,0
DA:152,0
DA:155,0
LF:48
LH:0
BRF:0
BRH:0
end_of_record
TN:
SF:src/schemas/tenant.schema.ts
FNF:0
FNH:0
DA:1,0
DA:7,0
DA:9,0
DA:12,0
DA:15,0
DA:18,0
DA:22,0
DA:25,0
DA:27,0
DA:35,0
DA:45,0
DA:55,0
DA:64,0
DA:74,0
DA:77,0
DA:92,0
DA:95,0
DA:97,0
DA:100,0
DA:103,0
DA:106,0
DA:109,0
DA:122,0
DA:130,0
DA:133,0
DA:136,0
DA:139,0
DA:142,0
DA:145,0
DA:153,0
DA:161,0
DA:164,0
DA:167,0
DA:170,0
DA:173,0
DA:176,0
DA:177,0
DA:178,0
DA:179,0
LF:39
LH:0
BRF:0
BRH:0
end_of_record
TN:
SF:src/schemas/todo.schema.ts
FNF:0
FNH:0
DA:1,0
DA:2,0
DA:7,0
DA:9,0
DA:12,0
DA:15,0
DA:18,0
DA:21,0
LF:8
LH:0
BRF:0
BRH:0
end_of_record
TN:
SF:src/schemas/user.schema.ts
FNF:0
FNH:0
DA:1,0
DA:2,0
DA:7,0
DA:9,0
DA:12,0
DA:15,0
DA:18,0
DA:21,0
DA:24,0
DA:27,0
DA:30,0
DA:33,0
DA:36,0
DA:39,0
DA:42,0
DA:45,0
DA:48,0
DA:51,0
DA:54,0
DA:57,0
DA:60,0
DA:63,0
DA:66,0
DA:67,0
DA:68,0
DA:69,0
DA:70,0
DA:71,0
LF:28
LH:0
BRF:0
BRH:0
end_of_record
TN:
SF:src/super-admin/super-admin.controller.ts
FN:10,(anonymous_4)
FN:13,(anonymous_5)
FN:18,(anonymous_6)
FN:23,(anonymous_7)
FN:28,(anonymous_8)
FN:33,(anonymous_9)
FN:38,(anonymous_10)
FN:43,(anonymous_11)
FN:48,(anonymous_12)
FN:53,(anonymous_13)
FNF:10
FNH:0
FNDA:0,(anonymous_4)
FNDA:0,(anonymous_5)
FNDA:0,(anonymous_6)
FNDA:0,(anonymous_7)
FNDA:0,(anonymous_8)
FNDA:0,(anonymous_9)
FNDA:0,(anonymous_10)
FNDA:0,(anonymous_11)
FNDA:0,(anonymous_12)
FNDA:0,(anonymous_13)
DA:1,0
DA:2,0
DA:3,0
DA:4,0
DA:5,0
DA:9,0
DA:10,0
DA:13,0
DA:14,0
DA:18,0
DA:19,0
DA:23,0
DA:24,0
DA:28,0
DA:29,0
DA:33,0
DA:34,0
DA:38,0
DA:39,0
DA:43,0
DA:44,0
DA:48,0
DA:49,0
DA:53,0
DA:54,0
LF:25
LH:0
BRF:0
BRH:0
end_of_record
TN:
SF:src/super-admin/super-admin.module.ts
FNF:0
FNH:0
DA:1,0
DA:2,0
DA:3,0
DA:4,0
DA:5,0
DA:6,0
DA:7,0
DA:8,0
DA:9,0
DA:24,0
LF:10
LH:0
BRF:0
BRH:0
end_of_record
TN:
SF:src/super-admin/super-admin.service.ts
FN:14,(anonymous_4)
FN:22,(anonymous_5)
FN:26,(anonymous_6)
FN:30,(anonymous_7)
FN:38,(anonymous_8)
FN:67,(anonymous_9)
FN:94,(anonymous_10)
FN:101,(anonymous_11)
FN:122,(anonymous_12)
FN:126,(anonymous_13)
FNF:10
FNH:0
FNDA:0,(anonymous_4)
FNDA:0,(anonymous_5)
FNDA:0,(anonymous_6)
FNDA:0,(anonymous_7)
FNDA:0,(anonymous_8)
FNDA:0,(anonymous_9)
FNDA:0,(anonymous_10)
FNDA:0,(anonymous_11)
FNDA:0,(anonymous_12)
FNDA:0,(anonymous_13)
DA:1,0
DA:2,0
DA:3,0
DA:4,0
DA:5,0
DA:6,0
DA:8,0
DA:9,0
DA:10,0
DA:13,0
DA:15,0
DA:16,0
DA:17,0
DA:18,0
DA:19,0
DA:23,0
DA:27,0
DA:31,0
DA:32,0
DA:33,0
DA:35,0
DA:39,0
DA:40,0
DA:41,0
DA:44,0
DA:46,0
DA:47,0
DA:48,0
DA:51,0
DA:52,0
DA:53,0
DA:56,0
DA:64,0
DA:68,0
DA:69,0
DA:70,0
DA:73,0
DA:79,0
DA:80,0
DA:83,0
DA:91,0
DA:95,0
DA:96,0
DA:97,0
DA:98,0
DA:102,0
DA:103,0
DA:104,0
DA:106,0
DA:108,0
DA:110,0
DA:119,0
DA:123,0
DA:127,0
DA:128,0
DA:129,0
DA:130,0
DA:133,0
DA:134,0
DA:135,0
DA:138,0
DA:141,0
DA:142,0
DA:143,0
DA:145,0
LF:65
LH:0
BRDA:32,0,0,0
BRDA:40,1,0,0
BRDA:46,2,0,0
BRDA:52,3,0,0
BRDA:69,4,0,0
BRDA:79,5,0,0
BRDA:103,6,0,0
BRDA:115,7,0,0
BRDA:115,7,1,0
BRF:9
BRH:0
end_of_record
TN:
SF:src/utils/logger-sanitizer.util.ts
FN:62,(anonymous_0)
FN:75,(anonymous_1)
FN:107,(anonymous_2)
FN:110,(anonymous_3)
FN:122,(anonymous_4)
FN:164,(anonymous_5)
FN:203,(anonymous_6)
FNF:7
FNH:0
FNDA:0,(anonymous_0)
FNDA:0,(anonymous_1)
FNDA:0,(anonymous_2)
FNDA:0,(anonymous_3)
FNDA:0,(anonymous_4)
FNDA:0,(anonymous_5)
FNDA:0,(anonymous_6)
DA:9,0
DA:13,0
DA:64,0
DA:65,0
DA:69,0
DA:70,0
DA:74,0
DA:75,0
DA:79,0
DA:81,0
DA:82,0
DA:83,0
DA:87,0
DA:88,0
DA:89,0
DA:91,0
DA:94,0
DA:98,0
DA:108,0
DA:110,0
DA:111,0
DA:123,0
DA:124,0
DA:127,0
DA:129,0
DA:130,0
DA:131,0
DA:134,0
DA:137,0
DA:143,0
DA:149,0
DA:154,0
DA:165,0
DA:166,0
DA:169,0
DA:172,0
DA:180,0
DA:181,0
DA:182,0
DA:185,0
DA:186,0
DA:187,0
DA:188,0
DA:193,0
DA:204,0
DA:205,0
DA:208,0
DA:209,0
LF:48
LH:0
BRDA:64,0,0,0
BRDA:64,1,0,0
BRDA:64,1,1,0
BRDA:69,2,0,0
BRDA:74,3,0,0
BRDA:82,4,0,0
BRDA:87,5,0,0
BRDA:87,5,1,0
BRDA:89,6,0,0
BRDA:89,6,1,0
BRDA:123,7,0,0
BRDA:123,8,0,0
BRDA:123,8,1,0
BRDA:165,9,0,0
BRDA:165,10,0,0
BRDA:165,10,1,0
BRDA:181,11,0,0
BRDA:187,12,0,0
BRDA:204,13,0,0
BRF:19
BRH:0
end_of_record
TN:
SF:src/utils/unit-conversion.util.ts
FN:20,(anonymous_0)
FN:39,(anonymous_1)
FN:59,(anonymous_2)
FN:64,(anonymous_3)
FN:82,(anonymous_4)
FN:99,(anonymous_5)
FN:126,(anonymous_6)
FN:149,(anonymous_7)
FN:158,(anonymous_8)
FN:164,(anonymous_9)
FN:174,(anonymous_10)
FN:191,(anonymous_11)
FNF:12
FNH:0
FNDA:0,(anonymous_0)
FNDA:0,(anonymous_1)
FNDA:0,(anonymous_2)
FNDA:0,(anonymous_3)
FNDA:0,(anonymous_4)
FNDA:0,(anonymous_5)
FNDA:0,(anonymous_6)
FNDA:0,(anonymous_7)
FNDA:0,(anonymous_8)
FNDA:0,(anonymous_9)
FNDA:0,(anonymous_10)
FNDA:0,(anonymous_11)
DA:1,0
DA:2,0
DA:11,0
DA:13,0
DA:24,0
DA:25,0
DA:27,0
DA:30,0
DA:43,0
DA:44,0
DA:46,0
DA:49,0
DA:63,0
DA:64,0
DA:67,0
DA:68,0
DA:73,0
DA:86,0
DA:87,0
DA:103,0
DA:104,0
DA:107,0
DA:108,0
DA:110,0
DA:112,0
DA:113,0
DA:132,0
DA:135,0
DA:138,0
DA:140,0
DA:153,0
DA:154,0
DA:158,0
DA:159,0
DA:160,0
DA:164,0
DA:179,0
DA:180,0
DA:181,0
DA:196,0
DA:197,0
LF:41
LH:0
BRDA:64,0,0,0
BRDA:64,0,1,0
BRDA:67,1,0,0
BRDA:86,2,0,0
BRDA:86,3,0,0
BRDA:86,3,1,0
BRDA:103,4,0,0
BRDA:112,5,0,0
BRDA:153,6,0,0
BRDA:153,7,0,0
BRDA:153,7,1,0
BRDA:158,8,0,0
BRDA:158,8,1,0
BRDA:159,9,0,0
BRDA:164,10,0,0
BRDA:164,10,1,0
BRDA:177,11,0,0
BRF:17
BRH:0
end_of_record
